running egg_info
creating ../../build/satellite_run/satellite_run.egg-info
writing ../../build/satellite_run/satellite_run.egg-info/PKG-INFO
writing dependency_links to ../../build/satellite_run/satellite_run.egg-info/dependency_links.txt
writing entry points to ../../build/satellite_run/satellite_run.egg-info/entry_points.txt
writing requirements to ../../build/satellite_run/satellite_run.egg-info/requires.txt
writing top-level names to ../../build/satellite_run/satellite_run.egg-info/top_level.txt
writing manifest file '../../build/satellite_run/satellite_run.egg-info/SOURCES.txt'
reading manifest file '../../build/satellite_run/satellite_run.egg-info/SOURCES.txt'
writing manifest file '../../build/satellite_run/satellite_run.egg-info/SOURCES.txt'
running build
running build_py
creating /home/andrew/leto/build/satellite_run/build
creating /home/andrew/leto/build/satellite_run/build/lib
creating /home/andrew/leto/build/satellite_run/build/lib/satellite_run
copying satellite_run/SatelliteRunner.py -> /home/andrew/leto/build/satellite_run/build/lib/satellite_run
copying satellite_run/__init__.py -> /home/andrew/leto/build/satellite_run/build/lib/satellite_run
running install
/usr/lib/python3/dist-packages/setuptools/command/install.py:34: SetuptoolsDeprecationWarning: setup.py install is deprecated. Use build and pip and other standards-based tools.
  warnings.warn(
running install_lib
creating /home/andrew/leto/install/satellite_run/lib/python3.10/site-packages/satellite_run
copying /home/andrew/leto/build/satellite_run/build/lib/satellite_run/SatelliteRunner.py -> /home/andrew/leto/install/satellite_run/lib/python3.10/site-packages/satellite_run
copying /home/andrew/leto/build/satellite_run/build/lib/satellite_run/__init__.py -> /home/andrew/leto/install/satellite_run/lib/python3.10/site-packages/satellite_run
byte-compiling /home/andrew/leto/install/satellite_run/lib/python3.10/site-packages/satellite_run/SatelliteRunner.py to SatelliteRunner.cpython-310.pyc
byte-compiling /home/andrew/leto/install/satellite_run/lib/python3.10/site-packages/satellite_run/__init__.py to __init__.cpython-310.pyc
running install_data
creating /home/andrew/leto/install/satellite_run/share/ament_index
creating /home/andrew/leto/install/satellite_run/share/ament_index/resource_index
creating /home/andrew/leto/install/satellite_run/share/ament_index/resource_index/packages
copying resource/satellite_run -> /home/andrew/leto/install/satellite_run/share/ament_index/resource_index/packages
copying package.xml -> /home/andrew/leto/install/satellite_run/share/satellite_run
running install_egg_info
Copying ../../build/satellite_run/satellite_run.egg-info to /home/andrew/leto/install/satellite_run/lib/python3.10/site-packages/satellite_run-0.0.0-py3.10.egg-info
running install_scripts
writing list of installed files to '/home/andrew/leto/build/satellite_run/install.log'
