[0.048s] Invoking command in '/home/andrew/leto/build/satellite_interfaces': CMAKE_PREFIX_PATH=${CMAKE_PREFIX_PATH}:/home/andrew/leto/install/satellite_run:/opt/ros/iron /usr/bin/cmake --build /home/andrew/leto/build/satellite_interfaces -- -j6 -l6
[0.086s] [  2%] Built target satellite_interfaces__rosidl_generator_type_description
[0.100s] [  2%] Built target ament_cmake_python_copy_satellite_interfaces
[0.107s] [  4%] Built target satellite_interfaces__cpp
[0.111s] [ 22%] Built target satellite_interfaces__rosidl_generator_c
[0.159s] [ 31%] Built target satellite_interfaces__rosidl_typesupport_introspection_c
[0.169s] [ 40%] Built target satellite_interfaces__rosidl_typesupport_fastrtps_cpp
[0.175s] [ 56%] Built target satellite_interfaces__rosidl_typesupport_cpp
[0.175s] [ 65%] Built target satellite_interfaces__rosidl_typesupport_fastrtps_c
[0.177s] [ 68%] Built target satellite_interfaces__rosidl_typesupport_c
[0.201s] [ 77%] Built target satellite_interfaces__rosidl_typesupport_introspection_cpp
[0.215s] [ 77%] Built target satellite_interfaces
[0.243s] [ 79%] Built target satellite_interfaces__py
[0.267s] [ 86%] Built target satellite_interfaces__rosidl_generator_py
[0.290s] [ 90%] Built target satellite_interfaces__rosidl_typesupport_fastrtps_c__pyext
[0.291s] [ 95%] Built target satellite_interfaces__rosidl_typesupport_introspection_c__pyext
[0.293s] [100%] Built target satellite_interfaces__rosidl_typesupport_c__pyext
[0.310s] running egg_info
[0.310s] writing satellite_interfaces.egg-info/PKG-INFO
[0.310s] writing dependency_links to satellite_interfaces.egg-info/dependency_links.txt
[0.310s] writing top-level names to satellite_interfaces.egg-info/top_level.txt
[0.312s] reading manifest file 'satellite_interfaces.egg-info/SOURCES.txt'
[0.316s] writing manifest file 'satellite_interfaces.egg-info/SOURCES.txt'
[0.338s] [100%] Built target ament_cmake_python_build_satellite_interfaces_egg
[0.358s] Invoked command in '/home/andrew/leto/build/satellite_interfaces' returned '0': CMAKE_PREFIX_PATH=${CMAKE_PREFIX_PATH}:/home/andrew/leto/install/satellite_run:/opt/ros/iron /usr/bin/cmake --build /home/andrew/leto/build/satellite_interfaces -- -j6 -l6
[0.593s] Invoking command in '/home/andrew/leto/build/satellite_interfaces': CMAKE_PREFIX_PATH=${CMAKE_PREFIX_PATH}:/home/andrew/leto/install/satellite_run:/opt/ros/iron /usr/bin/cmake --install /home/andrew/leto/build/satellite_interfaces
[0.606s] -- Install configuration: ""
[0.606s] -- Up-to-date: /home/andrew/leto/install/satellite_interfaces/share/ament_index/resource_index/rosidl_interfaces/satellite_interfaces
[0.606s] -- Up-to-date: /home/andrew/leto/install/satellite_interfaces/share/satellite_interfaces/srv/SatelliteName.json
[0.607s] -- Up-to-date: /home/andrew/leto/install/satellite_interfaces/share/satellite_interfaces/msg/SatelliteVec.json
[0.607s] -- Up-to-date: /home/andrew/leto/install/satellite_interfaces/include/satellite_interfaces/satellite_interfaces
[0.607s] -- Up-to-date: /home/andrew/leto/install/satellite_interfaces/include/satellite_interfaces/satellite_interfaces/msg
[0.607s] -- Up-to-date: /home/andrew/leto/install/satellite_interfaces/include/satellite_interfaces/satellite_interfaces/msg/satellite_vec.h
[0.607s] -- Up-to-date: /home/andrew/leto/install/satellite_interfaces/include/satellite_interfaces/satellite_interfaces/msg/detail
[0.607s] -- Up-to-date: /home/andrew/leto/install/satellite_interfaces/include/satellite_interfaces/satellite_interfaces/msg/detail/satellite_vec__struct.h
[0.607s] -- Up-to-date: /home/andrew/leto/install/satellite_interfaces/include/satellite_interfaces/satellite_interfaces/msg/detail/satellite_vec__description.c
[0.607s] -- Up-to-date: /home/andrew/leto/install/satellite_interfaces/include/satellite_interfaces/satellite_interfaces/msg/detail/satellite_vec__functions.h
[0.607s] -- Up-to-date: /home/andrew/leto/install/satellite_interfaces/include/satellite_interfaces/satellite_interfaces/msg/detail/satellite_vec__type_support.c
[0.609s] -- Up-to-date: /home/andrew/leto/install/satellite_interfaces/include/satellite_interfaces/satellite_interfaces/msg/detail/satellite_vec__type_support.h
[0.609s] -- Up-to-date: /home/andrew/leto/install/satellite_interfaces/include/satellite_interfaces/satellite_interfaces/msg/detail/satellite_vec__functions.c
[0.609s] -- Up-to-date: /home/andrew/leto/install/satellite_interfaces/include/satellite_interfaces/satellite_interfaces/msg/rosidl_generator_c__visibility_control.h
[0.609s] -- Up-to-date: /home/andrew/leto/install/satellite_interfaces/include/satellite_interfaces/satellite_interfaces/srv
[0.609s] -- Up-to-date: /home/andrew/leto/install/satellite_interfaces/include/satellite_interfaces/satellite_interfaces/srv/satellite_set_pos.h
[0.610s] -- Up-to-date: /home/andrew/leto/install/satellite_interfaces/include/satellite_interfaces/satellite_interfaces/srv/satellite_vec.h
[0.610s] -- Up-to-date: /home/andrew/leto/install/satellite_interfaces/include/satellite_interfaces/satellite_interfaces/srv/spawn_satellite.h
[0.610s] -- Up-to-date: /home/andrew/leto/install/satellite_interfaces/include/satellite_interfaces/satellite_interfaces/srv/satellite_name.h
[0.610s] -- Up-to-date: /home/andrew/leto/install/satellite_interfaces/include/satellite_interfaces/satellite_interfaces/srv/satellite_data.h
[0.610s] -- Up-to-date: /home/andrew/leto/install/satellite_interfaces/include/satellite_interfaces/satellite_interfaces/srv/detail
[0.610s] -- Up-to-date: /home/andrew/leto/install/satellite_interfaces/include/satellite_interfaces/satellite_interfaces/srv/detail/satellite_vec__struct.h
[0.610s] -- Up-to-date: /home/andrew/leto/install/satellite_interfaces/include/satellite_interfaces/satellite_interfaces/srv/detail/satellite_vec__description.c
[0.610s] -- Up-to-date: /home/andrew/leto/install/satellite_interfaces/include/satellite_interfaces/satellite_interfaces/srv/detail/spawn_satellite__functions.h
[0.610s] -- Up-to-date: /home/andrew/leto/install/satellite_interfaces/include/satellite_interfaces/satellite_interfaces/srv/detail/satellite_name__functions.h
[0.610s] -- Up-to-date: /home/andrew/leto/install/satellite_interfaces/include/satellite_interfaces/satellite_interfaces/srv/detail/satellite_set_pos__struct.h
[0.610s] -- Up-to-date: /home/andrew/leto/install/satellite_interfaces/include/satellite_interfaces/satellite_interfaces/srv/detail/satellite_data__functions.c
[0.611s] -- Up-to-date: /home/andrew/leto/install/satellite_interfaces/include/satellite_interfaces/satellite_interfaces/srv/detail/spawn_satellite__struct.h
[0.611s] -- Up-to-date: /home/andrew/leto/install/satellite_interfaces/include/satellite_interfaces/satellite_interfaces/srv/detail/satellite_vec__functions.h
[0.611s] -- Up-to-date: /home/andrew/leto/install/satellite_interfaces/include/satellite_interfaces/satellite_interfaces/srv/detail/satellite_data__struct.h
[0.611s] -- Up-to-date: /home/andrew/leto/install/satellite_interfaces/include/satellite_interfaces/satellite_interfaces/srv/detail/satellite_vec__type_support.c
[0.611s] -- Up-to-date: /home/andrew/leto/install/satellite_interfaces/include/satellite_interfaces/satellite_interfaces/srv/detail/satellite_name__description.c
[0.611s] -- Up-to-date: /home/andrew/leto/install/satellite_interfaces/include/satellite_interfaces/satellite_interfaces/srv/detail/satellite_data__functions.h
[0.611s] -- Up-to-date: /home/andrew/leto/install/satellite_interfaces/include/satellite_interfaces/satellite_interfaces/srv/detail/satellite_vec__type_support.h
[0.611s] -- Up-to-date: /home/andrew/leto/install/satellite_interfaces/include/satellite_interfaces/satellite_interfaces/srv/detail/spawn_satellite__type_support.h
[0.611s] -- Up-to-date: /home/andrew/leto/install/satellite_interfaces/include/satellite_interfaces/satellite_interfaces/srv/detail/spawn_satellite__functions.c
[0.611s] -- Up-to-date: /home/andrew/leto/install/satellite_interfaces/include/satellite_interfaces/satellite_interfaces/srv/detail/satellite_set_pos__type_support.c
[0.611s] -- Up-to-date: /home/andrew/leto/install/satellite_interfaces/include/satellite_interfaces/satellite_interfaces/srv/detail/satellite_data__type_support.h
[0.612s] -- Up-to-date: /home/andrew/leto/install/satellite_interfaces/include/satellite_interfaces/satellite_interfaces/srv/detail/satellite_name__functions.c
[0.612s] -- Up-to-date: /home/andrew/leto/install/satellite_interfaces/include/satellite_interfaces/satellite_interfaces/srv/detail/satellite_vec__functions.c
[0.612s] -- Up-to-date: /home/andrew/leto/install/satellite_interfaces/include/satellite_interfaces/satellite_interfaces/srv/detail/satellite_data__description.c
[0.612s] -- Up-to-date: /home/andrew/leto/install/satellite_interfaces/include/satellite_interfaces/satellite_interfaces/srv/detail/spawn_satellite__type_support.c
[0.612s] -- Up-to-date: /home/andrew/leto/install/satellite_interfaces/include/satellite_interfaces/satellite_interfaces/srv/detail/satellite_set_pos__type_support.h
[0.612s] -- Up-to-date: /home/andrew/leto/install/satellite_interfaces/include/satellite_interfaces/satellite_interfaces/srv/detail/satellite_set_pos__functions.h
[0.612s] -- Up-to-date: /home/andrew/leto/install/satellite_interfaces/include/satellite_interfaces/satellite_interfaces/srv/detail/satellite_name__struct.h
[0.612s] -- Up-to-date: /home/andrew/leto/install/satellite_interfaces/include/satellite_interfaces/satellite_interfaces/srv/detail/spawn_satellite__description.c
[0.612s] -- Up-to-date: /home/andrew/leto/install/satellite_interfaces/include/satellite_interfaces/satellite_interfaces/srv/detail/satellite_name__type_support.c
[0.612s] -- Up-to-date: /home/andrew/leto/install/satellite_interfaces/include/satellite_interfaces/satellite_interfaces/srv/detail/satellite_set_pos__functions.c
[0.612s] -- Up-to-date: /home/andrew/leto/install/satellite_interfaces/include/satellite_interfaces/satellite_interfaces/srv/detail/satellite_set_pos__description.c
[0.613s] -- Up-to-date: /home/andrew/leto/install/satellite_interfaces/include/satellite_interfaces/satellite_interfaces/srv/detail/satellite_name__type_support.h
[0.613s] -- Up-to-date: /home/andrew/leto/install/satellite_interfaces/include/satellite_interfaces/satellite_interfaces/srv/detail/satellite_data__type_support.c
[0.613s] -- Up-to-date: /home/andrew/leto/install/satellite_interfaces/share/satellite_interfaces/environment/library_path.sh
[0.613s] -- Up-to-date: /home/andrew/leto/install/satellite_interfaces/share/satellite_interfaces/environment/library_path.dsv
[0.613s] -- Up-to-date: /home/andrew/leto/install/satellite_interfaces/lib/libsatellite_interfaces__rosidl_generator_c.so
[0.613s] -- Up-to-date: /home/andrew/leto/install/satellite_interfaces/include/satellite_interfaces/satellite_interfaces
[0.613s] -- Up-to-date: /home/andrew/leto/install/satellite_interfaces/include/satellite_interfaces/satellite_interfaces/msg
[0.613s] -- Up-to-date: /home/andrew/leto/install/satellite_interfaces/include/satellite_interfaces/satellite_interfaces/msg/rosidl_typesupport_fastrtps_c__visibility_control.h
[0.613s] -- Up-to-date: /home/andrew/leto/install/satellite_interfaces/include/satellite_interfaces/satellite_interfaces/msg/detail
[0.613s] -- Up-to-date: /home/andrew/leto/install/satellite_interfaces/include/satellite_interfaces/satellite_interfaces/msg/detail/satellite_vec__rosidl_typesupport_fastrtps_c.h
[0.613s] -- Up-to-date: /home/andrew/leto/install/satellite_interfaces/include/satellite_interfaces/satellite_interfaces/srv
[0.613s] -- Up-to-date: /home/andrew/leto/install/satellite_interfaces/include/satellite_interfaces/satellite_interfaces/srv/detail
[0.614s] -- Up-to-date: /home/andrew/leto/install/satellite_interfaces/include/satellite_interfaces/satellite_interfaces/srv/detail/satellite_set_pos__rosidl_typesupport_fastrtps_c.h
[0.614s] -- Up-to-date: /home/andrew/leto/install/satellite_interfaces/include/satellite_interfaces/satellite_interfaces/srv/detail/spawn_satellite__rosidl_typesupport_fastrtps_c.h
[0.614s] -- Up-to-date: /home/andrew/leto/install/satellite_interfaces/include/satellite_interfaces/satellite_interfaces/srv/detail/satellite_vec__rosidl_typesupport_fastrtps_c.h
[0.614s] -- Up-to-date: /home/andrew/leto/install/satellite_interfaces/include/satellite_interfaces/satellite_interfaces/srv/detail/satellite_name__rosidl_typesupport_fastrtps_c.h
[0.614s] -- Up-to-date: /home/andrew/leto/install/satellite_interfaces/include/satellite_interfaces/satellite_interfaces/srv/detail/satellite_data__rosidl_typesupport_fastrtps_c.h
[0.614s] -- Up-to-date: /home/andrew/leto/install/satellite_interfaces/lib/libsatellite_interfaces__rosidl_typesupport_fastrtps_c.so
[0.614s] -- Up-to-date: /home/andrew/leto/install/satellite_interfaces/include/satellite_interfaces/satellite_interfaces
[0.614s] -- Up-to-date: /home/andrew/leto/install/satellite_interfaces/include/satellite_interfaces/satellite_interfaces/msg
[0.614s] -- Up-to-date: /home/andrew/leto/install/satellite_interfaces/include/satellite_interfaces/satellite_interfaces/msg/satellite_vec.hpp
[0.614s] -- Up-to-date: /home/andrew/leto/install/satellite_interfaces/include/satellite_interfaces/satellite_interfaces/msg/detail
[0.614s] -- Up-to-date: /home/andrew/leto/install/satellite_interfaces/include/satellite_interfaces/satellite_interfaces/msg/detail/satellite_vec__struct.hpp
[0.614s] -- Up-to-date: /home/andrew/leto/install/satellite_interfaces/include/satellite_interfaces/satellite_interfaces/msg/detail/satellite_vec__builder.hpp
[0.614s] -- Up-to-date: /home/andrew/leto/install/satellite_interfaces/include/satellite_interfaces/satellite_interfaces/msg/detail/satellite_vec__traits.hpp
[0.615s] -- Up-to-date: /home/andrew/leto/install/satellite_interfaces/include/satellite_interfaces/satellite_interfaces/srv
[0.615s] -- Up-to-date: /home/andrew/leto/install/satellite_interfaces/include/satellite_interfaces/satellite_interfaces/srv/satellite_data.hpp
[0.615s] -- Up-to-date: /home/andrew/leto/install/satellite_interfaces/include/satellite_interfaces/satellite_interfaces/srv/satellite_set_pos.hpp
[0.615s] -- Up-to-date: /home/andrew/leto/install/satellite_interfaces/include/satellite_interfaces/satellite_interfaces/srv/satellite_vec.hpp
[0.615s] -- Up-to-date: /home/andrew/leto/install/satellite_interfaces/include/satellite_interfaces/satellite_interfaces/srv/satellite_name.hpp
[0.615s] -- Up-to-date: /home/andrew/leto/install/satellite_interfaces/include/satellite_interfaces/satellite_interfaces/srv/spawn_satellite.hpp
[0.615s] -- Up-to-date: /home/andrew/leto/install/satellite_interfaces/include/satellite_interfaces/satellite_interfaces/srv/detail
[0.615s] -- Up-to-date: /home/andrew/leto/install/satellite_interfaces/include/satellite_interfaces/satellite_interfaces/srv/detail/satellite_vec__struct.hpp
[0.615s] -- Up-to-date: /home/andrew/leto/install/satellite_interfaces/include/satellite_interfaces/satellite_interfaces/srv/detail/spawn_satellite__traits.hpp
[0.615s] -- Up-to-date: /home/andrew/leto/install/satellite_interfaces/include/satellite_interfaces/satellite_interfaces/srv/detail/satellite_set_pos__traits.hpp
[0.615s] -- Up-to-date: /home/andrew/leto/install/satellite_interfaces/include/satellite_interfaces/satellite_interfaces/srv/detail/satellite_vec__builder.hpp
[0.615s] -- Up-to-date: /home/andrew/leto/install/satellite_interfaces/include/satellite_interfaces/satellite_interfaces/srv/detail/spawn_satellite__struct.hpp
[0.615s] -- Up-to-date: /home/andrew/leto/install/satellite_interfaces/include/satellite_interfaces/satellite_interfaces/srv/detail/satellite_data__traits.hpp
[0.616s] -- Up-to-date: /home/andrew/leto/install/satellite_interfaces/include/satellite_interfaces/satellite_interfaces/srv/detail/satellite_data__builder.hpp
[0.616s] -- Up-to-date: /home/andrew/leto/install/satellite_interfaces/include/satellite_interfaces/satellite_interfaces/srv/detail/satellite_data__struct.hpp
[0.616s] -- Up-to-date: /home/andrew/leto/install/satellite_interfaces/include/satellite_interfaces/satellite_interfaces/srv/detail/satellite_name__struct.hpp
[0.616s] -- Up-to-date: /home/andrew/leto/install/satellite_interfaces/include/satellite_interfaces/satellite_interfaces/srv/detail/satellite_set_pos__struct.hpp
[0.616s] -- Up-to-date: /home/andrew/leto/install/satellite_interfaces/include/satellite_interfaces/satellite_interfaces/srv/detail/satellite_name__builder.hpp
[0.616s] -- Up-to-date: /home/andrew/leto/install/satellite_interfaces/include/satellite_interfaces/satellite_interfaces/srv/detail/satellite_name__traits.hpp
[0.616s] -- Up-to-date: /home/andrew/leto/install/satellite_interfaces/include/satellite_interfaces/satellite_interfaces/srv/detail/satellite_vec__traits.hpp
[0.616s] -- Up-to-date: /home/andrew/leto/install/satellite_interfaces/include/satellite_interfaces/satellite_interfaces/srv/detail/spawn_satellite__builder.hpp
[0.616s] -- Up-to-date: /home/andrew/leto/install/satellite_interfaces/include/satellite_interfaces/satellite_interfaces/srv/detail/satellite_set_pos__builder.hpp
[0.616s] -- Up-to-date: /home/andrew/leto/install/satellite_interfaces/include/satellite_interfaces/satellite_interfaces
[0.616s] -- Up-to-date: /home/andrew/leto/install/satellite_interfaces/include/satellite_interfaces/satellite_interfaces/msg
[0.616s] -- Up-to-date: /home/andrew/leto/install/satellite_interfaces/include/satellite_interfaces/satellite_interfaces/msg/detail
[0.616s] -- Up-to-date: /home/andrew/leto/install/satellite_interfaces/include/satellite_interfaces/satellite_interfaces/msg/detail/satellite_vec__rosidl_typesupport_fastrtps_cpp.hpp
[0.616s] -- Up-to-date: /home/andrew/leto/install/satellite_interfaces/include/satellite_interfaces/satellite_interfaces/msg/detail/dds_fastrtps
[0.616s] -- Up-to-date: /home/andrew/leto/install/satellite_interfaces/include/satellite_interfaces/satellite_interfaces/msg/rosidl_typesupport_fastrtps_cpp__visibility_control.h
[0.616s] -- Up-to-date: /home/andrew/leto/install/satellite_interfaces/include/satellite_interfaces/satellite_interfaces/srv
[0.616s] -- Up-to-date: /home/andrew/leto/install/satellite_interfaces/include/satellite_interfaces/satellite_interfaces/srv/detail
[0.616s] -- Up-to-date: /home/andrew/leto/install/satellite_interfaces/include/satellite_interfaces/satellite_interfaces/srv/detail/satellite_vec__rosidl_typesupport_fastrtps_cpp.hpp
[0.616s] -- Up-to-date: /home/andrew/leto/install/satellite_interfaces/include/satellite_interfaces/satellite_interfaces/srv/detail/satellite_name__rosidl_typesupport_fastrtps_cpp.hpp
[0.616s] -- Up-to-date: /home/andrew/leto/install/satellite_interfaces/include/satellite_interfaces/satellite_interfaces/srv/detail/spawn_satellite__rosidl_typesupport_fastrtps_cpp.hpp
[0.616s] -- Up-to-date: /home/andrew/leto/install/satellite_interfaces/include/satellite_interfaces/satellite_interfaces/srv/detail/dds_fastrtps
[0.616s] -- Up-to-date: /home/andrew/leto/install/satellite_interfaces/include/satellite_interfaces/satellite_interfaces/srv/detail/satellite_set_pos__rosidl_typesupport_fastrtps_cpp.hpp
[0.617s] -- Up-to-date: /home/andrew/leto/install/satellite_interfaces/include/satellite_interfaces/satellite_interfaces/srv/detail/satellite_data__rosidl_typesupport_fastrtps_cpp.hpp
[0.617s] -- Up-to-date: /home/andrew/leto/install/satellite_interfaces/lib/libsatellite_interfaces__rosidl_typesupport_fastrtps_cpp.so
[0.617s] -- Up-to-date: /home/andrew/leto/install/satellite_interfaces/include/satellite_interfaces/satellite_interfaces
[0.617s] -- Up-to-date: /home/andrew/leto/install/satellite_interfaces/include/satellite_interfaces/satellite_interfaces/msg
[0.617s] -- Up-to-date: /home/andrew/leto/install/satellite_interfaces/include/satellite_interfaces/satellite_interfaces/msg/rosidl_typesupport_introspection_c__visibility_control.h
[0.617s] -- Up-to-date: /home/andrew/leto/install/satellite_interfaces/include/satellite_interfaces/satellite_interfaces/msg/detail
[0.617s] -- Up-to-date: /home/andrew/leto/install/satellite_interfaces/include/satellite_interfaces/satellite_interfaces/msg/detail/satellite_vec__type_support.c
[0.617s] -- Up-to-date: /home/andrew/leto/install/satellite_interfaces/include/satellite_interfaces/satellite_interfaces/msg/detail/satellite_vec__rosidl_typesupport_introspection_c.h
[0.617s] -- Up-to-date: /home/andrew/leto/install/satellite_interfaces/include/satellite_interfaces/satellite_interfaces/srv
[0.617s] -- Up-to-date: /home/andrew/leto/install/satellite_interfaces/include/satellite_interfaces/satellite_interfaces/srv/detail
[0.617s] -- Up-to-date: /home/andrew/leto/install/satellite_interfaces/include/satellite_interfaces/satellite_interfaces/srv/detail/satellite_vec__type_support.c
[0.617s] -- Up-to-date: /home/andrew/leto/install/satellite_interfaces/include/satellite_interfaces/satellite_interfaces/srv/detail/spawn_satellite__rosidl_typesupport_introspection_c.h
[0.617s] -- Up-to-date: /home/andrew/leto/install/satellite_interfaces/include/satellite_interfaces/satellite_interfaces/srv/detail/satellite_set_pos__type_support.c
[0.617s] -- Up-to-date: /home/andrew/leto/install/satellite_interfaces/include/satellite_interfaces/satellite_interfaces/srv/detail/satellite_name__rosidl_typesupport_introspection_c.h
[0.617s] -- Up-to-date: /home/andrew/leto/install/satellite_interfaces/include/satellite_interfaces/satellite_interfaces/srv/detail/satellite_set_pos__rosidl_typesupport_introspection_c.h
[0.617s] -- Up-to-date: /home/andrew/leto/install/satellite_interfaces/include/satellite_interfaces/satellite_interfaces/srv/detail/satellite_vec__rosidl_typesupport_introspection_c.h
[0.617s] -- Up-to-date: /home/andrew/leto/install/satellite_interfaces/include/satellite_interfaces/satellite_interfaces/srv/detail/spawn_satellite__type_support.c
[0.617s] -- Up-to-date: /home/andrew/leto/install/satellite_interfaces/include/satellite_interfaces/satellite_interfaces/srv/detail/satellite_name__type_support.c
[0.617s] -- Up-to-date: /home/andrew/leto/install/satellite_interfaces/include/satellite_interfaces/satellite_interfaces/srv/detail/satellite_data__rosidl_typesupport_introspection_c.h
[0.617s] -- Up-to-date: /home/andrew/leto/install/satellite_interfaces/include/satellite_interfaces/satellite_interfaces/srv/detail/satellite_data__type_support.c
[0.617s] -- Up-to-date: /home/andrew/leto/install/satellite_interfaces/lib/libsatellite_interfaces__rosidl_typesupport_introspection_c.so
[0.617s] -- Up-to-date: /home/andrew/leto/install/satellite_interfaces/lib/libsatellite_interfaces__rosidl_typesupport_c.so
[0.617s] -- Up-to-date: /home/andrew/leto/install/satellite_interfaces/include/satellite_interfaces/satellite_interfaces
[0.617s] -- Up-to-date: /home/andrew/leto/install/satellite_interfaces/include/satellite_interfaces/satellite_interfaces/msg
[0.617s] -- Up-to-date: /home/andrew/leto/install/satellite_interfaces/include/satellite_interfaces/satellite_interfaces/msg/detail
[0.617s] -- Up-to-date: /home/andrew/leto/install/satellite_interfaces/include/satellite_interfaces/satellite_interfaces/msg/detail/satellite_vec__rosidl_typesupport_introspection_cpp.hpp
[0.617s] -- Up-to-date: /home/andrew/leto/install/satellite_interfaces/include/satellite_interfaces/satellite_interfaces/msg/detail/satellite_vec__type_support.cpp
[0.617s] -- Up-to-date: /home/andrew/leto/install/satellite_interfaces/include/satellite_interfaces/satellite_interfaces/srv
[0.617s] -- Up-to-date: /home/andrew/leto/install/satellite_interfaces/include/satellite_interfaces/satellite_interfaces/srv/detail
[0.618s] -- Up-to-date: /home/andrew/leto/install/satellite_interfaces/include/satellite_interfaces/satellite_interfaces/srv/detail/satellite_vec__rosidl_typesupport_introspection_cpp.hpp
[0.618s] -- Up-to-date: /home/andrew/leto/install/satellite_interfaces/include/satellite_interfaces/satellite_interfaces/srv/detail/satellite_set_pos__type_support.cpp
[0.618s] -- Up-to-date: /home/andrew/leto/install/satellite_interfaces/include/satellite_interfaces/satellite_interfaces/srv/detail/satellite_set_pos__rosidl_typesupport_introspection_cpp.hpp
[0.618s] -- Up-to-date: /home/andrew/leto/install/satellite_interfaces/include/satellite_interfaces/satellite_interfaces/srv/detail/satellite_data__rosidl_typesupport_introspection_cpp.hpp
[0.618s] -- Up-to-date: /home/andrew/leto/install/satellite_interfaces/include/satellite_interfaces/satellite_interfaces/srv/detail/spawn_satellite__rosidl_typesupport_introspection_cpp.hpp
[0.618s] -- Up-to-date: /home/andrew/leto/install/satellite_interfaces/include/satellite_interfaces/satellite_interfaces/srv/detail/satellite_name__rosidl_typesupport_introspection_cpp.hpp
[0.618s] -- Up-to-date: /home/andrew/leto/install/satellite_interfaces/include/satellite_interfaces/satellite_interfaces/srv/detail/satellite_vec__type_support.cpp
[0.618s] -- Up-to-date: /home/andrew/leto/install/satellite_interfaces/include/satellite_interfaces/satellite_interfaces/srv/detail/spawn_satellite__type_support.cpp
[0.618s] -- Up-to-date: /home/andrew/leto/install/satellite_interfaces/include/satellite_interfaces/satellite_interfaces/srv/detail/satellite_data__type_support.cpp
[0.618s] -- Up-to-date: /home/andrew/leto/install/satellite_interfaces/include/satellite_interfaces/satellite_interfaces/srv/detail/satellite_name__type_support.cpp
[0.618s] -- Up-to-date: /home/andrew/leto/install/satellite_interfaces/lib/libsatellite_interfaces__rosidl_typesupport_introspection_cpp.so
[0.618s] -- Up-to-date: /home/andrew/leto/install/satellite_interfaces/lib/libsatellite_interfaces__rosidl_typesupport_cpp.so
[0.618s] -- Up-to-date: /home/andrew/leto/install/satellite_interfaces/share/satellite_interfaces/environment/pythonpath.sh
[0.618s] -- Up-to-date: /home/andrew/leto/install/satellite_interfaces/share/satellite_interfaces/environment/pythonpath.dsv
[0.618s] -- Up-to-date: /home/andrew/leto/install/satellite_interfaces/lib/python3.10/site-packages/satellite_interfaces-0.0.0-py3.10.egg-info
[0.618s] -- Installing: /home/andrew/leto/install/satellite_interfaces/lib/python3.10/site-packages/satellite_interfaces-0.0.0-py3.10.egg-info/dependency_links.txt
[0.618s] -- Installing: /home/andrew/leto/install/satellite_interfaces/lib/python3.10/site-packages/satellite_interfaces-0.0.0-py3.10.egg-info/PKG-INFO
[0.618s] -- Installing: /home/andrew/leto/install/satellite_interfaces/lib/python3.10/site-packages/satellite_interfaces-0.0.0-py3.10.egg-info/SOURCES.txt
[0.618s] -- Installing: /home/andrew/leto/install/satellite_interfaces/lib/python3.10/site-packages/satellite_interfaces-0.0.0-py3.10.egg-info/top_level.txt
[0.618s] -- Up-to-date: /home/andrew/leto/install/satellite_interfaces/lib/python3.10/site-packages/satellite_interfaces
[0.618s] -- Up-to-date: /home/andrew/leto/install/satellite_interfaces/lib/python3.10/site-packages/satellite_interfaces/msg
[0.618s] -- Up-to-date: /home/andrew/leto/install/satellite_interfaces/lib/python3.10/site-packages/satellite_interfaces/msg/_satellite_vec.py
[0.618s] -- Up-to-date: /home/andrew/leto/install/satellite_interfaces/lib/python3.10/site-packages/satellite_interfaces/msg/_satellite_vec_s.c
[0.618s] -- Up-to-date: /home/andrew/leto/install/satellite_interfaces/lib/python3.10/site-packages/satellite_interfaces/msg/__init__.py
[0.618s] -- Up-to-date: /home/andrew/leto/install/satellite_interfaces/lib/python3.10/site-packages/satellite_interfaces/libsatellite_interfaces__rosidl_generator_py.so
[0.618s] -- Up-to-date: /home/andrew/leto/install/satellite_interfaces/lib/python3.10/site-packages/satellite_interfaces/satellite_interfaces_s__rosidl_typesupport_c.cpython-310-x86_64-linux-gnu.so
[0.618s] -- Up-to-date: /home/andrew/leto/install/satellite_interfaces/lib/python3.10/site-packages/satellite_interfaces/srv
[0.618s] -- Up-to-date: /home/andrew/leto/install/satellite_interfaces/lib/python3.10/site-packages/satellite_interfaces/srv/_satellite_data_s.c
[0.618s] -- Up-to-date: /home/andrew/leto/install/satellite_interfaces/lib/python3.10/site-packages/satellite_interfaces/srv/_satellite_vec.py
[0.619s] -- Up-to-date: /home/andrew/leto/install/satellite_interfaces/lib/python3.10/site-packages/satellite_interfaces/srv/_satellite_name_s.c
[0.619s] -- Up-to-date: /home/andrew/leto/install/satellite_interfaces/lib/python3.10/site-packages/satellite_interfaces/srv/_spawn_satellite_s.c
[0.619s] -- Up-to-date: /home/andrew/leto/install/satellite_interfaces/lib/python3.10/site-packages/satellite_interfaces/srv/_spawn_satellite.py
[0.619s] -- Up-to-date: /home/andrew/leto/install/satellite_interfaces/lib/python3.10/site-packages/satellite_interfaces/srv/_satellite_data.py
[0.619s] -- Up-to-date: /home/andrew/leto/install/satellite_interfaces/lib/python3.10/site-packages/satellite_interfaces/srv/_satellite_set_pos_s.c
[0.619s] -- Up-to-date: /home/andrew/leto/install/satellite_interfaces/lib/python3.10/site-packages/satellite_interfaces/srv/_satellite_vec_s.c
[0.619s] -- Up-to-date: /home/andrew/leto/install/satellite_interfaces/lib/python3.10/site-packages/satellite_interfaces/srv/__init__.py
[0.619s] -- Up-to-date: /home/andrew/leto/install/satellite_interfaces/lib/python3.10/site-packages/satellite_interfaces/srv/_satellite_name.py
[0.619s] -- Up-to-date: /home/andrew/leto/install/satellite_interfaces/lib/python3.10/site-packages/satellite_interfaces/srv/_satellite_set_pos.py
[0.619s] -- Up-to-date: /home/andrew/leto/install/satellite_interfaces/lib/python3.10/site-packages/satellite_interfaces/_satellite_interfaces_s.ep.rosidl_typesupport_c.c
[0.619s] -- Up-to-date: /home/andrew/leto/install/satellite_interfaces/lib/python3.10/site-packages/satellite_interfaces/satellite_interfaces_s__rosidl_typesupport_introspection_c.cpython-310-x86_64-linux-gnu.so
[0.619s] -- Up-to-date: /home/andrew/leto/install/satellite_interfaces/lib/python3.10/site-packages/satellite_interfaces/_satellite_interfaces_s.ep.rosidl_typesupport_fastrtps_c.c
[0.619s] -- Up-to-date: /home/andrew/leto/install/satellite_interfaces/lib/python3.10/site-packages/satellite_interfaces/satellite_interfaces_s__rosidl_typesupport_fastrtps_c.cpython-310-x86_64-linux-gnu.so
[0.619s] -- Up-to-date: /home/andrew/leto/install/satellite_interfaces/lib/python3.10/site-packages/satellite_interfaces/__init__.py
[0.619s] -- Up-to-date: /home/andrew/leto/install/satellite_interfaces/lib/python3.10/site-packages/satellite_interfaces/_satellite_interfaces_s.ep.rosidl_typesupport_introspection_c.c
[0.648s] Listing '/home/andrew/leto/install/satellite_interfaces/lib/python3.10/site-packages/satellite_interfaces'...
[0.648s] Listing '/home/andrew/leto/install/satellite_interfaces/lib/python3.10/site-packages/satellite_interfaces/msg'...
[0.649s] Listing '/home/andrew/leto/install/satellite_interfaces/lib/python3.10/site-packages/satellite_interfaces/srv'...
[0.653s] -- Up-to-date: /home/andrew/leto/install/satellite_interfaces/lib/python3.10/site-packages/satellite_interfaces/satellite_interfaces_s__rosidl_typesupport_fastrtps_c.cpython-310-x86_64-linux-gnu.so
[0.653s] -- Up-to-date: /home/andrew/leto/install/satellite_interfaces/lib/python3.10/site-packages/satellite_interfaces/satellite_interfaces_s__rosidl_typesupport_introspection_c.cpython-310-x86_64-linux-gnu.so
[0.653s] -- Up-to-date: /home/andrew/leto/install/satellite_interfaces/lib/python3.10/site-packages/satellite_interfaces/satellite_interfaces_s__rosidl_typesupport_c.cpython-310-x86_64-linux-gnu.so
[0.653s] -- Up-to-date: /home/andrew/leto/install/satellite_interfaces/lib/libsatellite_interfaces__rosidl_generator_py.so
[0.653s] -- Up-to-date: /home/andrew/leto/install/satellite_interfaces/share/satellite_interfaces/srv/SatelliteName.idl
[0.653s] -- Up-to-date: /home/andrew/leto/install/satellite_interfaces/share/satellite_interfaces/msg/SatelliteVec.idl
[0.653s] -- Up-to-date: /home/andrew/leto/install/satellite_interfaces/share/satellite_interfaces/srv/SatelliteName.srv
[0.654s] -- Up-to-date: /home/andrew/leto/install/satellite_interfaces/share/satellite_interfaces/srv/SatelliteName_Request.msg
[0.654s] -- Up-to-date: /home/andrew/leto/install/satellite_interfaces/share/satellite_interfaces/srv/SatelliteName_Response.msg
[0.654s] -- Up-to-date: /home/andrew/leto/install/satellite_interfaces/share/satellite_interfaces/msg/SatelliteVec.msg
[0.654s] -- Up-to-date: /home/andrew/leto/install/satellite_interfaces/share/ament_index/resource_index/package_run_dependencies/satellite_interfaces
[0.654s] -- Up-to-date: /home/andrew/leto/install/satellite_interfaces/share/ament_index/resource_index/parent_prefix_path/satellite_interfaces
[0.654s] -- Up-to-date: /home/andrew/leto/install/satellite_interfaces/share/satellite_interfaces/environment/ament_prefix_path.sh
[0.654s] -- Up-to-date: /home/andrew/leto/install/satellite_interfaces/share/satellite_interfaces/environment/ament_prefix_path.dsv
[0.654s] -- Up-to-date: /home/andrew/leto/install/satellite_interfaces/share/satellite_interfaces/environment/path.sh
[0.654s] -- Up-to-date: /home/andrew/leto/install/satellite_interfaces/share/satellite_interfaces/environment/path.dsv
[0.654s] -- Up-to-date: /home/andrew/leto/install/satellite_interfaces/share/satellite_interfaces/local_setup.bash
[0.654s] -- Up-to-date: /home/andrew/leto/install/satellite_interfaces/share/satellite_interfaces/local_setup.sh
[0.655s] -- Up-to-date: /home/andrew/leto/install/satellite_interfaces/share/satellite_interfaces/local_setup.zsh
[0.655s] -- Up-to-date: /home/andrew/leto/install/satellite_interfaces/share/satellite_interfaces/local_setup.dsv
[0.655s] -- Installing: /home/andrew/leto/install/satellite_interfaces/share/satellite_interfaces/package.dsv
[0.655s] -- Up-to-date: /home/andrew/leto/install/satellite_interfaces/share/ament_index/resource_index/packages/satellite_interfaces
[0.655s] -- Up-to-date: /home/andrew/leto/install/satellite_interfaces/share/satellite_interfaces/cmake/export_satellite_interfaces__rosidl_generator_cExport.cmake
[0.655s] -- Up-to-date: /home/andrew/leto/install/satellite_interfaces/share/satellite_interfaces/cmake/export_satellite_interfaces__rosidl_generator_cExport-noconfig.cmake
[0.655s] -- Up-to-date: /home/andrew/leto/install/satellite_interfaces/share/satellite_interfaces/cmake/export_satellite_interfaces__rosidl_typesupport_fastrtps_cExport.cmake
[0.655s] -- Up-to-date: /home/andrew/leto/install/satellite_interfaces/share/satellite_interfaces/cmake/export_satellite_interfaces__rosidl_typesupport_fastrtps_cExport-noconfig.cmake
[0.655s] -- Up-to-date: /home/andrew/leto/install/satellite_interfaces/share/satellite_interfaces/cmake/export_satellite_interfaces__rosidl_generator_cppExport.cmake
[0.655s] -- Up-to-date: /home/andrew/leto/install/satellite_interfaces/share/satellite_interfaces/cmake/export_satellite_interfaces__rosidl_typesupport_fastrtps_cppExport.cmake
[0.655s] -- Up-to-date: /home/andrew/leto/install/satellite_interfaces/share/satellite_interfaces/cmake/export_satellite_interfaces__rosidl_typesupport_fastrtps_cppExport-noconfig.cmake
[0.656s] -- Up-to-date: /home/andrew/leto/install/satellite_interfaces/share/satellite_interfaces/cmake/satellite_interfaces__rosidl_typesupport_introspection_cExport.cmake
[0.656s] -- Up-to-date: /home/andrew/leto/install/satellite_interfaces/share/satellite_interfaces/cmake/satellite_interfaces__rosidl_typesupport_introspection_cExport-noconfig.cmake
[0.656s] -- Up-to-date: /home/andrew/leto/install/satellite_interfaces/share/satellite_interfaces/cmake/satellite_interfaces__rosidl_typesupport_cExport.cmake
[0.656s] -- Up-to-date: /home/andrew/leto/install/satellite_interfaces/share/satellite_interfaces/cmake/satellite_interfaces__rosidl_typesupport_cExport-noconfig.cmake
[0.656s] -- Up-to-date: /home/andrew/leto/install/satellite_interfaces/share/satellite_interfaces/cmake/satellite_interfaces__rosidl_typesupport_introspection_cppExport.cmake
[0.656s] -- Up-to-date: /home/andrew/leto/install/satellite_interfaces/share/satellite_interfaces/cmake/satellite_interfaces__rosidl_typesupport_introspection_cppExport-noconfig.cmake
[0.656s] -- Up-to-date: /home/andrew/leto/install/satellite_interfaces/share/satellite_interfaces/cmake/satellite_interfaces__rosidl_typesupport_cppExport.cmake
[0.656s] -- Up-to-date: /home/andrew/leto/install/satellite_interfaces/share/satellite_interfaces/cmake/satellite_interfaces__rosidl_typesupport_cppExport-noconfig.cmake
[0.656s] -- Up-to-date: /home/andrew/leto/install/satellite_interfaces/share/satellite_interfaces/cmake/export_satellite_interfaces__rosidl_generator_pyExport.cmake
[0.656s] -- Up-to-date: /home/andrew/leto/install/satellite_interfaces/share/satellite_interfaces/cmake/export_satellite_interfaces__rosidl_generator_pyExport-noconfig.cmake
[0.656s] -- Up-to-date: /home/andrew/leto/install/satellite_interfaces/share/satellite_interfaces/cmake/rosidl_cmake-extras.cmake
[0.656s] -- Up-to-date: /home/andrew/leto/install/satellite_interfaces/share/satellite_interfaces/cmake/ament_cmake_export_dependencies-extras.cmake
[0.656s] -- Up-to-date: /home/andrew/leto/install/satellite_interfaces/share/satellite_interfaces/cmake/ament_cmake_export_include_directories-extras.cmake
[0.656s] -- Up-to-date: /home/andrew/leto/install/satellite_interfaces/share/satellite_interfaces/cmake/ament_cmake_export_libraries-extras.cmake
[0.656s] -- Up-to-date: /home/andrew/leto/install/satellite_interfaces/share/satellite_interfaces/cmake/ament_cmake_export_targets-extras.cmake
[0.656s] -- Up-to-date: /home/andrew/leto/install/satellite_interfaces/share/satellite_interfaces/cmake/rosidl_cmake_export_typesupport_targets-extras.cmake
[0.657s] -- Up-to-date: /home/andrew/leto/install/satellite_interfaces/share/satellite_interfaces/cmake/rosidl_cmake_export_typesupport_libraries-extras.cmake
[0.657s] -- Up-to-date: /home/andrew/leto/install/satellite_interfaces/share/satellite_interfaces/cmake/satellite_interfacesConfig.cmake
[0.657s] -- Up-to-date: /home/andrew/leto/install/satellite_interfaces/share/satellite_interfaces/cmake/satellite_interfacesConfig-version.cmake
[0.657s] -- Up-to-date: /home/andrew/leto/install/satellite_interfaces/share/satellite_interfaces/package.xml
[0.660s] Invoked command in '/home/andrew/leto/build/satellite_interfaces' returned '0': CMAKE_PREFIX_PATH=${CMAKE_PREFIX_PATH}:/home/andrew/leto/install/satellite_run:/opt/ros/iron /usr/bin/cmake --install /home/andrew/leto/build/satellite_interfaces
