[0.168s] Invoking command in '/home/andrew/leto/build/satellite_interfaces': CMAKE_PREFIX_PATH=/home/andrew/leto/install/satellite_run:/opt/ros/iron /usr/bin/cmake /home/andrew/leto/src/satellite_interfaces -DCMAKE_INSTALL_PREFIX=/home/andrew/leto/install/satellite_interfaces
[0.309s] -- The C compiler identification is GNU 11.4.0
[0.516s] -- The CXX compiler identification is GNU 11.4.0
[0.528s] -- Detecting C compiler ABI info
[0.613s] -- Detecting C compiler ABI info - done
[0.618s] -- Check for working C compiler: /usr/bin/cc - skipped
[0.619s] -- Detecting C compile features
[0.619s] -- Detecting C compile features - done
[0.623s] -- Detecting CXX compiler ABI info
[0.718s] -- Detecting CXX compiler ABI info - done
[0.723s] -- Check for working CXX compiler: /usr/bin/c++ - skipped
[0.723s] -- Detecting CXX compile features
[0.723s] -- Detecting CXX compile features - done
[0.738s] -- Found ament_cmake: 2.0.5 (/opt/ros/iron/share/ament_cmake/cmake)
[0.903s] -- Found Python3: /usr/bin/python3.10 (found version "3.10.12") found components: Interpreter 
[1.014s] -- Found ament_lint_auto: 0.14.3 (/opt/ros/iron/share/ament_lint_auto/cmake)
[1.104s] -- Added test 'lint_cmake' to check CMake code style
[1.106s] -- Added test 'xmllint' to check XML markup files
[1.108s] -- Configuring done
[1.122s] -- Generating done
[1.125s] -- Build files have been written to: /home/andrew/leto/build/satellite_interfaces
[1.129s] Invoked command in '/home/andrew/leto/build/satellite_interfaces' returned '0': CMAKE_PREFIX_PATH=/home/andrew/leto/install/satellite_run:/opt/ros/iron /usr/bin/cmake /home/andrew/leto/src/satellite_interfaces -DCMAKE_INSTALL_PREFIX=/home/andrew/leto/install/satellite_interfaces
[1.131s] Invoking command in '/home/andrew/leto/build/satellite_interfaces': CMAKE_PREFIX_PATH=/home/andrew/leto/install/satellite_run:/opt/ros/iron /usr/bin/cmake --build /home/andrew/leto/build/satellite_interfaces -- -j6 -l6
[1.190s] Invoked command in '/home/andrew/leto/build/satellite_interfaces' returned '0': CMAKE_PREFIX_PATH=/home/andrew/leto/install/satellite_run:/opt/ros/iron /usr/bin/cmake --build /home/andrew/leto/build/satellite_interfaces -- -j6 -l6
[1.226s] Invoking command in '/home/andrew/leto/build/satellite_interfaces': CMAKE_PREFIX_PATH=/home/andrew/leto/install/satellite_run:/opt/ros/iron /usr/bin/cmake --install /home/andrew/leto/build/satellite_interfaces
[1.231s] -- Install configuration: ""
[1.235s] -- Installing: /home/andrew/leto/install/satellite_interfaces/share/ament_index/resource_index/package_run_dependencies/satellite_interfaces
[1.235s] -- Installing: /home/andrew/leto/install/satellite_interfaces/share/ament_index/resource_index/parent_prefix_path/satellite_interfaces
[1.235s] -- Installing: /home/andrew/leto/install/satellite_interfaces/share/satellite_interfaces/environment/ament_prefix_path.sh
[1.235s] -- Installing: /home/andrew/leto/install/satellite_interfaces/share/satellite_interfaces/environment/ament_prefix_path.dsv
[1.235s] -- Installing: /home/andrew/leto/install/satellite_interfaces/share/satellite_interfaces/environment/path.sh
[1.236s] -- Installing: /home/andrew/leto/install/satellite_interfaces/share/satellite_interfaces/environment/path.dsv
[1.236s] -- Installing: /home/andrew/leto/install/satellite_interfaces/share/satellite_interfaces/local_setup.bash
[1.236s] -- Installing: /home/andrew/leto/install/satellite_interfaces/share/satellite_interfaces/local_setup.sh
[1.237s] -- Installing: /home/andrew/leto/install/satellite_interfaces/share/satellite_interfaces/local_setup.zsh
[1.237s] -- Installing: /home/andrew/leto/install/satellite_interfaces/share/satellite_interfaces/local_setup.dsv
[1.238s] -- Installing: /home/andrew/leto/install/satellite_interfaces/share/satellite_interfaces/package.dsv
[1.238s] -- Installing: /home/andrew/leto/install/satellite_interfaces/share/ament_index/resource_index/packages/satellite_interfaces
[1.239s] -- Installing: /home/andrew/leto/install/satellite_interfaces/share/satellite_interfaces/cmake/satellite_interfacesConfig.cmake
[1.239s] -- Installing: /home/andrew/leto/install/satellite_interfaces/share/satellite_interfaces/cmake/satellite_interfacesConfig-version.cmake
[1.240s] -- Installing: /home/andrew/leto/install/satellite_interfaces/share/satellite_interfaces/package.xml
[1.249s] Invoked command in '/home/andrew/leto/build/satellite_interfaces' returned '0': CMAKE_PREFIX_PATH=/home/andrew/leto/install/satellite_run:/opt/ros/iron /usr/bin/cmake --install /home/andrew/leto/build/satellite_interfaces
