[0.053s] Invoking command in '/home/andrew/leto/build/satellite_interfaces': CMAKE_PREFIX_PATH=${CMAKE_PREFIX_PATH}:/home/andrew/leto/install/satellite_run:/opt/ros/iron /usr/bin/cmake --build /home/andrew/leto/build/satellite_interfaces -- -j6 -l6
[0.089s] -- Found geometry_msgs: 5.0.0 (/opt/ros/iron/share/geometry_msgs/cmake)
[0.248s] -- Found rosidl_generator_c: 4.0.1 (/opt/ros/iron/share/rosidl_generator_c/cmake)
[0.253s] -- Found rosidl_generator_cpp: 4.0.1 (/opt/ros/iron/share/rosidl_generator_cpp/cmake)
[0.262s] -- Using all available rosidl_typesupport_c: rosidl_typesupport_fastrtps_c;rosidl_typesupport_introspection_c
[0.273s] -- Using all available rosidl_typesupport_cpp: rosidl_typesupport_fastrtps_cpp;rosidl_typesupport_introspection_cpp
[0.357s] -- Found rosidl_default_generators: 1.5.0 (/opt/ros/iron/share/rosidl_default_generators/cmake)
[0.363s] -- Found rosidl_adapter: 4.0.1 (/opt/ros/iron/share/rosidl_adapter/cmake)
[0.694s] -- Found ament_cmake_ros: 0.11.2 (/opt/ros/iron/share/ament_cmake_ros/cmake)
[1.011s] -- Using all available rosidl_typesupport_c: rosidl_typesupport_fastrtps_c;rosidl_typesupport_introspection_c
[1.154s] -- Using all available rosidl_typesupport_cpp: rosidl_typesupport_fastrtps_cpp;rosidl_typesupport_introspection_cpp
[1.174s] -- Found python_cmake_module: 0.10.2 (/opt/ros/iron/share/python_cmake_module/cmake)
[1.191s] -- Using PYTHON_EXECUTABLE: /usr/bin/python3
[1.191s] -- Using PYTHON_INCLUDE_DIRS: /usr/include/python3.10
[1.191s] -- Using PYTHON_LIBRARIES: /usr/lib/x86_64-linux-gnu/libpython3.10.so
[1.217s] -- Found ament_lint_auto: 0.14.3 (/opt/ros/iron/share/ament_lint_auto/cmake)
[1.224s] -- Added test 'lint_cmake' to check CMake code style
[1.224s] -- Added test 'xmllint' to check XML markup files
[1.225s] -- Configuring done
[1.267s] -- Generating done
[1.269s] -- Build files have been written to: /home/andrew/leto/build/satellite_interfaces
[1.304s] [  2%] [34m[1mGenerating type hashes for ROS interfaces[0m
[1.484s] [  2%] Built target satellite_interfaces__rosidl_generator_type_description
[1.505s] [  2%] Built target ament_cmake_python_copy_satellite_interfaces
[1.517s] [  4%] [34m[1mGenerating C code for ROS interfaces[0m
[1.958s] [35m[1mConsolidate compiler generated dependencies of target satellite_interfaces__rosidl_generator_c[0m
[1.970s] [  6%] [32mBuilding C object CMakeFiles/satellite_interfaces__rosidl_generator_c.dir/rosidl_generator_c/satellite_interfaces/srv/detail/satellite_data__description.c.o[0m
[2.004s] [  9%] [32mBuilding C object CMakeFiles/satellite_interfaces__rosidl_generator_c.dir/rosidl_generator_c/satellite_interfaces/srv/detail/satellite_set_pos__description.c.o[0m
[2.050s] [ 11%] [32mBuilding C object CMakeFiles/satellite_interfaces__rosidl_generator_c.dir/rosidl_generator_c/satellite_interfaces/srv/detail/satellite_set_pos__functions.c.o[0m
[2.102s] [ 13%] [32mBuilding C object CMakeFiles/satellite_interfaces__rosidl_generator_c.dir/rosidl_generator_c/satellite_interfaces/srv/detail/satellite_set_pos__type_support.c.o[0m
[2.129s] [ 15%] [32mBuilding C object CMakeFiles/satellite_interfaces__rosidl_generator_c.dir/rosidl_generator_c/satellite_interfaces/srv/detail/satellite_data__type_support.c.o[0m
[2.170s] [ 18%] [32mBuilding C object CMakeFiles/satellite_interfaces__rosidl_generator_c.dir/rosidl_generator_c/satellite_interfaces/srv/detail/satellite_data__functions.c.o[0m
[2.224s] [ 20%] [32m[1mLinking C shared library libsatellite_interfaces__rosidl_generator_c.so[0m
[2.265s] [ 20%] Built target satellite_interfaces__rosidl_generator_c
[2.446s] running egg_info
[2.446s] writing satellite_interfaces.egg-info/PKG-INFO
[2.446s] writing dependency_links to satellite_interfaces.egg-info/dependency_links.txt
[2.446s] writing top-level names to satellite_interfaces.egg-info/top_level.txt
[2.446s] reading manifest file 'satellite_interfaces.egg-info/SOURCES.txt'
[2.447s] writing manifest file 'satellite_interfaces.egg-info/SOURCES.txt'
[2.479s] [ 20%] Built target ament_cmake_python_build_satellite_interfaces_egg
[2.486s] [ 22%] [34m[1mGenerating C type support dispatch for ROS interfaces[0m
[2.727s] [35m[1mConsolidate compiler generated dependencies of target satellite_interfaces__rosidl_typesupport_c[0m
[2.737s] [ 25%] [32mBuilding CXX object CMakeFiles/satellite_interfaces__rosidl_typesupport_c.dir/rosidl_typesupport_c/satellite_interfaces/srv/satellite_data__type_support.cpp.o[0m
[2.777s] [ 27%] [32mBuilding CXX object CMakeFiles/satellite_interfaces__rosidl_typesupport_c.dir/rosidl_typesupport_c/satellite_interfaces/srv/satellite_set_pos__type_support.cpp.o[0m
[2.810s] [ 29%] [32m[1mLinking CXX shared library libsatellite_interfaces__rosidl_typesupport_c.so[0m
[2.846s] [ 29%] Built target satellite_interfaces__rosidl_typesupport_c
[2.862s] [ 31%] [34m[1mGenerating C introspection for ROS interfaces[0m
[3.139s] [35m[1mConsolidate compiler generated dependencies of target satellite_interfaces__rosidl_typesupport_introspection_c[0m
[3.159s] [ 34%] [32mBuilding C object CMakeFiles/satellite_interfaces__rosidl_typesupport_introspection_c.dir/rosidl_typesupport_introspection_c/satellite_interfaces/srv/detail/satellite_data__type_support.c.o[0m
[3.195s] [ 36%] [32mBuilding C object CMakeFiles/satellite_interfaces__rosidl_typesupport_introspection_c.dir/rosidl_typesupport_introspection_c/satellite_interfaces/srv/detail/satellite_set_pos__type_support.c.o[0m
[3.250s] [ 38%] [32m[1mLinking C shared library libsatellite_interfaces__rosidl_typesupport_introspection_c.so[0m
[3.285s] [ 38%] Built target satellite_interfaces__rosidl_typesupport_introspection_c
[3.292s] [ 40%] [34m[1mGenerating C type support for eProsima Fast-RTPS[0m
[3.578s] [35m[1mConsolidate compiler generated dependencies of target satellite_interfaces__rosidl_typesupport_fastrtps_c[0m
[3.595s] [ 43%] [32mBuilding CXX object CMakeFiles/satellite_interfaces__rosidl_typesupport_fastrtps_c.dir/rosidl_typesupport_fastrtps_c/satellite_interfaces/srv/detail/satellite_data__type_support_c.cpp.o[0m
[3.863s] [ 45%] [32mBuilding CXX object CMakeFiles/satellite_interfaces__rosidl_typesupport_fastrtps_c.dir/rosidl_typesupport_fastrtps_c/satellite_interfaces/srv/detail/satellite_set_pos__type_support_c.cpp.o[0m
[4.157s] [ 47%] [32m[1mLinking CXX shared library libsatellite_interfaces__rosidl_typesupport_fastrtps_c.so[0m
[4.224s] [ 47%] Built target satellite_interfaces__rosidl_typesupport_fastrtps_c
[4.248s] [ 50%] [34m[1mGenerating C++ code for ROS interfaces[0m
[4.590s] [ 50%] Built target satellite_interfaces__cpp
[4.597s] [ 52%] [34m[1mGenerating C++ type support dispatch for ROS interfaces[0m
[4.819s] [35m[1mConsolidate compiler generated dependencies of target satellite_interfaces__rosidl_typesupport_cpp[0m
[4.828s] [ 54%] [32mBuilding CXX object CMakeFiles/satellite_interfaces__rosidl_typesupport_cpp.dir/rosidl_typesupport_cpp/satellite_interfaces/srv/satellite_data__type_support.cpp.o[0m
[5.209s] [ 56%] [32mBuilding CXX object CMakeFiles/satellite_interfaces__rosidl_typesupport_cpp.dir/rosidl_typesupport_cpp/satellite_interfaces/srv/satellite_set_pos__type_support.cpp.o[0m
[5.586s] [ 59%] [32m[1mLinking CXX shared library libsatellite_interfaces__rosidl_typesupport_cpp.so[0m
[5.654s] [ 59%] Built target satellite_interfaces__rosidl_typesupport_cpp
[5.665s] [ 61%] [34m[1mGenerating C++ type support for eProsima Fast-RTPS[0m
[5.678s] [ 63%] [34m[1mGenerating C++ introspection for ROS interfaces[0m
[5.952s] [35m[1mConsolidate compiler generated dependencies of target satellite_interfaces__rosidl_typesupport_introspection_cpp[0m
[5.974s] [ 68%] [32mBuilding CXX object CMakeFiles/satellite_interfaces__rosidl_typesupport_introspection_cpp.dir/rosidl_typesupport_introspection_cpp/satellite_interfaces/srv/detail/satellite_data__type_support.cpp.o[0m
[5.974s] [ 68%] [32mBuilding CXX object CMakeFiles/satellite_interfaces__rosidl_typesupport_introspection_cpp.dir/rosidl_typesupport_introspection_cpp/satellite_interfaces/srv/detail/satellite_set_pos__type_support.cpp.o[0m
[5.997s] [35m[1mConsolidate compiler generated dependencies of target satellite_interfaces__rosidl_typesupport_fastrtps_cpp[0m
[6.008s] [ 72%] [32mBuilding CXX object CMakeFiles/satellite_interfaces__rosidl_typesupport_fastrtps_cpp.dir/rosidl_typesupport_fastrtps_cpp/satellite_interfaces/srv/detail/dds_fastrtps/satellite_set_pos__type_support.cpp.o[0m
[6.008s] [ 72%] [32mBuilding CXX object CMakeFiles/satellite_interfaces__rosidl_typesupport_fastrtps_cpp.dir/rosidl_typesupport_fastrtps_cpp/satellite_interfaces/srv/detail/dds_fastrtps/satellite_data__type_support.cpp.o[0m
[6.378s] [ 75%] [32m[1mLinking CXX shared library libsatellite_interfaces__rosidl_typesupport_introspection_cpp.so[0m
[6.456s] [ 75%] Built target satellite_interfaces__rosidl_typesupport_introspection_cpp
[6.581s] [ 77%] [32m[1mLinking CXX shared library libsatellite_interfaces__rosidl_typesupport_fastrtps_cpp.so[0m
[6.652s] [ 77%] Built target satellite_interfaces__rosidl_typesupport_fastrtps_cpp
[6.678s] [ 77%] Built target satellite_interfaces
[6.701s] [ 79%] [34m[1mGenerating Python code for ROS interfaces[0m
[7.196s] [ 79%] Built target satellite_interfaces__py
[7.211s] [35m[1mConsolidate compiler generated dependencies of target satellite_interfaces__rosidl_generator_py[0m
[7.221s] [ 84%] [32mBuilding C object CMakeFiles/satellite_interfaces__rosidl_generator_py.dir/rosidl_generator_py/satellite_interfaces/srv/_satellite_data_s.c.o[0m
[7.221s] [ 84%] [32mBuilding C object CMakeFiles/satellite_interfaces__rosidl_generator_py.dir/rosidl_generator_py/satellite_interfaces/srv/_satellite_set_pos_s.c.o[0m
[7.316s] [ 86%] [32m[1mLinking C shared library rosidl_generator_py/satellite_interfaces/libsatellite_interfaces__rosidl_generator_py.so[0m
[7.350s] [ 86%] Built target satellite_interfaces__rosidl_generator_py
[7.358s] [35m[1mConsolidate compiler generated dependencies of target satellite_interfaces__rosidl_typesupport_introspection_c__pyext[0m
[7.358s] [35m[1mConsolidate compiler generated dependencies of target satellite_interfaces__rosidl_typesupport_c__pyext[0m
[7.359s] [35m[1mConsolidate compiler generated dependencies of target satellite_interfaces__rosidl_typesupport_fastrtps_c__pyext[0m
[7.378s] [ 90%] [32mBuilding C object CMakeFiles/satellite_interfaces__rosidl_typesupport_introspection_c__pyext.dir/rosidl_generator_py/satellite_interfaces/_satellite_interfaces_s.ep.rosidl_typesupport_introspection_c.c.o[0m
[7.379s] [ 90%] [32mBuilding C object CMakeFiles/satellite_interfaces__rosidl_typesupport_fastrtps_c__pyext.dir/rosidl_generator_py/satellite_interfaces/_satellite_interfaces_s.ep.rosidl_typesupport_fastrtps_c.c.o[0m
[7.381s] [ 93%] [32mBuilding C object CMakeFiles/satellite_interfaces__rosidl_typesupport_c__pyext.dir/rosidl_generator_py/satellite_interfaces/_satellite_interfaces_s.ep.rosidl_typesupport_c.c.o[0m
[7.486s] [ 95%] [32m[1mLinking C shared library rosidl_generator_py/satellite_interfaces/satellite_interfaces_s__rosidl_typesupport_fastrtps_c.cpython-310-x86_64-linux-gnu.so[0m
[7.488s] [ 97%] [32m[1mLinking C shared library rosidl_generator_py/satellite_interfaces/satellite_interfaces_s__rosidl_typesupport_c.cpython-310-x86_64-linux-gnu.so[0m
[7.490s] [100%] [32m[1mLinking C shared library rosidl_generator_py/satellite_interfaces/satellite_interfaces_s__rosidl_typesupport_introspection_c.cpython-310-x86_64-linux-gnu.so[0m
[7.521s] [100%] Built target satellite_interfaces__rosidl_typesupport_c__pyext
[7.522s] [100%] Built target satellite_interfaces__rosidl_typesupport_fastrtps_c__pyext
[7.537s] [100%] Built target satellite_interfaces__rosidl_typesupport_introspection_c__pyext
[7.547s] Invoked command in '/home/andrew/leto/build/satellite_interfaces' returned '0': CMAKE_PREFIX_PATH=${CMAKE_PREFIX_PATH}:/home/andrew/leto/install/satellite_run:/opt/ros/iron /usr/bin/cmake --build /home/andrew/leto/build/satellite_interfaces -- -j6 -l6
[7.640s] Invoking command in '/home/andrew/leto/build/satellite_interfaces': CMAKE_PREFIX_PATH=${CMAKE_PREFIX_PATH}:/home/andrew/leto/install/satellite_run:/opt/ros/iron /usr/bin/cmake --install /home/andrew/leto/build/satellite_interfaces
[7.645s] -- Install configuration: ""
[7.646s] -- Installing: /home/andrew/leto/install/satellite_interfaces/share/ament_index/resource_index/rosidl_interfaces/satellite_interfaces
[7.646s] -- Installing: /home/andrew/leto/install/satellite_interfaces/share/satellite_interfaces/srv/SatelliteData.json
[7.646s] -- Installing: /home/andrew/leto/install/satellite_interfaces/share/satellite_interfaces/srv/SatelliteSetPos.json
[7.646s] -- Up-to-date: /home/andrew/leto/install/satellite_interfaces/include/satellite_interfaces/satellite_interfaces
[7.646s] -- Up-to-date: /home/andrew/leto/install/satellite_interfaces/include/satellite_interfaces/satellite_interfaces/msg
[7.646s] -- Up-to-date: /home/andrew/leto/install/satellite_interfaces/include/satellite_interfaces/satellite_interfaces/msg/rosidl_generator_c__visibility_control.h
[7.646s] -- Up-to-date: /home/andrew/leto/install/satellite_interfaces/include/satellite_interfaces/satellite_interfaces/srv
[7.647s] -- Installing: /home/andrew/leto/install/satellite_interfaces/include/satellite_interfaces/satellite_interfaces/srv/satellite_set_pos.h
[7.647s] -- Up-to-date: /home/andrew/leto/install/satellite_interfaces/include/satellite_interfaces/satellite_interfaces/srv/spawn_satellite.h
[7.647s] -- Installing: /home/andrew/leto/install/satellite_interfaces/include/satellite_interfaces/satellite_interfaces/srv/satellite_data.h
[7.647s] -- Up-to-date: /home/andrew/leto/install/satellite_interfaces/include/satellite_interfaces/satellite_interfaces/srv/detail
[7.647s] -- Up-to-date: /home/andrew/leto/install/satellite_interfaces/include/satellite_interfaces/satellite_interfaces/srv/detail/spawn_satellite__functions.h
[7.647s] -- Installing: /home/andrew/leto/install/satellite_interfaces/include/satellite_interfaces/satellite_interfaces/srv/detail/satellite_set_pos__struct.h
[7.647s] -- Installing: /home/andrew/leto/install/satellite_interfaces/include/satellite_interfaces/satellite_interfaces/srv/detail/satellite_data__functions.c
[7.647s] -- Up-to-date: /home/andrew/leto/install/satellite_interfaces/include/satellite_interfaces/satellite_interfaces/srv/detail/spawn_satellite__struct.h
[7.647s] -- Installing: /home/andrew/leto/install/satellite_interfaces/include/satellite_interfaces/satellite_interfaces/srv/detail/satellite_data__struct.h
[7.648s] -- Installing: /home/andrew/leto/install/satellite_interfaces/include/satellite_interfaces/satellite_interfaces/srv/detail/satellite_data__functions.h
[7.648s] -- Up-to-date: /home/andrew/leto/install/satellite_interfaces/include/satellite_interfaces/satellite_interfaces/srv/detail/spawn_satellite__type_support.h
[7.648s] -- Up-to-date: /home/andrew/leto/install/satellite_interfaces/include/satellite_interfaces/satellite_interfaces/srv/detail/spawn_satellite__functions.c
[7.648s] -- Installing: /home/andrew/leto/install/satellite_interfaces/include/satellite_interfaces/satellite_interfaces/srv/detail/satellite_set_pos__type_support.c
[7.648s] -- Installing: /home/andrew/leto/install/satellite_interfaces/include/satellite_interfaces/satellite_interfaces/srv/detail/satellite_data__type_support.h
[7.649s] -- Installing: /home/andrew/leto/install/satellite_interfaces/include/satellite_interfaces/satellite_interfaces/srv/detail/satellite_data__description.c
[7.649s] -- Up-to-date: /home/andrew/leto/install/satellite_interfaces/include/satellite_interfaces/satellite_interfaces/srv/detail/spawn_satellite__type_support.c
[7.649s] -- Installing: /home/andrew/leto/install/satellite_interfaces/include/satellite_interfaces/satellite_interfaces/srv/detail/satellite_set_pos__type_support.h
[7.649s] -- Installing: /home/andrew/leto/install/satellite_interfaces/include/satellite_interfaces/satellite_interfaces/srv/detail/satellite_set_pos__functions.h
[7.649s] -- Up-to-date: /home/andrew/leto/install/satellite_interfaces/include/satellite_interfaces/satellite_interfaces/srv/detail/spawn_satellite__description.c
[7.649s] -- Installing: /home/andrew/leto/install/satellite_interfaces/include/satellite_interfaces/satellite_interfaces/srv/detail/satellite_set_pos__functions.c
[7.649s] -- Installing: /home/andrew/leto/install/satellite_interfaces/include/satellite_interfaces/satellite_interfaces/srv/detail/satellite_set_pos__description.c
[7.649s] -- Installing: /home/andrew/leto/install/satellite_interfaces/include/satellite_interfaces/satellite_interfaces/srv/detail/satellite_data__type_support.c
[7.650s] -- Up-to-date: /home/andrew/leto/install/satellite_interfaces/share/satellite_interfaces/environment/library_path.sh
[7.650s] -- Up-to-date: /home/andrew/leto/install/satellite_interfaces/share/satellite_interfaces/environment/library_path.dsv
[7.650s] -- Installing: /home/andrew/leto/install/satellite_interfaces/lib/libsatellite_interfaces__rosidl_generator_c.so
[7.651s] -- Set runtime path of "/home/andrew/leto/install/satellite_interfaces/lib/libsatellite_interfaces__rosidl_generator_c.so" to ""
[7.651s] -- Up-to-date: /home/andrew/leto/install/satellite_interfaces/include/satellite_interfaces/satellite_interfaces
[7.651s] -- Up-to-date: /home/andrew/leto/install/satellite_interfaces/include/satellite_interfaces/satellite_interfaces/msg
[7.651s] -- Up-to-date: /home/andrew/leto/install/satellite_interfaces/include/satellite_interfaces/satellite_interfaces/msg/rosidl_typesupport_fastrtps_c__visibility_control.h
[7.651s] -- Up-to-date: /home/andrew/leto/install/satellite_interfaces/include/satellite_interfaces/satellite_interfaces/srv
[7.651s] -- Up-to-date: /home/andrew/leto/install/satellite_interfaces/include/satellite_interfaces/satellite_interfaces/srv/detail
[7.653s] -- Installing: /home/andrew/leto/install/satellite_interfaces/include/satellite_interfaces/satellite_interfaces/srv/detail/satellite_set_pos__rosidl_typesupport_fastrtps_c.h
[7.654s] -- Up-to-date: /home/andrew/leto/install/satellite_interfaces/include/satellite_interfaces/satellite_interfaces/srv/detail/spawn_satellite__rosidl_typesupport_fastrtps_c.h
[7.654s] -- Installing: /home/andrew/leto/install/satellite_interfaces/include/satellite_interfaces/satellite_interfaces/srv/detail/satellite_data__rosidl_typesupport_fastrtps_c.h
[7.654s] -- Installing: /home/andrew/leto/install/satellite_interfaces/lib/libsatellite_interfaces__rosidl_typesupport_fastrtps_c.so
[7.655s] -- Set runtime path of "/home/andrew/leto/install/satellite_interfaces/lib/libsatellite_interfaces__rosidl_typesupport_fastrtps_c.so" to ""
[7.655s] -- Up-to-date: /home/andrew/leto/install/satellite_interfaces/include/satellite_interfaces/satellite_interfaces
[7.655s] -- Up-to-date: /home/andrew/leto/install/satellite_interfaces/include/satellite_interfaces/satellite_interfaces/srv
[7.655s] -- Installing: /home/andrew/leto/install/satellite_interfaces/include/satellite_interfaces/satellite_interfaces/srv/satellite_data.hpp
[7.655s] -- Installing: /home/andrew/leto/install/satellite_interfaces/include/satellite_interfaces/satellite_interfaces/srv/satellite_set_pos.hpp
[7.655s] -- Up-to-date: /home/andrew/leto/install/satellite_interfaces/include/satellite_interfaces/satellite_interfaces/srv/spawn_satellite.hpp
[7.655s] -- Up-to-date: /home/andrew/leto/install/satellite_interfaces/include/satellite_interfaces/satellite_interfaces/srv/detail
[7.656s] -- Up-to-date: /home/andrew/leto/install/satellite_interfaces/include/satellite_interfaces/satellite_interfaces/srv/detail/spawn_satellite__traits.hpp
[7.656s] -- Installing: /home/andrew/leto/install/satellite_interfaces/include/satellite_interfaces/satellite_interfaces/srv/detail/satellite_set_pos__traits.hpp
[7.656s] -- Up-to-date: /home/andrew/leto/install/satellite_interfaces/include/satellite_interfaces/satellite_interfaces/srv/detail/spawn_satellite__struct.hpp
[7.656s] -- Installing: /home/andrew/leto/install/satellite_interfaces/include/satellite_interfaces/satellite_interfaces/srv/detail/satellite_data__traits.hpp
[7.656s] -- Installing: /home/andrew/leto/install/satellite_interfaces/include/satellite_interfaces/satellite_interfaces/srv/detail/satellite_data__builder.hpp
[7.656s] -- Installing: /home/andrew/leto/install/satellite_interfaces/include/satellite_interfaces/satellite_interfaces/srv/detail/satellite_data__struct.hpp
[7.656s] -- Installing: /home/andrew/leto/install/satellite_interfaces/include/satellite_interfaces/satellite_interfaces/srv/detail/satellite_set_pos__struct.hpp
[7.656s] -- Up-to-date: /home/andrew/leto/install/satellite_interfaces/include/satellite_interfaces/satellite_interfaces/srv/detail/spawn_satellite__builder.hpp
[7.657s] -- Installing: /home/andrew/leto/install/satellite_interfaces/include/satellite_interfaces/satellite_interfaces/srv/detail/satellite_set_pos__builder.hpp
[7.657s] -- Up-to-date: /home/andrew/leto/install/satellite_interfaces/include/satellite_interfaces/satellite_interfaces
[7.657s] -- Up-to-date: /home/andrew/leto/install/satellite_interfaces/include/satellite_interfaces/satellite_interfaces/msg
[7.657s] -- Up-to-date: /home/andrew/leto/install/satellite_interfaces/include/satellite_interfaces/satellite_interfaces/msg/rosidl_typesupport_fastrtps_cpp__visibility_control.h
[7.657s] -- Up-to-date: /home/andrew/leto/install/satellite_interfaces/include/satellite_interfaces/satellite_interfaces/srv
[7.657s] -- Up-to-date: /home/andrew/leto/install/satellite_interfaces/include/satellite_interfaces/satellite_interfaces/srv/detail
[7.657s] -- Up-to-date: /home/andrew/leto/install/satellite_interfaces/include/satellite_interfaces/satellite_interfaces/srv/detail/spawn_satellite__rosidl_typesupport_fastrtps_cpp.hpp
[7.657s] -- Up-to-date: /home/andrew/leto/install/satellite_interfaces/include/satellite_interfaces/satellite_interfaces/srv/detail/dds_fastrtps
[7.657s] -- Installing: /home/andrew/leto/install/satellite_interfaces/include/satellite_interfaces/satellite_interfaces/srv/detail/satellite_set_pos__rosidl_typesupport_fastrtps_cpp.hpp
[7.657s] -- Installing: /home/andrew/leto/install/satellite_interfaces/include/satellite_interfaces/satellite_interfaces/srv/detail/satellite_data__rosidl_typesupport_fastrtps_cpp.hpp
[7.658s] -- Installing: /home/andrew/leto/install/satellite_interfaces/lib/libsatellite_interfaces__rosidl_typesupport_fastrtps_cpp.so
[7.658s] -- Set runtime path of "/home/andrew/leto/install/satellite_interfaces/lib/libsatellite_interfaces__rosidl_typesupport_fastrtps_cpp.so" to ""
[7.658s] -- Up-to-date: /home/andrew/leto/install/satellite_interfaces/include/satellite_interfaces/satellite_interfaces
[7.658s] -- Up-to-date: /home/andrew/leto/install/satellite_interfaces/include/satellite_interfaces/satellite_interfaces/msg
[7.659s] -- Up-to-date: /home/andrew/leto/install/satellite_interfaces/include/satellite_interfaces/satellite_interfaces/msg/rosidl_typesupport_introspection_c__visibility_control.h
[7.659s] -- Up-to-date: /home/andrew/leto/install/satellite_interfaces/include/satellite_interfaces/satellite_interfaces/srv
[7.659s] -- Up-to-date: /home/andrew/leto/install/satellite_interfaces/include/satellite_interfaces/satellite_interfaces/srv/detail
[7.659s] -- Up-to-date: /home/andrew/leto/install/satellite_interfaces/include/satellite_interfaces/satellite_interfaces/srv/detail/spawn_satellite__rosidl_typesupport_introspection_c.h
[7.659s] -- Installing: /home/andrew/leto/install/satellite_interfaces/include/satellite_interfaces/satellite_interfaces/srv/detail/satellite_set_pos__type_support.c
[7.659s] -- Installing: /home/andrew/leto/install/satellite_interfaces/include/satellite_interfaces/satellite_interfaces/srv/detail/satellite_set_pos__rosidl_typesupport_introspection_c.h
[7.659s] -- Up-to-date: /home/andrew/leto/install/satellite_interfaces/include/satellite_interfaces/satellite_interfaces/srv/detail/spawn_satellite__type_support.c
[7.659s] -- Installing: /home/andrew/leto/install/satellite_interfaces/include/satellite_interfaces/satellite_interfaces/srv/detail/satellite_data__rosidl_typesupport_introspection_c.h
[7.659s] -- Installing: /home/andrew/leto/install/satellite_interfaces/include/satellite_interfaces/satellite_interfaces/srv/detail/satellite_data__type_support.c
[7.660s] -- Installing: /home/andrew/leto/install/satellite_interfaces/lib/libsatellite_interfaces__rosidl_typesupport_introspection_c.so
[7.660s] -- Set runtime path of "/home/andrew/leto/install/satellite_interfaces/lib/libsatellite_interfaces__rosidl_typesupport_introspection_c.so" to ""
[7.660s] -- Installing: /home/andrew/leto/install/satellite_interfaces/lib/libsatellite_interfaces__rosidl_typesupport_c.so
[7.660s] -- Set runtime path of "/home/andrew/leto/install/satellite_interfaces/lib/libsatellite_interfaces__rosidl_typesupport_c.so" to ""
[7.661s] -- Up-to-date: /home/andrew/leto/install/satellite_interfaces/include/satellite_interfaces/satellite_interfaces
[7.661s] -- Up-to-date: /home/andrew/leto/install/satellite_interfaces/include/satellite_interfaces/satellite_interfaces/srv
[7.661s] -- Up-to-date: /home/andrew/leto/install/satellite_interfaces/include/satellite_interfaces/satellite_interfaces/srv/detail
[7.661s] -- Installing: /home/andrew/leto/install/satellite_interfaces/include/satellite_interfaces/satellite_interfaces/srv/detail/satellite_set_pos__type_support.cpp
[7.661s] -- Installing: /home/andrew/leto/install/satellite_interfaces/include/satellite_interfaces/satellite_interfaces/srv/detail/satellite_set_pos__rosidl_typesupport_introspection_cpp.hpp
[7.661s] -- Installing: /home/andrew/leto/install/satellite_interfaces/include/satellite_interfaces/satellite_interfaces/srv/detail/satellite_data__rosidl_typesupport_introspection_cpp.hpp
[7.662s] -- Up-to-date: /home/andrew/leto/install/satellite_interfaces/include/satellite_interfaces/satellite_interfaces/srv/detail/spawn_satellite__rosidl_typesupport_introspection_cpp.hpp
[7.663s] -- Up-to-date: /home/andrew/leto/install/satellite_interfaces/include/satellite_interfaces/satellite_interfaces/srv/detail/spawn_satellite__type_support.cpp
[7.663s] -- Installing: /home/andrew/leto/install/satellite_interfaces/include/satellite_interfaces/satellite_interfaces/srv/detail/satellite_data__type_support.cpp
[7.663s] -- Installing: /home/andrew/leto/install/satellite_interfaces/lib/libsatellite_interfaces__rosidl_typesupport_introspection_cpp.so
[7.663s] -- Set runtime path of "/home/andrew/leto/install/satellite_interfaces/lib/libsatellite_interfaces__rosidl_typesupport_introspection_cpp.so" to ""
[7.663s] -- Installing: /home/andrew/leto/install/satellite_interfaces/lib/libsatellite_interfaces__rosidl_typesupport_cpp.so
[7.663s] -- Set runtime path of "/home/andrew/leto/install/satellite_interfaces/lib/libsatellite_interfaces__rosidl_typesupport_cpp.so" to ""
[7.663s] -- Up-to-date: /home/andrew/leto/install/satellite_interfaces/share/satellite_interfaces/environment/pythonpath.sh
[7.664s] -- Up-to-date: /home/andrew/leto/install/satellite_interfaces/share/satellite_interfaces/environment/pythonpath.dsv
[7.664s] -- Up-to-date: /home/andrew/leto/install/satellite_interfaces/lib/python3.10/site-packages/satellite_interfaces-0.0.0-py3.10.egg-info
[7.664s] -- Installing: /home/andrew/leto/install/satellite_interfaces/lib/python3.10/site-packages/satellite_interfaces-0.0.0-py3.10.egg-info/dependency_links.txt
[7.664s] -- Installing: /home/andrew/leto/install/satellite_interfaces/lib/python3.10/site-packages/satellite_interfaces-0.0.0-py3.10.egg-info/PKG-INFO
[7.664s] -- Installing: /home/andrew/leto/install/satellite_interfaces/lib/python3.10/site-packages/satellite_interfaces-0.0.0-py3.10.egg-info/SOURCES.txt
[7.664s] -- Installing: /home/andrew/leto/install/satellite_interfaces/lib/python3.10/site-packages/satellite_interfaces-0.0.0-py3.10.egg-info/top_level.txt
[7.664s] -- Up-to-date: /home/andrew/leto/install/satellite_interfaces/lib/python3.10/site-packages/satellite_interfaces
[7.664s] -- Installing: /home/andrew/leto/install/satellite_interfaces/lib/python3.10/site-packages/satellite_interfaces/libsatellite_interfaces__rosidl_generator_py.so
[7.664s] -- Installing: /home/andrew/leto/install/satellite_interfaces/lib/python3.10/site-packages/satellite_interfaces/satellite_interfaces_s__rosidl_typesupport_c.cpython-310-x86_64-linux-gnu.so
[7.664s] -- Up-to-date: /home/andrew/leto/install/satellite_interfaces/lib/python3.10/site-packages/satellite_interfaces/srv
[7.664s] -- Installing: /home/andrew/leto/install/satellite_interfaces/lib/python3.10/site-packages/satellite_interfaces/srv/_satellite_data_s.c
[7.664s] -- Up-to-date: /home/andrew/leto/install/satellite_interfaces/lib/python3.10/site-packages/satellite_interfaces/srv/_spawn_satellite_s.c
[7.664s] -- Up-to-date: /home/andrew/leto/install/satellite_interfaces/lib/python3.10/site-packages/satellite_interfaces/srv/_spawn_satellite.py
[7.664s] -- Installing: /home/andrew/leto/install/satellite_interfaces/lib/python3.10/site-packages/satellite_interfaces/srv/_satellite_data.py
[7.664s] -- Installing: /home/andrew/leto/install/satellite_interfaces/lib/python3.10/site-packages/satellite_interfaces/srv/_satellite_set_pos_s.c
[7.664s] -- Installing: /home/andrew/leto/install/satellite_interfaces/lib/python3.10/site-packages/satellite_interfaces/srv/__init__.py
[7.664s] -- Installing: /home/andrew/leto/install/satellite_interfaces/lib/python3.10/site-packages/satellite_interfaces/srv/_satellite_set_pos.py
[7.665s] -- Installing: /home/andrew/leto/install/satellite_interfaces/lib/python3.10/site-packages/satellite_interfaces/_satellite_interfaces_s.ep.rosidl_typesupport_c.c
[7.665s] -- Installing: /home/andrew/leto/install/satellite_interfaces/lib/python3.10/site-packages/satellite_interfaces/satellite_interfaces_s__rosidl_typesupport_introspection_c.cpython-310-x86_64-linux-gnu.so
[7.665s] -- Installing: /home/andrew/leto/install/satellite_interfaces/lib/python3.10/site-packages/satellite_interfaces/_satellite_interfaces_s.ep.rosidl_typesupport_fastrtps_c.c
[7.665s] -- Installing: /home/andrew/leto/install/satellite_interfaces/lib/python3.10/site-packages/satellite_interfaces/satellite_interfaces_s__rosidl_typesupport_fastrtps_c.cpython-310-x86_64-linux-gnu.so
[7.665s] -- Installing: /home/andrew/leto/install/satellite_interfaces/lib/python3.10/site-packages/satellite_interfaces/__init__.py
[7.665s] -- Installing: /home/andrew/leto/install/satellite_interfaces/lib/python3.10/site-packages/satellite_interfaces/_satellite_interfaces_s.ep.rosidl_typesupport_introspection_c.c
[7.696s] Listing '/home/andrew/leto/install/satellite_interfaces/lib/python3.10/site-packages/satellite_interfaces'...
[7.696s] Compiling '/home/andrew/leto/install/satellite_interfaces/lib/python3.10/site-packages/satellite_interfaces/__init__.py'...
[7.696s] Listing '/home/andrew/leto/install/satellite_interfaces/lib/python3.10/site-packages/satellite_interfaces/srv'...
[7.696s] Compiling '/home/andrew/leto/install/satellite_interfaces/lib/python3.10/site-packages/satellite_interfaces/srv/__init__.py'...
[7.696s] Compiling '/home/andrew/leto/install/satellite_interfaces/lib/python3.10/site-packages/satellite_interfaces/srv/_satellite_data.py'...
[7.697s] Compiling '/home/andrew/leto/install/satellite_interfaces/lib/python3.10/site-packages/satellite_interfaces/srv/_satellite_set_pos.py'...
[7.699s] -- Installing: /home/andrew/leto/install/satellite_interfaces/lib/python3.10/site-packages/satellite_interfaces/satellite_interfaces_s__rosidl_typesupport_fastrtps_c.cpython-310-x86_64-linux-gnu.so
[7.700s] -- Set runtime path of "/home/andrew/leto/install/satellite_interfaces/lib/python3.10/site-packages/satellite_interfaces/satellite_interfaces_s__rosidl_typesupport_fastrtps_c.cpython-310-x86_64-linux-gnu.so" to ""
[7.700s] -- Installing: /home/andrew/leto/install/satellite_interfaces/lib/python3.10/site-packages/satellite_interfaces/satellite_interfaces_s__rosidl_typesupport_introspection_c.cpython-310-x86_64-linux-gnu.so
[7.700s] -- Set runtime path of "/home/andrew/leto/install/satellite_interfaces/lib/python3.10/site-packages/satellite_interfaces/satellite_interfaces_s__rosidl_typesupport_introspection_c.cpython-310-x86_64-linux-gnu.so" to ""
[7.700s] -- Installing: /home/andrew/leto/install/satellite_interfaces/lib/python3.10/site-packages/satellite_interfaces/satellite_interfaces_s__rosidl_typesupport_c.cpython-310-x86_64-linux-gnu.so
[7.700s] -- Set runtime path of "/home/andrew/leto/install/satellite_interfaces/lib/python3.10/site-packages/satellite_interfaces/satellite_interfaces_s__rosidl_typesupport_c.cpython-310-x86_64-linux-gnu.so" to ""
[7.700s] -- Installing: /home/andrew/leto/install/satellite_interfaces/lib/libsatellite_interfaces__rosidl_generator_py.so
[7.700s] -- Set runtime path of "/home/andrew/leto/install/satellite_interfaces/lib/libsatellite_interfaces__rosidl_generator_py.so" to ""
[7.700s] -- Up-to-date: /home/andrew/leto/install/satellite_interfaces/share/satellite_interfaces/srv/SatelliteData.idl
[7.700s] -- Installing: /home/andrew/leto/install/satellite_interfaces/share/satellite_interfaces/srv/SatelliteSetPos.idl
[7.701s] -- Up-to-date: /home/andrew/leto/install/satellite_interfaces/share/satellite_interfaces/srv/SatelliteData.srv
[7.701s] -- Up-to-date: /home/andrew/leto/install/satellite_interfaces/share/satellite_interfaces/srv/SatelliteData_Request.msg
[7.701s] -- Up-to-date: /home/andrew/leto/install/satellite_interfaces/share/satellite_interfaces/srv/SatelliteData_Response.msg
[7.701s] -- Installing: /home/andrew/leto/install/satellite_interfaces/share/satellite_interfaces/srv/SatelliteSetPos.srv
[7.701s] -- Installing: /home/andrew/leto/install/satellite_interfaces/share/satellite_interfaces/srv/SatelliteSetPos_Request.msg
[7.701s] -- Installing: /home/andrew/leto/install/satellite_interfaces/share/satellite_interfaces/srv/SatelliteSetPos_Response.msg
[7.701s] -- Installing: /home/andrew/leto/install/satellite_interfaces/share/ament_index/resource_index/package_run_dependencies/satellite_interfaces
[7.701s] -- Installing: /home/andrew/leto/install/satellite_interfaces/share/ament_index/resource_index/parent_prefix_path/satellite_interfaces
[7.701s] -- Up-to-date: /home/andrew/leto/install/satellite_interfaces/share/satellite_interfaces/environment/ament_prefix_path.sh
[7.701s] -- Up-to-date: /home/andrew/leto/install/satellite_interfaces/share/satellite_interfaces/environment/ament_prefix_path.dsv
[7.701s] -- Up-to-date: /home/andrew/leto/install/satellite_interfaces/share/satellite_interfaces/environment/path.sh
[7.701s] -- Up-to-date: /home/andrew/leto/install/satellite_interfaces/share/satellite_interfaces/environment/path.dsv
[7.701s] -- Up-to-date: /home/andrew/leto/install/satellite_interfaces/share/satellite_interfaces/local_setup.bash
[7.701s] -- Up-to-date: /home/andrew/leto/install/satellite_interfaces/share/satellite_interfaces/local_setup.sh
[7.701s] -- Up-to-date: /home/andrew/leto/install/satellite_interfaces/share/satellite_interfaces/local_setup.zsh
[7.701s] -- Up-to-date: /home/andrew/leto/install/satellite_interfaces/share/satellite_interfaces/local_setup.dsv
[7.701s] -- Installing: /home/andrew/leto/install/satellite_interfaces/share/satellite_interfaces/package.dsv
[7.701s] -- Up-to-date: /home/andrew/leto/install/satellite_interfaces/share/ament_index/resource_index/packages/satellite_interfaces
[7.701s] -- Old export file "/home/andrew/leto/install/satellite_interfaces/share/satellite_interfaces/cmake/export_satellite_interfaces__rosidl_generator_cExport.cmake" will be replaced.  Removing files [/home/andrew/leto/install/satellite_interfaces/share/satellite_interfaces/cmake/export_satellite_interfaces__rosidl_generator_cExport-noconfig.cmake].
[7.702s] -- Installing: /home/andrew/leto/install/satellite_interfaces/share/satellite_interfaces/cmake/export_satellite_interfaces__rosidl_generator_cExport.cmake
[7.702s] -- Installing: /home/andrew/leto/install/satellite_interfaces/share/satellite_interfaces/cmake/export_satellite_interfaces__rosidl_generator_cExport-noconfig.cmake
[7.702s] -- Old export file "/home/andrew/leto/install/satellite_interfaces/share/satellite_interfaces/cmake/export_satellite_interfaces__rosidl_typesupport_fastrtps_cExport.cmake" will be replaced.  Removing files [/home/andrew/leto/install/satellite_interfaces/share/satellite_interfaces/cmake/export_satellite_interfaces__rosidl_typesupport_fastrtps_cExport-noconfig.cmake].
[7.702s] -- Installing: /home/andrew/leto/install/satellite_interfaces/share/satellite_interfaces/cmake/export_satellite_interfaces__rosidl_typesupport_fastrtps_cExport.cmake
[7.702s] -- Installing: /home/andrew/leto/install/satellite_interfaces/share/satellite_interfaces/cmake/export_satellite_interfaces__rosidl_typesupport_fastrtps_cExport-noconfig.cmake
[7.702s] -- Installing: /home/andrew/leto/install/satellite_interfaces/share/satellite_interfaces/cmake/export_satellite_interfaces__rosidl_generator_cppExport.cmake
[7.702s] -- Old export file "/home/andrew/leto/install/satellite_interfaces/share/satellite_interfaces/cmake/export_satellite_interfaces__rosidl_typesupport_fastrtps_cppExport.cmake" will be replaced.  Removing files [/home/andrew/leto/install/satellite_interfaces/share/satellite_interfaces/cmake/export_satellite_interfaces__rosidl_typesupport_fastrtps_cppExport-noconfig.cmake].
[7.702s] -- Installing: /home/andrew/leto/install/satellite_interfaces/share/satellite_interfaces/cmake/export_satellite_interfaces__rosidl_typesupport_fastrtps_cppExport.cmake
[7.702s] -- Installing: /home/andrew/leto/install/satellite_interfaces/share/satellite_interfaces/cmake/export_satellite_interfaces__rosidl_typesupport_fastrtps_cppExport-noconfig.cmake
[7.702s] -- Old export file "/home/andrew/leto/install/satellite_interfaces/share/satellite_interfaces/cmake/satellite_interfaces__rosidl_typesupport_introspection_cExport.cmake" will be replaced.  Removing files [/home/andrew/leto/install/satellite_interfaces/share/satellite_interfaces/cmake/satellite_interfaces__rosidl_typesupport_introspection_cExport-noconfig.cmake].
[7.702s] -- Installing: /home/andrew/leto/install/satellite_interfaces/share/satellite_interfaces/cmake/satellite_interfaces__rosidl_typesupport_introspection_cExport.cmake
[7.702s] -- Installing: /home/andrew/leto/install/satellite_interfaces/share/satellite_interfaces/cmake/satellite_interfaces__rosidl_typesupport_introspection_cExport-noconfig.cmake
[7.702s] -- Old export file "/home/andrew/leto/install/satellite_interfaces/share/satellite_interfaces/cmake/satellite_interfaces__rosidl_typesupport_cExport.cmake" will be replaced.  Removing files [/home/andrew/leto/install/satellite_interfaces/share/satellite_interfaces/cmake/satellite_interfaces__rosidl_typesupport_cExport-noconfig.cmake].
[7.702s] -- Installing: /home/andrew/leto/install/satellite_interfaces/share/satellite_interfaces/cmake/satellite_interfaces__rosidl_typesupport_cExport.cmake
[7.702s] -- Installing: /home/andrew/leto/install/satellite_interfaces/share/satellite_interfaces/cmake/satellite_interfaces__rosidl_typesupport_cExport-noconfig.cmake
[7.702s] -- Old export file "/home/andrew/leto/install/satellite_interfaces/share/satellite_interfaces/cmake/satellite_interfaces__rosidl_typesupport_introspection_cppExport.cmake" will be replaced.  Removing files [/home/andrew/leto/install/satellite_interfaces/share/satellite_interfaces/cmake/satellite_interfaces__rosidl_typesupport_introspection_cppExport-noconfig.cmake].
[7.702s] -- Installing: /home/andrew/leto/install/satellite_interfaces/share/satellite_interfaces/cmake/satellite_interfaces__rosidl_typesupport_introspection_cppExport.cmake
[7.702s] -- Installing: /home/andrew/leto/install/satellite_interfaces/share/satellite_interfaces/cmake/satellite_interfaces__rosidl_typesupport_introspection_cppExport-noconfig.cmake
[7.703s] -- Old export file "/home/andrew/leto/install/satellite_interfaces/share/satellite_interfaces/cmake/satellite_interfaces__rosidl_typesupport_cppExport.cmake" will be replaced.  Removing files [/home/andrew/leto/install/satellite_interfaces/share/satellite_interfaces/cmake/satellite_interfaces__rosidl_typesupport_cppExport-noconfig.cmake].
[7.703s] -- Installing: /home/andrew/leto/install/satellite_interfaces/share/satellite_interfaces/cmake/satellite_interfaces__rosidl_typesupport_cppExport.cmake
[7.703s] -- Installing: /home/andrew/leto/install/satellite_interfaces/share/satellite_interfaces/cmake/satellite_interfaces__rosidl_typesupport_cppExport-noconfig.cmake
[7.703s] -- Old export file "/home/andrew/leto/install/satellite_interfaces/share/satellite_interfaces/cmake/export_satellite_interfaces__rosidl_generator_pyExport.cmake" will be replaced.  Removing files [/home/andrew/leto/install/satellite_interfaces/share/satellite_interfaces/cmake/export_satellite_interfaces__rosidl_generator_pyExport-noconfig.cmake].
[7.703s] -- Installing: /home/andrew/leto/install/satellite_interfaces/share/satellite_interfaces/cmake/export_satellite_interfaces__rosidl_generator_pyExport.cmake
[7.703s] -- Installing: /home/andrew/leto/install/satellite_interfaces/share/satellite_interfaces/cmake/export_satellite_interfaces__rosidl_generator_pyExport-noconfig.cmake
[7.703s] -- Installing: /home/andrew/leto/install/satellite_interfaces/share/satellite_interfaces/cmake/rosidl_cmake-extras.cmake
[7.703s] -- Installing: /home/andrew/leto/install/satellite_interfaces/share/satellite_interfaces/cmake/ament_cmake_export_dependencies-extras.cmake
[7.703s] -- Up-to-date: /home/andrew/leto/install/satellite_interfaces/share/satellite_interfaces/cmake/ament_cmake_export_include_directories-extras.cmake
[7.703s] -- Up-to-date: /home/andrew/leto/install/satellite_interfaces/share/satellite_interfaces/cmake/ament_cmake_export_libraries-extras.cmake
[7.703s] -- Installing: /home/andrew/leto/install/satellite_interfaces/share/satellite_interfaces/cmake/ament_cmake_export_targets-extras.cmake
[7.703s] -- Installing: /home/andrew/leto/install/satellite_interfaces/share/satellite_interfaces/cmake/rosidl_cmake_export_typesupport_targets-extras.cmake
[7.703s] -- Up-to-date: /home/andrew/leto/install/satellite_interfaces/share/satellite_interfaces/cmake/rosidl_cmake_export_typesupport_libraries-extras.cmake
[7.703s] -- Up-to-date: /home/andrew/leto/install/satellite_interfaces/share/satellite_interfaces/cmake/satellite_interfacesConfig.cmake
[7.703s] -- Up-to-date: /home/andrew/leto/install/satellite_interfaces/share/satellite_interfaces/cmake/satellite_interfacesConfig-version.cmake
[7.704s] -- Installing: /home/andrew/leto/install/satellite_interfaces/share/satellite_interfaces/package.xml
[7.708s] Invoked command in '/home/andrew/leto/build/satellite_interfaces' returned '0': CMAKE_PREFIX_PATH=${CMAKE_PREFIX_PATH}:/home/andrew/leto/install/satellite_run:/opt/ros/iron /usr/bin/cmake --install /home/andrew/leto/build/satellite_interfaces
