[0.606s] Invoking command in '/home/andrew/leto/src/satellite_run': PYTHONPATH=/home/andrew/leto/build/satellite_run/prefix_override:/home/andrew/leto/install/satellite_run/lib/python3.10/site-packages:${PYTHONPATH} /usr/bin/python3 setup.py egg_info --egg-base ../../build/satellite_run build --build-base /home/andrew/leto/build/satellite_run/build install --record /home/andrew/leto/build/satellite_run/install.log --single-version-externally-managed
[0.773s] running egg_info
[0.773s] writing ../../build/satellite_run/satellite_run.egg-info/PKG-INFO
[0.773s] writing dependency_links to ../../build/satellite_run/satellite_run.egg-info/dependency_links.txt
[0.773s] writing entry points to ../../build/satellite_run/satellite_run.egg-info/entry_points.txt
[0.773s] writing requirements to ../../build/satellite_run/satellite_run.egg-info/requires.txt
[0.773s] writing top-level names to ../../build/satellite_run/satellite_run.egg-info/top_level.txt
[0.774s] reading manifest file '../../build/satellite_run/satellite_run.egg-info/SOURCES.txt'
[0.775s] writing manifest file '../../build/satellite_run/satellite_run.egg-info/SOURCES.txt'
[0.775s] running build
[0.775s] running build_py
[0.775s] copying satellite_run/SatelliteRunner.py -> /home/andrew/leto/build/satellite_run/build/lib/satellite_run
[0.775s] running install
[0.775s] /usr/lib/python3/dist-packages/setuptools/command/install.py:34: SetuptoolsDeprecationWarning: setup.py install is deprecated. Use build and pip and other standards-based tools.
[0.775s]   warnings.warn(
[0.775s] running install_lib
[0.776s] copying /home/andrew/leto/build/satellite_run/build/lib/satellite_run/SatelliteRunner.py -> /home/andrew/leto/install/satellite_run/lib/python3.10/site-packages/satellite_run
[0.776s] byte-compiling /home/andrew/leto/install/satellite_run/lib/python3.10/site-packages/satellite_run/SatelliteRunner.py to SatelliteRunner.cpython-310.pyc
[0.776s] running install_data
[0.777s] running install_egg_info
[0.778s] removing '/home/andrew/leto/install/satellite_run/lib/python3.10/site-packages/satellite_run-0.0.0-py3.10.egg-info' (and everything under it)
[0.778s] Copying ../../build/satellite_run/satellite_run.egg-info to /home/andrew/leto/install/satellite_run/lib/python3.10/site-packages/satellite_run-0.0.0-py3.10.egg-info
[0.778s] running install_scripts
[0.794s] Installing satellite_runner script to /home/andrew/leto/install/satellite_run/lib/satellite_run
[0.794s] writing list of installed files to '/home/andrew/leto/build/satellite_run/install.log'
[0.812s] Invoked command in '/home/andrew/leto/src/satellite_run' returned '0': PYTHONPATH=/home/andrew/leto/build/satellite_run/prefix_override:/home/andrew/leto/install/satellite_run/lib/python3.10/site-packages:${PYTHONPATH} /usr/bin/python3 setup.py egg_info --egg-base ../../build/satellite_run build --build-base /home/andrew/leto/build/satellite_run/build install --record /home/andrew/leto/build/satellite_run/install.log --single-version-externally-managed
