running egg_info
writing ../../build/satellite_run/satellite_run.egg-info/PKG-INFO
writing dependency_links to ../../build/satellite_run/satellite_run.egg-info/dependency_links.txt
writing entry points to ../../build/satellite_run/satellite_run.egg-info/entry_points.txt
writing requirements to ../../build/satellite_run/satellite_run.egg-info/requires.txt
writing top-level names to ../../build/satellite_run/satellite_run.egg-info/top_level.txt
reading manifest file '../../build/satellite_run/satellite_run.egg-info/SOURCES.txt'
writing manifest file '../../build/satellite_run/satellite_run.egg-info/SOURCES.txt'
running build
running build_py
copying satellite_run/SatelliteServices.py -> /home/andrew/leto/build/satellite_run/build/lib/satellite_run
running install
running install_lib
copying /home/andrew/leto/build/satellite_run/build/lib/satellite_run/SatelliteServices.py -> /home/andrew/leto/install/satellite_run/lib/python3.10/site-packages/satellite_run
byte-compiling /home/andrew/leto/install/satellite_run/lib/python3.10/site-packages/satellite_run/SatelliteServices.py to SatelliteServices.cpython-310.pyc
/usr/lib/python3/dist-packages/setuptools/command/install.py:34: SetuptoolsDeprecationWarning: setup.py install is deprecated. Use build and pip and other standards-based tools.
  warnings.warn(
running install_data
running install_egg_info
removing '/home/andrew/leto/install/satellite_run/lib/python3.10/site-packages/satellite_run-0.0.0-py3.10.egg-info' (and everything under it)
Copying ../../build/satellite_run/satellite_run.egg-info to /home/andrew/leto/install/satellite_run/lib/python3.10/site-packages/satellite_run-0.0.0-py3.10.egg-info
running install_scripts
Installing satellite_move script to /home/andrew/leto/install/satellite_run/lib/satellite_run
Installing satellite_runner script to /home/andrew/leto/install/satellite_run/lib/satellite_run
Installing satellite_services script to /home/andrew/leto/install/satellite_run/lib/satellite_run
Installing state_publisher script to /home/andrew/leto/install/satellite_run/lib/satellite_run
writing list of installed files to '/home/andrew/leto/build/satellite_run/install.log'
