[0.981s] Invoking command in '/home/andrew/leto/src/satellite_run': AMENT_PREFIX_PATH=/home/andrew/leto/install/satellite_interfaces:${AMENT_PREFIX_PATH} CMAKE_PREFIX_PATH=/home/andrew/leto/install/satellite_interfaces LD_LIBRARY_PATH=/home/andrew/leto/install/satellite_interfaces/lib:${LD_LIBRARY_PATH} PYTHONPATH=/home/andrew/leto/build/satellite_run/prefix_override:/home/andrew/leto/install/satellite_run/lib/python3.10/site-packages:/home/andrew/leto/install/satellite_interfaces/lib/python3.10/site-packages:${PYTHONPATH} /usr/bin/python3 setup.py egg_info --egg-base ../../build/satellite_run build --build-base /home/andrew/leto/build/satellite_run/build install --record /home/andrew/leto/build/satellite_run/install.log --single-version-externally-managed
[1.162s] running egg_info
[1.165s] writing ../../build/satellite_run/satellite_run.egg-info/PKG-INFO
[1.165s] writing dependency_links to ../../build/satellite_run/satellite_run.egg-info/dependency_links.txt
[1.166s] writing entry points to ../../build/satellite_run/satellite_run.egg-info/entry_points.txt
[1.166s] writing requirements to ../../build/satellite_run/satellite_run.egg-info/requires.txt
[1.166s] writing top-level names to ../../build/satellite_run/satellite_run.egg-info/top_level.txt
[1.169s] reading manifest file '../../build/satellite_run/satellite_run.egg-info/SOURCES.txt'
[1.170s] writing manifest file '../../build/satellite_run/satellite_run.egg-info/SOURCES.txt'
[1.170s] running build
[1.170s] running build_py
[1.171s] copying satellite_run/SatelliteUtils.py -> /home/andrew/leto/build/satellite_run/build/lib/satellite_run
[1.171s] running install
[1.179s] /usr/lib/python3/dist-packages/setuptools/command/install.py:34: SetuptoolsDeprecationWarning: setup.py install is deprecated. Use build and pip and other standards-based tools.
[1.179s]   warnings.warn(
[1.180s] running install_lib
[1.180s] copying /home/andrew/leto/build/satellite_run/build/lib/satellite_run/SatelliteUtils.py -> /home/andrew/leto/install/satellite_run/lib/python3.10/site-packages/satellite_run
[1.180s] byte-compiling /home/andrew/leto/install/satellite_run/lib/python3.10/site-packages/satellite_run/SatelliteUtils.py to SatelliteUtils.cpython-310.pyc
[1.182s] running install_data
[1.182s] running install_egg_info
[1.183s] removing '/home/andrew/leto/install/satellite_run/lib/python3.10/site-packages/satellite_run-0.0.0-py3.10.egg-info' (and everything under it)
[1.183s] Copying ../../build/satellite_run/satellite_run.egg-info to /home/andrew/leto/install/satellite_run/lib/python3.10/site-packages/satellite_run-0.0.0-py3.10.egg-info
[1.184s] running install_scripts
[1.200s] Installing satellite_runner script to /home/andrew/leto/install/satellite_run/lib/satellite_run
[1.200s] Installing satellite_utils script to /home/andrew/leto/install/satellite_run/lib/satellite_run
[1.201s] Installing state_publisher script to /home/andrew/leto/install/satellite_run/lib/satellite_run
[1.201s] writing list of installed files to '/home/andrew/leto/build/satellite_run/install.log'
[1.216s] Invoked command in '/home/andrew/leto/src/satellite_run' returned '0': AMENT_PREFIX_PATH=/home/andrew/leto/install/satellite_interfaces:${AMENT_PREFIX_PATH} CMAKE_PREFIX_PATH=/home/andrew/leto/install/satellite_interfaces LD_LIBRARY_PATH=/home/andrew/leto/install/satellite_interfaces/lib:${LD_LIBRARY_PATH} PYTHONPATH=/home/andrew/leto/build/satellite_run/prefix_override:/home/andrew/leto/install/satellite_run/lib/python3.10/site-packages:/home/andrew/leto/install/satellite_interfaces/lib/python3.10/site-packages:${PYTHONPATH} /usr/bin/python3 setup.py egg_info --egg-base ../../build/satellite_run build --build-base /home/andrew/leto/build/satellite_run/build install --record /home/andrew/leto/build/satellite_run/install.log --single-version-externally-managed
