[0.062s] Invoking command in '/home/andrew/leto/build/satellite_interfaces': CMAKE_PREFIX_PATH=${CMAKE_PREFIX_PATH}:/home/andrew/leto/install/satellite_run:/opt/ros/iron /usr/bin/cmake --build /home/andrew/leto/build/satellite_interfaces -- -j6 -l6
[0.078s] -- Found ament_cmake: 2.0.5 (/opt/ros/iron/share/ament_cmake/cmake)
[0.220s] -- Found rosidl_default_generators: 1.5.0 (/opt/ros/iron/share/rosidl_default_generators/cmake)
[0.223s] -- Using all available rosidl_typesupport_c: rosidl_typesupport_fastrtps_c;rosidl_typesupport_introspection_c
[0.252s] -- Using all available rosidl_typesupport_cpp: rosidl_typesupport_fastrtps_cpp;rosidl_typesupport_introspection_cpp
[0.270s] -- Found rosidl_adapter: 4.0.1 (/opt/ros/iron/share/rosidl_adapter/cmake)
[0.671s] -- Found ament_cmake_ros: 0.11.2 (/opt/ros/iron/share/ament_cmake_ros/cmake)
[0.831s] -- Using all available rosidl_typesupport_c: rosidl_typesupport_fastrtps_c;rosidl_typesupport_introspection_c
[1.016s] -- Using all available rosidl_typesupport_cpp: rosidl_typesupport_fastrtps_cpp;rosidl_typesupport_introspection_cpp
[1.038s] -- Found python_cmake_module: 0.10.2 (/opt/ros/iron/share/python_cmake_module/cmake)
[1.057s] -- Using PYTHON_EXECUTABLE: /usr/bin/python3
[1.057s] -- Using PYTHON_INCLUDE_DIRS: /usr/include/python3.10
[1.057s] -- Using PYTHON_LIBRARIES: /usr/lib/x86_64-linux-gnu/libpython3.10.so
[1.067s] -- Found ament_lint_auto: 0.14.3 (/opt/ros/iron/share/ament_lint_auto/cmake)
[1.073s] -- Added test 'lint_cmake' to check CMake code style
[1.073s] -- Added test 'xmllint' to check XML markup files
[1.077s] -- Configuring done
[1.136s] -- Generating done
[1.145s] -- Build files have been written to: /home/andrew/leto/build/satellite_interfaces
[1.188s] [  2%] [34m[1mGenerating type hashes for ROS interfaces[0m
[1.199s] [  2%] Built target ament_cmake_python_copy_satellite_interfaces
[1.390s] [  2%] Built target satellite_interfaces__rosidl_generator_type_description
[1.400s] [  5%] [34m[1mGenerating C code for ROS interfaces[0m
[1.414s] [  8%] [34m[1mGenerating C++ code for ROS interfaces[0m
[1.450s] running egg_info
[1.451s] writing satellite_interfaces.egg-info/PKG-INFO
[1.451s] writing dependency_links to satellite_interfaces.egg-info/dependency_links.txt
[1.451s] writing top-level names to satellite_interfaces.egg-info/top_level.txt
[1.454s] reading manifest file 'satellite_interfaces.egg-info/SOURCES.txt'
[1.455s] writing manifest file 'satellite_interfaces.egg-info/SOURCES.txt'
[1.489s] [  8%] Built target ament_cmake_python_build_satellite_interfaces_egg
[1.767s] [35m[1mConsolidate compiler generated dependencies of target satellite_interfaces__rosidl_generator_c[0m
[1.774s] [  8%] Built target satellite_interfaces__cpp
[1.778s] [ 11%] [32mBuilding C object CMakeFiles/satellite_interfaces__rosidl_generator_c.dir/rosidl_generator_c/satellite_interfaces/srv/detail/spawn_satellite__description.c.o[0m
[1.778s] [ 14%] [32mBuilding C object CMakeFiles/satellite_interfaces__rosidl_generator_c.dir/rosidl_generator_c/satellite_interfaces/srv/detail/spawn_satellite__type_support.c.o[0m
[1.779s] [ 17%] [32mBuilding C object CMakeFiles/satellite_interfaces__rosidl_generator_c.dir/rosidl_generator_c/satellite_interfaces/srv/detail/spawn_satellite__functions.c.o[0m
[1.861s] [ 20%] [32m[1mLinking C shared library libsatellite_interfaces__rosidl_generator_c.so[0m
[1.911s] [ 20%] Built target satellite_interfaces__rosidl_generator_c
[1.925s] [ 23%] [34m[1mGenerating C++ type support dispatch for ROS interfaces[0m
[1.926s] [ 26%] [34m[1mGenerating C++ type support for eProsima Fast-RTPS[0m
[1.926s] [ 29%] [34m[1mGenerating C type support for eProsima Fast-RTPS[0m
[1.931s] [ 32%] [34m[1mGenerating C++ introspection for ROS interfaces[0m
[1.944s] [ 35%] [34m[1mGenerating C introspection for ROS interfaces[0m
[1.967s] [ 38%] [34m[1mGenerating C type support dispatch for ROS interfaces[0m
[2.215s] [35m[1mConsolidate compiler generated dependencies of target satellite_interfaces__rosidl_typesupport_cpp[0m
[2.225s] [ 41%] [32mBuilding CXX object CMakeFiles/satellite_interfaces__rosidl_typesupport_cpp.dir/rosidl_typesupport_cpp/satellite_interfaces/srv/spawn_satellite__type_support.cpp.o[0m
[2.257s] [35m[1mConsolidate compiler generated dependencies of target satellite_interfaces__rosidl_typesupport_fastrtps_cpp[0m
[2.289s] [ 44%] [32mBuilding CXX object CMakeFiles/satellite_interfaces__rosidl_typesupport_fastrtps_cpp.dir/rosidl_typesupport_fastrtps_cpp/satellite_interfaces/srv/detail/dds_fastrtps/spawn_satellite__type_support.cpp.o[0m
[2.349s] [35m[1mConsolidate compiler generated dependencies of target satellite_interfaces__rosidl_typesupport_fastrtps_c[0m
[2.369s] [ 47%] [32mBuilding CXX object CMakeFiles/satellite_interfaces__rosidl_typesupport_fastrtps_c.dir/rosidl_typesupport_fastrtps_c/satellite_interfaces/srv/detail/spawn_satellite__type_support_c.cpp.o[0m
[2.378s] [35m[1mConsolidate compiler generated dependencies of target satellite_interfaces__rosidl_typesupport_c[0m
[2.392s] [ 50%] [32mBuilding CXX object CMakeFiles/satellite_interfaces__rosidl_typesupport_c.dir/rosidl_typesupport_c/satellite_interfaces/srv/spawn_satellite__type_support.cpp.o[0m
[2.398s] [35m[1mConsolidate compiler generated dependencies of target satellite_interfaces__rosidl_typesupport_introspection_c[0m
[2.444s] [35m[1mConsolidate compiler generated dependencies of target satellite_interfaces__rosidl_typesupport_introspection_cpp[0m
[2.460s] [ 52%] [32m[1mLinking CXX shared library libsatellite_interfaces__rosidl_typesupport_c.so[0m
[2.465s] [ 55%] [32mBuilding C object CMakeFiles/satellite_interfaces__rosidl_typesupport_introspection_c.dir/rosidl_typesupport_introspection_c/satellite_interfaces/srv/detail/spawn_satellite__type_support.c.o[0m
[2.478s] [ 58%] [32mBuilding CXX object CMakeFiles/satellite_interfaces__rosidl_typesupport_introspection_cpp.dir/rosidl_typesupport_introspection_cpp/satellite_interfaces/srv/detail/spawn_satellite__type_support.cpp.o[0m
[2.525s] [ 58%] Built target satellite_interfaces__rosidl_typesupport_c
[2.576s] [ 61%] [32m[1mLinking C shared library libsatellite_interfaces__rosidl_typesupport_introspection_c.so[0m
[2.633s] [ 61%] Built target satellite_interfaces__rosidl_typesupport_introspection_c
[2.789s] [ 64%] [32m[1mLinking CXX shared library libsatellite_interfaces__rosidl_typesupport_fastrtps_c.so[0m
[2.889s] [ 67%] [32m[1mLinking CXX shared library libsatellite_interfaces__rosidl_typesupport_cpp.so[0m
[2.932s] [ 67%] Built target satellite_interfaces__rosidl_typesupport_fastrtps_c
[2.991s] [ 67%] Built target satellite_interfaces__rosidl_typesupport_cpp
[3.019s] [ 70%] [32m[1mLinking CXX shared library libsatellite_interfaces__rosidl_typesupport_introspection_cpp.so[0m
[3.119s] [ 73%] [32m[1mLinking CXX shared library libsatellite_interfaces__rosidl_typesupport_fastrtps_cpp.so[0m
[3.130s] [ 73%] Built target satellite_interfaces__rosidl_typesupport_introspection_cpp
[3.209s] [ 73%] Built target satellite_interfaces__rosidl_typesupport_fastrtps_cpp
[3.228s] [ 73%] Built target satellite_interfaces
[3.249s] [ 76%] [34m[1mGenerating Python code for ROS interfaces[0m
[3.642s] [ 76%] Built target satellite_interfaces__py
[3.658s] [35m[1mConsolidate compiler generated dependencies of target satellite_interfaces__rosidl_generator_py[0m
[3.675s] [ 79%] [32mBuilding C object CMakeFiles/satellite_interfaces__rosidl_generator_py.dir/rosidl_generator_py/satellite_interfaces/srv/_spawn_satellite_s.c.o[0m
[3.789s] [ 82%] [32m[1mLinking C shared library rosidl_generator_py/satellite_interfaces/libsatellite_interfaces__rosidl_generator_py.so[0m
[3.821s] [ 82%] Built target satellite_interfaces__rosidl_generator_py
[3.831s] [35m[1mConsolidate compiler generated dependencies of target satellite_interfaces__rosidl_typesupport_c__pyext[0m
[3.837s] [35m[1mConsolidate compiler generated dependencies of target satellite_interfaces__rosidl_typesupport_fastrtps_c__pyext[0m
[3.837s] [35m[1mConsolidate compiler generated dependencies of target satellite_interfaces__rosidl_typesupport_introspection_c__pyext[0m
[3.851s] [ 85%] [32mBuilding C object CMakeFiles/satellite_interfaces__rosidl_typesupport_introspection_c__pyext.dir/rosidl_generator_py/satellite_interfaces/_satellite_interfaces_s.ep.rosidl_typesupport_introspection_c.c.o[0m
[3.851s] [ 88%] [32mBuilding C object CMakeFiles/satellite_interfaces__rosidl_typesupport_fastrtps_c__pyext.dir/rosidl_generator_py/satellite_interfaces/_satellite_interfaces_s.ep.rosidl_typesupport_fastrtps_c.c.o[0m
[3.867s] [ 91%] [32mBuilding C object CMakeFiles/satellite_interfaces__rosidl_typesupport_c__pyext.dir/rosidl_generator_py/satellite_interfaces/_satellite_interfaces_s.ep.rosidl_typesupport_c.c.o[0m
[3.968s] [ 94%] [32m[1mLinking C shared library rosidl_generator_py/satellite_interfaces/satellite_interfaces_s__rosidl_typesupport_introspection_c.cpython-310-x86_64-linux-gnu.so[0m
[4.003s] [ 97%] [32m[1mLinking C shared library rosidl_generator_py/satellite_interfaces/satellite_interfaces_s__rosidl_typesupport_c.cpython-310-x86_64-linux-gnu.so[0m
[4.006s] [100%] [32m[1mLinking C shared library rosidl_generator_py/satellite_interfaces/satellite_interfaces_s__rosidl_typesupport_fastrtps_c.cpython-310-x86_64-linux-gnu.so[0m
[4.016s] [100%] Built target satellite_interfaces__rosidl_typesupport_introspection_c__pyext
[4.049s] [100%] Built target satellite_interfaces__rosidl_typesupport_c__pyext
[4.062s] [100%] Built target satellite_interfaces__rosidl_typesupport_fastrtps_c__pyext
[4.072s] Invoked command in '/home/andrew/leto/build/satellite_interfaces' returned '0': CMAKE_PREFIX_PATH=${CMAKE_PREFIX_PATH}:/home/andrew/leto/install/satellite_run:/opt/ros/iron /usr/bin/cmake --build /home/andrew/leto/build/satellite_interfaces -- -j6 -l6
[4.176s] Invoking command in '/home/andrew/leto/build/satellite_interfaces': CMAKE_PREFIX_PATH=${CMAKE_PREFIX_PATH}:/home/andrew/leto/install/satellite_run:/opt/ros/iron /usr/bin/cmake --install /home/andrew/leto/build/satellite_interfaces
[4.184s] -- Install configuration: ""
[4.184s] -- Up-to-date: /home/andrew/leto/install/satellite_interfaces/share/ament_index/resource_index/rosidl_interfaces/satellite_interfaces
[4.185s] -- Installing: /home/andrew/leto/install/satellite_interfaces/share/satellite_interfaces/srv/SpawnSatellite.json
[4.185s] -- Up-to-date: /home/andrew/leto/install/satellite_interfaces/include/satellite_interfaces/satellite_interfaces
[4.185s] -- Up-to-date: /home/andrew/leto/install/satellite_interfaces/include/satellite_interfaces/satellite_interfaces/msg
[4.185s] -- Up-to-date: /home/andrew/leto/install/satellite_interfaces/include/satellite_interfaces/satellite_interfaces/msg/rosidl_generator_c__visibility_control.h
[4.185s] -- Up-to-date: /home/andrew/leto/install/satellite_interfaces/include/satellite_interfaces/satellite_interfaces/srv
[4.185s] -- Installing: /home/andrew/leto/install/satellite_interfaces/include/satellite_interfaces/satellite_interfaces/srv/spawn_satellite.h
[4.186s] -- Up-to-date: /home/andrew/leto/install/satellite_interfaces/include/satellite_interfaces/satellite_interfaces/srv/detail
[4.186s] -- Installing: /home/andrew/leto/install/satellite_interfaces/include/satellite_interfaces/satellite_interfaces/srv/detail/spawn_satellite__functions.h
[4.188s] -- Installing: /home/andrew/leto/install/satellite_interfaces/include/satellite_interfaces/satellite_interfaces/srv/detail/spawn_satellite__struct.h
[4.188s] -- Installing: /home/andrew/leto/install/satellite_interfaces/include/satellite_interfaces/satellite_interfaces/srv/detail/spawn_satellite__type_support.h
[4.189s] -- Installing: /home/andrew/leto/install/satellite_interfaces/include/satellite_interfaces/satellite_interfaces/srv/detail/spawn_satellite__functions.c
[4.189s] -- Installing: /home/andrew/leto/install/satellite_interfaces/include/satellite_interfaces/satellite_interfaces/srv/detail/spawn_satellite__type_support.c
[4.190s] -- Installing: /home/andrew/leto/install/satellite_interfaces/include/satellite_interfaces/satellite_interfaces/srv/detail/spawn_satellite__description.c
[4.190s] -- Up-to-date: /home/andrew/leto/install/satellite_interfaces/share/satellite_interfaces/environment/library_path.sh
[4.190s] -- Up-to-date: /home/andrew/leto/install/satellite_interfaces/share/satellite_interfaces/environment/library_path.dsv
[4.191s] -- Installing: /home/andrew/leto/install/satellite_interfaces/lib/libsatellite_interfaces__rosidl_generator_c.so
[4.192s] -- Set runtime path of "/home/andrew/leto/install/satellite_interfaces/lib/libsatellite_interfaces__rosidl_generator_c.so" to ""
[4.192s] -- Up-to-date: /home/andrew/leto/install/satellite_interfaces/include/satellite_interfaces/satellite_interfaces
[4.192s] -- Up-to-date: /home/andrew/leto/install/satellite_interfaces/include/satellite_interfaces/satellite_interfaces/msg
[4.192s] -- Up-to-date: /home/andrew/leto/install/satellite_interfaces/include/satellite_interfaces/satellite_interfaces/msg/rosidl_typesupport_fastrtps_c__visibility_control.h
[4.192s] -- Up-to-date: /home/andrew/leto/install/satellite_interfaces/include/satellite_interfaces/satellite_interfaces/srv
[4.193s] -- Up-to-date: /home/andrew/leto/install/satellite_interfaces/include/satellite_interfaces/satellite_interfaces/srv/detail
[4.193s] -- Installing: /home/andrew/leto/install/satellite_interfaces/include/satellite_interfaces/satellite_interfaces/srv/detail/spawn_satellite__rosidl_typesupport_fastrtps_c.h
[4.194s] -- Installing: /home/andrew/leto/install/satellite_interfaces/lib/libsatellite_interfaces__rosidl_typesupport_fastrtps_c.so
[4.194s] -- Set runtime path of "/home/andrew/leto/install/satellite_interfaces/lib/libsatellite_interfaces__rosidl_typesupport_fastrtps_c.so" to ""
[4.195s] -- Up-to-date: /home/andrew/leto/install/satellite_interfaces/include/satellite_interfaces/satellite_interfaces
[4.195s] -- Up-to-date: /home/andrew/leto/install/satellite_interfaces/include/satellite_interfaces/satellite_interfaces/msg
[4.195s] -- Up-to-date: /home/andrew/leto/install/satellite_interfaces/include/satellite_interfaces/satellite_interfaces/msg/rosidl_typesupport_introspection_c__visibility_control.h
[4.195s] -- Up-to-date: /home/andrew/leto/install/satellite_interfaces/include/satellite_interfaces/satellite_interfaces/srv
[4.195s] -- Up-to-date: /home/andrew/leto/install/satellite_interfaces/include/satellite_interfaces/satellite_interfaces/srv/detail
[4.195s] -- Installing: /home/andrew/leto/install/satellite_interfaces/include/satellite_interfaces/satellite_interfaces/srv/detail/spawn_satellite__rosidl_typesupport_introspection_c.h
[4.196s] -- Up-to-date: /home/andrew/leto/install/satellite_interfaces/include/satellite_interfaces/satellite_interfaces/srv/detail/spawn_satellite__type_support.c
[4.196s] -- Installing: /home/andrew/leto/install/satellite_interfaces/lib/libsatellite_interfaces__rosidl_typesupport_introspection_c.so
[4.197s] -- Set runtime path of "/home/andrew/leto/install/satellite_interfaces/lib/libsatellite_interfaces__rosidl_typesupport_introspection_c.so" to ""
[4.197s] -- Installing: /home/andrew/leto/install/satellite_interfaces/lib/libsatellite_interfaces__rosidl_typesupport_c.so
[4.198s] -- Set runtime path of "/home/andrew/leto/install/satellite_interfaces/lib/libsatellite_interfaces__rosidl_typesupport_c.so" to ""
[4.198s] -- Up-to-date: /home/andrew/leto/install/satellite_interfaces/include/satellite_interfaces/satellite_interfaces
[4.198s] -- Up-to-date: /home/andrew/leto/install/satellite_interfaces/include/satellite_interfaces/satellite_interfaces/srv
[4.198s] -- Installing: /home/andrew/leto/install/satellite_interfaces/include/satellite_interfaces/satellite_interfaces/srv/spawn_satellite.hpp
[4.198s] -- Up-to-date: /home/andrew/leto/install/satellite_interfaces/include/satellite_interfaces/satellite_interfaces/srv/detail
[4.199s] -- Installing: /home/andrew/leto/install/satellite_interfaces/include/satellite_interfaces/satellite_interfaces/srv/detail/spawn_satellite__traits.hpp
[4.199s] -- Installing: /home/andrew/leto/install/satellite_interfaces/include/satellite_interfaces/satellite_interfaces/srv/detail/spawn_satellite__struct.hpp
[4.199s] -- Installing: /home/andrew/leto/install/satellite_interfaces/include/satellite_interfaces/satellite_interfaces/srv/detail/spawn_satellite__builder.hpp
[4.200s] -- Up-to-date: /home/andrew/leto/install/satellite_interfaces/include/satellite_interfaces/satellite_interfaces
[4.200s] -- Up-to-date: /home/andrew/leto/install/satellite_interfaces/include/satellite_interfaces/satellite_interfaces/msg
[4.200s] -- Up-to-date: /home/andrew/leto/install/satellite_interfaces/include/satellite_interfaces/satellite_interfaces/msg/rosidl_typesupport_fastrtps_cpp__visibility_control.h
[4.200s] -- Up-to-date: /home/andrew/leto/install/satellite_interfaces/include/satellite_interfaces/satellite_interfaces/srv
[4.200s] -- Up-to-date: /home/andrew/leto/install/satellite_interfaces/include/satellite_interfaces/satellite_interfaces/srv/detail
[4.200s] -- Installing: /home/andrew/leto/install/satellite_interfaces/include/satellite_interfaces/satellite_interfaces/srv/detail/spawn_satellite__rosidl_typesupport_fastrtps_cpp.hpp
[4.201s] -- Up-to-date: /home/andrew/leto/install/satellite_interfaces/include/satellite_interfaces/satellite_interfaces/srv/detail/dds_fastrtps
[4.201s] -- Installing: /home/andrew/leto/install/satellite_interfaces/lib/libsatellite_interfaces__rosidl_typesupport_fastrtps_cpp.so
[4.202s] -- Set runtime path of "/home/andrew/leto/install/satellite_interfaces/lib/libsatellite_interfaces__rosidl_typesupport_fastrtps_cpp.so" to ""
[4.202s] -- Up-to-date: /home/andrew/leto/install/satellite_interfaces/include/satellite_interfaces/satellite_interfaces
[4.202s] -- Up-to-date: /home/andrew/leto/install/satellite_interfaces/include/satellite_interfaces/satellite_interfaces/srv
[4.202s] -- Up-to-date: /home/andrew/leto/install/satellite_interfaces/include/satellite_interfaces/satellite_interfaces/srv/detail
[4.203s] -- Installing: /home/andrew/leto/install/satellite_interfaces/include/satellite_interfaces/satellite_interfaces/srv/detail/spawn_satellite__rosidl_typesupport_introspection_cpp.hpp
[4.203s] -- Installing: /home/andrew/leto/install/satellite_interfaces/include/satellite_interfaces/satellite_interfaces/srv/detail/spawn_satellite__type_support.cpp
[4.203s] -- Installing: /home/andrew/leto/install/satellite_interfaces/lib/libsatellite_interfaces__rosidl_typesupport_introspection_cpp.so
[4.203s] -- Set runtime path of "/home/andrew/leto/install/satellite_interfaces/lib/libsatellite_interfaces__rosidl_typesupport_introspection_cpp.so" to ""
[4.204s] -- Installing: /home/andrew/leto/install/satellite_interfaces/lib/libsatellite_interfaces__rosidl_typesupport_cpp.so
[4.204s] -- Set runtime path of "/home/andrew/leto/install/satellite_interfaces/lib/libsatellite_interfaces__rosidl_typesupport_cpp.so" to ""
[4.204s] -- Up-to-date: /home/andrew/leto/install/satellite_interfaces/share/satellite_interfaces/environment/pythonpath.sh
[4.204s] -- Up-to-date: /home/andrew/leto/install/satellite_interfaces/share/satellite_interfaces/environment/pythonpath.dsv
[4.204s] -- Up-to-date: /home/andrew/leto/install/satellite_interfaces/lib/python3.10/site-packages/satellite_interfaces-0.0.0-py3.10.egg-info
[4.205s] -- Installing: /home/andrew/leto/install/satellite_interfaces/lib/python3.10/site-packages/satellite_interfaces-0.0.0-py3.10.egg-info/dependency_links.txt
[4.205s] -- Installing: /home/andrew/leto/install/satellite_interfaces/lib/python3.10/site-packages/satellite_interfaces-0.0.0-py3.10.egg-info/PKG-INFO
[4.205s] -- Installing: /home/andrew/leto/install/satellite_interfaces/lib/python3.10/site-packages/satellite_interfaces-0.0.0-py3.10.egg-info/SOURCES.txt
[4.205s] -- Installing: /home/andrew/leto/install/satellite_interfaces/lib/python3.10/site-packages/satellite_interfaces-0.0.0-py3.10.egg-info/top_level.txt
[4.205s] -- Up-to-date: /home/andrew/leto/install/satellite_interfaces/lib/python3.10/site-packages/satellite_interfaces
[4.205s] -- Installing: /home/andrew/leto/install/satellite_interfaces/lib/python3.10/site-packages/satellite_interfaces/libsatellite_interfaces__rosidl_generator_py.so
[4.205s] -- Installing: /home/andrew/leto/install/satellite_interfaces/lib/python3.10/site-packages/satellite_interfaces/satellite_interfaces_s__rosidl_typesupport_c.cpython-310-x86_64-linux-gnu.so
[4.206s] -- Up-to-date: /home/andrew/leto/install/satellite_interfaces/lib/python3.10/site-packages/satellite_interfaces/srv
[4.206s] -- Installing: /home/andrew/leto/install/satellite_interfaces/lib/python3.10/site-packages/satellite_interfaces/srv/_spawn_satellite_s.c
[4.206s] -- Installing: /home/andrew/leto/install/satellite_interfaces/lib/python3.10/site-packages/satellite_interfaces/srv/_spawn_satellite.py
[4.206s] -- Installing: /home/andrew/leto/install/satellite_interfaces/lib/python3.10/site-packages/satellite_interfaces/srv/__init__.py
[4.207s] -- Installing: /home/andrew/leto/install/satellite_interfaces/lib/python3.10/site-packages/satellite_interfaces/_satellite_interfaces_s.ep.rosidl_typesupport_c.c
[4.207s] -- Installing: /home/andrew/leto/install/satellite_interfaces/lib/python3.10/site-packages/satellite_interfaces/satellite_interfaces_s__rosidl_typesupport_introspection_c.cpython-310-x86_64-linux-gnu.so
[4.207s] -- Installing: /home/andrew/leto/install/satellite_interfaces/lib/python3.10/site-packages/satellite_interfaces/_satellite_interfaces_s.ep.rosidl_typesupport_fastrtps_c.c
[4.208s] -- Installing: /home/andrew/leto/install/satellite_interfaces/lib/python3.10/site-packages/satellite_interfaces/satellite_interfaces_s__rosidl_typesupport_fastrtps_c.cpython-310-x86_64-linux-gnu.so
[4.208s] -- Installing: /home/andrew/leto/install/satellite_interfaces/lib/python3.10/site-packages/satellite_interfaces/__init__.py
[4.208s] -- Installing: /home/andrew/leto/install/satellite_interfaces/lib/python3.10/site-packages/satellite_interfaces/_satellite_interfaces_s.ep.rosidl_typesupport_introspection_c.c
[4.255s] Listing '/home/andrew/leto/install/satellite_interfaces/lib/python3.10/site-packages/satellite_interfaces'...
[4.255s] Compiling '/home/andrew/leto/install/satellite_interfaces/lib/python3.10/site-packages/satellite_interfaces/__init__.py'...
[4.255s] Listing '/home/andrew/leto/install/satellite_interfaces/lib/python3.10/site-packages/satellite_interfaces/srv'...
[4.255s] Compiling '/home/andrew/leto/install/satellite_interfaces/lib/python3.10/site-packages/satellite_interfaces/srv/__init__.py'...
[4.256s] Compiling '/home/andrew/leto/install/satellite_interfaces/lib/python3.10/site-packages/satellite_interfaces/srv/_spawn_satellite.py'...
[4.260s] -- Installing: /home/andrew/leto/install/satellite_interfaces/lib/python3.10/site-packages/satellite_interfaces/satellite_interfaces_s__rosidl_typesupport_fastrtps_c.cpython-310-x86_64-linux-gnu.so
[4.260s] -- Set runtime path of "/home/andrew/leto/install/satellite_interfaces/lib/python3.10/site-packages/satellite_interfaces/satellite_interfaces_s__rosidl_typesupport_fastrtps_c.cpython-310-x86_64-linux-gnu.so" to ""
[4.260s] -- Installing: /home/andrew/leto/install/satellite_interfaces/lib/python3.10/site-packages/satellite_interfaces/satellite_interfaces_s__rosidl_typesupport_introspection_c.cpython-310-x86_64-linux-gnu.so
[4.261s] -- Set runtime path of "/home/andrew/leto/install/satellite_interfaces/lib/python3.10/site-packages/satellite_interfaces/satellite_interfaces_s__rosidl_typesupport_introspection_c.cpython-310-x86_64-linux-gnu.so" to ""
[4.261s] -- Installing: /home/andrew/leto/install/satellite_interfaces/lib/python3.10/site-packages/satellite_interfaces/satellite_interfaces_s__rosidl_typesupport_c.cpython-310-x86_64-linux-gnu.so
[4.261s] -- Set runtime path of "/home/andrew/leto/install/satellite_interfaces/lib/python3.10/site-packages/satellite_interfaces/satellite_interfaces_s__rosidl_typesupport_c.cpython-310-x86_64-linux-gnu.so" to ""
[4.262s] -- Installing: /home/andrew/leto/install/satellite_interfaces/lib/libsatellite_interfaces__rosidl_generator_py.so
[4.262s] -- Set runtime path of "/home/andrew/leto/install/satellite_interfaces/lib/libsatellite_interfaces__rosidl_generator_py.so" to ""
[4.263s] -- Installing: /home/andrew/leto/install/satellite_interfaces/share/satellite_interfaces/srv/SpawnSatellite.idl
[4.263s] -- Installing: /home/andrew/leto/install/satellite_interfaces/share/satellite_interfaces/srv/SpawnSatellite.srv
[4.263s] -- Installing: /home/andrew/leto/install/satellite_interfaces/share/satellite_interfaces/srv/SpawnSatellite_Request.msg
[4.263s] -- Up-to-date: /home/andrew/leto/install/satellite_interfaces/share/satellite_interfaces/srv/SpawnSatellite_Response.msg
[4.263s] -- Installing: /home/andrew/leto/install/satellite_interfaces/share/ament_index/resource_index/package_run_dependencies/satellite_interfaces
[4.263s] -- Up-to-date: /home/andrew/leto/install/satellite_interfaces/share/ament_index/resource_index/parent_prefix_path/satellite_interfaces
[4.263s] -- Up-to-date: /home/andrew/leto/install/satellite_interfaces/share/satellite_interfaces/environment/ament_prefix_path.sh
[4.263s] -- Up-to-date: /home/andrew/leto/install/satellite_interfaces/share/satellite_interfaces/environment/ament_prefix_path.dsv
[4.263s] -- Up-to-date: /home/andrew/leto/install/satellite_interfaces/share/satellite_interfaces/environment/path.sh
[4.263s] -- Up-to-date: /home/andrew/leto/install/satellite_interfaces/share/satellite_interfaces/environment/path.dsv
[4.263s] -- Up-to-date: /home/andrew/leto/install/satellite_interfaces/share/satellite_interfaces/local_setup.bash
[4.263s] -- Up-to-date: /home/andrew/leto/install/satellite_interfaces/share/satellite_interfaces/local_setup.sh
[4.263s] -- Up-to-date: /home/andrew/leto/install/satellite_interfaces/share/satellite_interfaces/local_setup.zsh
[4.263s] -- Up-to-date: /home/andrew/leto/install/satellite_interfaces/share/satellite_interfaces/local_setup.dsv
[4.263s] -- Installing: /home/andrew/leto/install/satellite_interfaces/share/satellite_interfaces/package.dsv
[4.263s] -- Up-to-date: /home/andrew/leto/install/satellite_interfaces/share/ament_index/resource_index/packages/satellite_interfaces
[4.263s] -- Old export file "/home/andrew/leto/install/satellite_interfaces/share/satellite_interfaces/cmake/export_satellite_interfaces__rosidl_generator_cExport.cmake" will be replaced.  Removing files [/home/andrew/leto/install/satellite_interfaces/share/satellite_interfaces/cmake/export_satellite_interfaces__rosidl_generator_cExport-noconfig.cmake].
[4.263s] -- Installing: /home/andrew/leto/install/satellite_interfaces/share/satellite_interfaces/cmake/export_satellite_interfaces__rosidl_generator_cExport.cmake
[4.263s] -- Installing: /home/andrew/leto/install/satellite_interfaces/share/satellite_interfaces/cmake/export_satellite_interfaces__rosidl_generator_cExport-noconfig.cmake
[4.264s] -- Old export file "/home/andrew/leto/install/satellite_interfaces/share/satellite_interfaces/cmake/export_satellite_interfaces__rosidl_typesupport_fastrtps_cExport.cmake" will be replaced.  Removing files [/home/andrew/leto/install/satellite_interfaces/share/satellite_interfaces/cmake/export_satellite_interfaces__rosidl_typesupport_fastrtps_cExport-noconfig.cmake].
[4.264s] -- Installing: /home/andrew/leto/install/satellite_interfaces/share/satellite_interfaces/cmake/export_satellite_interfaces__rosidl_typesupport_fastrtps_cExport.cmake
[4.264s] -- Installing: /home/andrew/leto/install/satellite_interfaces/share/satellite_interfaces/cmake/export_satellite_interfaces__rosidl_typesupport_fastrtps_cExport-noconfig.cmake
[4.264s] -- Old export file "/home/andrew/leto/install/satellite_interfaces/share/satellite_interfaces/cmake/satellite_interfaces__rosidl_typesupport_introspection_cExport.cmake" will be replaced.  Removing files [/home/andrew/leto/install/satellite_interfaces/share/satellite_interfaces/cmake/satellite_interfaces__rosidl_typesupport_introspection_cExport-noconfig.cmake].
[4.264s] -- Installing: /home/andrew/leto/install/satellite_interfaces/share/satellite_interfaces/cmake/satellite_interfaces__rosidl_typesupport_introspection_cExport.cmake
[4.264s] -- Installing: /home/andrew/leto/install/satellite_interfaces/share/satellite_interfaces/cmake/satellite_interfaces__rosidl_typesupport_introspection_cExport-noconfig.cmake
[4.265s] -- Old export file "/home/andrew/leto/install/satellite_interfaces/share/satellite_interfaces/cmake/satellite_interfaces__rosidl_typesupport_cExport.cmake" will be replaced.  Removing files [/home/andrew/leto/install/satellite_interfaces/share/satellite_interfaces/cmake/satellite_interfaces__rosidl_typesupport_cExport-noconfig.cmake].
[4.265s] -- Installing: /home/andrew/leto/install/satellite_interfaces/share/satellite_interfaces/cmake/satellite_interfaces__rosidl_typesupport_cExport.cmake
[4.265s] -- Installing: /home/andrew/leto/install/satellite_interfaces/share/satellite_interfaces/cmake/satellite_interfaces__rosidl_typesupport_cExport-noconfig.cmake
[4.265s] -- Installing: /home/andrew/leto/install/satellite_interfaces/share/satellite_interfaces/cmake/export_satellite_interfaces__rosidl_generator_cppExport.cmake
[4.265s] -- Old export file "/home/andrew/leto/install/satellite_interfaces/share/satellite_interfaces/cmake/export_satellite_interfaces__rosidl_typesupport_fastrtps_cppExport.cmake" will be replaced.  Removing files [/home/andrew/leto/install/satellite_interfaces/share/satellite_interfaces/cmake/export_satellite_interfaces__rosidl_typesupport_fastrtps_cppExport-noconfig.cmake].
[4.265s] -- Installing: /home/andrew/leto/install/satellite_interfaces/share/satellite_interfaces/cmake/export_satellite_interfaces__rosidl_typesupport_fastrtps_cppExport.cmake
[4.265s] -- Installing: /home/andrew/leto/install/satellite_interfaces/share/satellite_interfaces/cmake/export_satellite_interfaces__rosidl_typesupport_fastrtps_cppExport-noconfig.cmake
[4.266s] -- Old export file "/home/andrew/leto/install/satellite_interfaces/share/satellite_interfaces/cmake/satellite_interfaces__rosidl_typesupport_introspection_cppExport.cmake" will be replaced.  Removing files [/home/andrew/leto/install/satellite_interfaces/share/satellite_interfaces/cmake/satellite_interfaces__rosidl_typesupport_introspection_cppExport-noconfig.cmake].
[4.266s] -- Installing: /home/andrew/leto/install/satellite_interfaces/share/satellite_interfaces/cmake/satellite_interfaces__rosidl_typesupport_introspection_cppExport.cmake
[4.266s] -- Installing: /home/andrew/leto/install/satellite_interfaces/share/satellite_interfaces/cmake/satellite_interfaces__rosidl_typesupport_introspection_cppExport-noconfig.cmake
[4.266s] -- Old export file "/home/andrew/leto/install/satellite_interfaces/share/satellite_interfaces/cmake/satellite_interfaces__rosidl_typesupport_cppExport.cmake" will be replaced.  Removing files [/home/andrew/leto/install/satellite_interfaces/share/satellite_interfaces/cmake/satellite_interfaces__rosidl_typesupport_cppExport-noconfig.cmake].
[4.266s] -- Installing: /home/andrew/leto/install/satellite_interfaces/share/satellite_interfaces/cmake/satellite_interfaces__rosidl_typesupport_cppExport.cmake
[4.266s] -- Installing: /home/andrew/leto/install/satellite_interfaces/share/satellite_interfaces/cmake/satellite_interfaces__rosidl_typesupport_cppExport-noconfig.cmake
[4.266s] -- Old export file "/home/andrew/leto/install/satellite_interfaces/share/satellite_interfaces/cmake/export_satellite_interfaces__rosidl_generator_pyExport.cmake" will be replaced.  Removing files [/home/andrew/leto/install/satellite_interfaces/share/satellite_interfaces/cmake/export_satellite_interfaces__rosidl_generator_pyExport-noconfig.cmake].
[4.266s] -- Installing: /home/andrew/leto/install/satellite_interfaces/share/satellite_interfaces/cmake/export_satellite_interfaces__rosidl_generator_pyExport.cmake
[4.267s] -- Installing: /home/andrew/leto/install/satellite_interfaces/share/satellite_interfaces/cmake/export_satellite_interfaces__rosidl_generator_pyExport-noconfig.cmake
[4.267s] -- Up-to-date: /home/andrew/leto/install/satellite_interfaces/share/satellite_interfaces/cmake/rosidl_cmake-extras.cmake
[4.267s] -- Installing: /home/andrew/leto/install/satellite_interfaces/share/satellite_interfaces/cmake/ament_cmake_export_dependencies-extras.cmake
[4.267s] -- Up-to-date: /home/andrew/leto/install/satellite_interfaces/share/satellite_interfaces/cmake/ament_cmake_export_include_directories-extras.cmake
[4.267s] -- Up-to-date: /home/andrew/leto/install/satellite_interfaces/share/satellite_interfaces/cmake/ament_cmake_export_libraries-extras.cmake
[4.267s] -- Installing: /home/andrew/leto/install/satellite_interfaces/share/satellite_interfaces/cmake/ament_cmake_export_targets-extras.cmake
[4.267s] -- Installing: /home/andrew/leto/install/satellite_interfaces/share/satellite_interfaces/cmake/rosidl_cmake_export_typesupport_targets-extras.cmake
[4.268s] -- Up-to-date: /home/andrew/leto/install/satellite_interfaces/share/satellite_interfaces/cmake/rosidl_cmake_export_typesupport_libraries-extras.cmake
[4.268s] -- Up-to-date: /home/andrew/leto/install/satellite_interfaces/share/satellite_interfaces/cmake/satellite_interfacesConfig.cmake
[4.268s] -- Up-to-date: /home/andrew/leto/install/satellite_interfaces/share/satellite_interfaces/cmake/satellite_interfacesConfig-version.cmake
[4.268s] -- Installing: /home/andrew/leto/install/satellite_interfaces/share/satellite_interfaces/package.xml
[4.270s] Invoked command in '/home/andrew/leto/build/satellite_interfaces' returned '0': CMAKE_PREFIX_PATH=${CMAKE_PREFIX_PATH}:/home/andrew/leto/install/satellite_run:/opt/ros/iron /usr/bin/cmake --install /home/andrew/leto/build/satellite_interfaces
