[1.156s] Invoking command in '/home/andrew/leto/src/satellite_run': PYTHONPATH=/home/andrew/leto/build/satellite_run/prefix_override:/home/andrew/leto/install/satellite_run/lib/python3.10/site-packages:${PYTHONPATH} /usr/bin/python3 setup.py egg_info --egg-base ../../build/satellite_run build --build-base /home/andrew/leto/build/satellite_run/build install --record /home/andrew/leto/build/satellite_run/install.log --single-version-externally-managed
[1.471s] running egg_info
[1.473s] writing ../../build/satellite_run/satellite_run.egg-info/PKG-INFO
[1.473s] writing dependency_links to ../../build/satellite_run/satellite_run.egg-info/dependency_links.txt
[1.474s] writing entry points to ../../build/satellite_run/satellite_run.egg-info/entry_points.txt
[1.474s] writing requirements to ../../build/satellite_run/satellite_run.egg-info/requires.txt
[1.474s] writing top-level names to ../../build/satellite_run/satellite_run.egg-info/top_level.txt
[1.479s] reading manifest file '../../build/satellite_run/satellite_run.egg-info/SOURCES.txt'
[1.482s] writing manifest file '../../build/satellite_run/satellite_run.egg-info/SOURCES.txt'
[1.482s] running build
[1.482s] running build_py
[1.482s] running install
[1.483s] /usr/lib/python3/dist-packages/setuptools/command/install.py:34: SetuptoolsDeprecationWarning: setup.py install is deprecated. Use build and pip and other standards-based tools.
[1.483s]   warnings.warn(
[1.483s] running install_lib
[1.485s] running install_data
[1.486s] copying launch/demo_launch.py -> /home/andrew/leto/install/satellite_run/share/satellite_run/launch
[1.486s] running install_egg_info
[1.488s] removing '/home/andrew/leto/install/satellite_run/lib/python3.10/site-packages/satellite_run-0.0.0-py3.10.egg-info' (and everything under it)
[1.488s] Copying ../../build/satellite_run/satellite_run.egg-info to /home/andrew/leto/install/satellite_run/lib/python3.10/site-packages/satellite_run-0.0.0-py3.10.egg-info
[1.489s] running install_scripts
[1.522s] Installing satellite_runner script to /home/andrew/leto/install/satellite_run/lib/satellite_run
[1.522s] Installing state_publisher script to /home/andrew/leto/install/satellite_run/lib/satellite_run
[1.522s] Installing velocity_publisher script to /home/andrew/leto/install/satellite_run/lib/satellite_run
[1.523s] writing list of installed files to '/home/andrew/leto/build/satellite_run/install.log'
[1.610s] Invoked command in '/home/andrew/leto/src/satellite_run' returned '0': PYTHONPATH=/home/andrew/leto/build/satellite_run/prefix_override:/home/andrew/leto/install/satellite_run/lib/python3.10/site-packages:${PYTHONPATH} /usr/bin/python3 setup.py egg_info --egg-base ../../build/satellite_run build --build-base /home/andrew/leto/build/satellite_run/build install --record /home/andrew/leto/build/satellite_run/install.log --single-version-externally-managed
