[0.612s] Invoking command in '/home/andrew/leto/src/satellite_run': PYTHONPATH=/home/andrew/leto/build/satellite_run/prefix_override:/home/andrew/leto/install/satellite_run/lib/python3.10/site-packages:${PYTHONPATH} /usr/bin/python3 setup.py egg_info --egg-base ../../build/satellite_run build --build-base /home/andrew/leto/build/satellite_run/build install --record /home/andrew/leto/build/satellite_run/install.log --single-version-externally-managed
[0.807s] running egg_info
[0.808s] writing ../../build/satellite_run/satellite_run.egg-info/PKG-INFO
[0.809s] writing dependency_links to ../../build/satellite_run/satellite_run.egg-info/dependency_links.txt
[0.810s] writing entry points to ../../build/satellite_run/satellite_run.egg-info/entry_points.txt
[0.811s] writing requirements to ../../build/satellite_run/satellite_run.egg-info/requires.txt
[0.811s] writing top-level names to ../../build/satellite_run/satellite_run.egg-info/top_level.txt
[0.814s] reading manifest file '../../build/satellite_run/satellite_run.egg-info/SOURCES.txt'
[0.816s] writing manifest file '../../build/satellite_run/satellite_run.egg-info/SOURCES.txt'
[0.816s] running build
[0.816s] running build_py
[0.817s] copying satellite_run/SpawnService.py -> /home/andrew/leto/build/satellite_run/build/lib/satellite_run
[0.817s] running install
[0.817s] /usr/lib/python3/dist-packages/setuptools/command/install.py:34: SetuptoolsDeprecationWarning: setup.py install is deprecated. Use build and pip and other standards-based tools.
[0.818s]   warnings.warn(
[0.818s] running install_lib
[0.819s] copying /home/andrew/leto/build/satellite_run/build/lib/satellite_run/SpawnService.py -> /home/andrew/leto/install/satellite_run/lib/python3.10/site-packages/satellite_run
[0.820s] byte-compiling /home/andrew/leto/install/satellite_run/lib/python3.10/site-packages/satellite_run/SpawnService.py to SpawnService.cpython-310.pyc
[0.820s]   File "/home/andrew/leto/install/satellite_run/lib/python3.10/site-packages/satellite_run/SpawnService.py", line 43
[0.820s]     await launch_service.run_async()
[0.820s]     ^^^^^^^^^^^^^^^^^^^^^^^^^^^^^^^^
[0.821s] SyntaxError: 'await' outside async function
[0.821s] 
[0.821s] running install_data
[0.822s] running install_egg_info
[0.823s] removing '/home/andrew/leto/install/satellite_run/lib/python3.10/site-packages/satellite_run-0.0.0-py3.10.egg-info' (and everything under it)
[0.825s] Copying ../../build/satellite_run/satellite_run.egg-info to /home/andrew/leto/install/satellite_run/lib/python3.10/site-packages/satellite_run-0.0.0-py3.10.egg-info
[0.832s] running install_scripts
[0.855s] Installing remove_service script to /home/andrew/leto/install/satellite_run/lib/satellite_run
[0.855s] Installing satellite_runner script to /home/andrew/leto/install/satellite_run/lib/satellite_run
[0.856s] Installing spawn_service script to /home/andrew/leto/install/satellite_run/lib/satellite_run
[0.856s] Installing state_publisher script to /home/andrew/leto/install/satellite_run/lib/satellite_run
[0.856s] Installing velocity_publisher script to /home/andrew/leto/install/satellite_run/lib/satellite_run
[0.857s] writing list of installed files to '/home/andrew/leto/build/satellite_run/install.log'
[0.882s] Invoked command in '/home/andrew/leto/src/satellite_run' returned '0': PYTHONPATH=/home/andrew/leto/build/satellite_run/prefix_override:/home/andrew/leto/install/satellite_run/lib/python3.10/site-packages:${PYTHONPATH} /usr/bin/python3 setup.py egg_info --egg-base ../../build/satellite_run build --build-base /home/andrew/leto/build/satellite_run/build install --record /home/andrew/leto/build/satellite_run/install.log --single-version-externally-managed
