[1.058s] Invoking command in '/home/andrew/leto/src/satellite_run': PYTHONPATH=/home/andrew/leto/build/satellite_run/prefix_override:/home/andrew/leto/install/satellite_run/lib/python3.10/site-packages:${PYTHONPATH} /usr/bin/python3 setup.py egg_info --egg-base ../../build/satellite_run build --build-base /home/andrew/leto/build/satellite_run/build install --record /home/andrew/leto/build/satellite_run/install.log --single-version-externally-managed
[1.405s] running egg_info
[1.406s] writing ../../build/satellite_run/satellite_run.egg-info/PKG-INFO
[1.409s] writing dependency_links to ../../build/satellite_run/satellite_run.egg-info/dependency_links.txt
[1.410s] writing entry points to ../../build/satellite_run/satellite_run.egg-info/entry_points.txt
[1.410s] writing requirements to ../../build/satellite_run/satellite_run.egg-info/requires.txt
[1.410s] writing top-level names to ../../build/satellite_run/satellite_run.egg-info/top_level.txt
[1.412s] reading manifest file '../../build/satellite_run/satellite_run.egg-info/SOURCES.txt'
[1.412s] writing manifest file '../../build/satellite_run/satellite_run.egg-info/SOURCES.txt'
[1.413s] running build
[1.414s] running build_py
[1.414s] copying satellite_run/SpawnService.py -> /home/andrew/leto/build/satellite_run/build/lib/satellite_run
[1.414s] copying satellite_run/RemoveService.py -> /home/andrew/leto/build/satellite_run/build/lib/satellite_run
[1.414s] running install
[1.414s] /usr/lib/python3/dist-packages/setuptools/command/install.py:34: SetuptoolsDeprecationWarning: setup.py install is deprecated. Use build and pip and other standards-based tools.
[1.414s]   warnings.warn(
[1.414s] running install_lib
[1.414s] copying /home/andrew/leto/build/satellite_run/build/lib/satellite_run/SpawnService.py -> /home/andrew/leto/install/satellite_run/lib/python3.10/site-packages/satellite_run
[1.415s] copying /home/andrew/leto/build/satellite_run/build/lib/satellite_run/RemoveService.py -> /home/andrew/leto/install/satellite_run/lib/python3.10/site-packages/satellite_run
[1.415s] byte-compiling /home/andrew/leto/install/satellite_run/lib/python3.10/site-packages/satellite_run/SpawnService.py to SpawnService.cpython-310.pyc
[1.416s] byte-compiling /home/andrew/leto/install/satellite_run/lib/python3.10/site-packages/satellite_run/RemoveService.py to RemoveService.cpython-310.pyc
[1.416s] running install_data
[1.417s] copying urdf/satellite_empty.urdf -> /home/andrew/leto/install/satellite_run/share/satellite_run
[1.417s] running install_egg_info
[1.419s] removing '/home/andrew/leto/install/satellite_run/lib/python3.10/site-packages/satellite_run-0.0.0-py3.10.egg-info' (and everything under it)
[1.419s] Copying ../../build/satellite_run/satellite_run.egg-info to /home/andrew/leto/install/satellite_run/lib/python3.10/site-packages/satellite_run-0.0.0-py3.10.egg-info
[1.419s] running install_scripts
[1.445s] Installing remove_service script to /home/andrew/leto/install/satellite_run/lib/satellite_run
[1.446s] Installing satellite_runner script to /home/andrew/leto/install/satellite_run/lib/satellite_run
[1.446s] Installing spawn_service script to /home/andrew/leto/install/satellite_run/lib/satellite_run
[1.446s] Installing state_publisher script to /home/andrew/leto/install/satellite_run/lib/satellite_run
[1.446s] Installing velocity_publisher script to /home/andrew/leto/install/satellite_run/lib/satellite_run
[1.446s] writing list of installed files to '/home/andrew/leto/build/satellite_run/install.log'
[1.505s] Invoked command in '/home/andrew/leto/src/satellite_run' returned '0': PYTHONPATH=/home/andrew/leto/build/satellite_run/prefix_override:/home/andrew/leto/install/satellite_run/lib/python3.10/site-packages:${PYTHONPATH} /usr/bin/python3 setup.py egg_info --egg-base ../../build/satellite_run build --build-base /home/andrew/leto/build/satellite_run/build install --record /home/andrew/leto/build/satellite_run/install.log --single-version-externally-managed
