[0.109s] Invoking command in '/home/andrew/leto/build/satellite_interfaces': CMAKE_PREFIX_PATH=${CMAKE_PREFIX_PATH}:/home/andrew/leto/install/satellite_run:/opt/ros/iron /usr/bin/cmake --build /home/andrew/leto/build/satellite_interfaces -- -j6 -l6
[0.153s] -- Found ament_cmake: 2.0.5 (/opt/ros/iron/share/ament_cmake/cmake)
[0.433s] -- Found rosidl_default_generators: 1.5.0 (/opt/ros/iron/share/rosidl_default_generators/cmake)
[0.436s] -- Using all available rosidl_typesupport_c: rosidl_typesupport_fastrtps_c;rosidl_typesupport_introspection_c
[0.465s] -- Using all available rosidl_typesupport_cpp: rosidl_typesupport_fastrtps_cpp;rosidl_typesupport_introspection_cpp
[0.488s] -- Found rosidl_adapter: 4.0.1 (/opt/ros/iron/share/rosidl_adapter/cmake)
[1.149s] -- Found ament_cmake_ros: 0.11.2 (/opt/ros/iron/share/ament_cmake_ros/cmake)
[1.429s] -- Using all available rosidl_typesupport_c: rosidl_typesupport_fastrtps_c;rosidl_typesupport_introspection_c
[1.829s] -- Using all available rosidl_typesupport_cpp: rosidl_typesupport_fastrtps_cpp;rosidl_typesupport_introspection_cpp
[1.854s] -- Found python_cmake_module: 0.10.2 (/opt/ros/iron/share/python_cmake_module/cmake)
[1.880s] -- Using PYTHON_EXECUTABLE: /usr/bin/python3
[1.881s] -- Using PYTHON_INCLUDE_DIRS: /usr/include/python3.10
[1.881s] -- Using PYTHON_LIBRARIES: /usr/lib/x86_64-linux-gnu/libpython3.10.so
[1.903s] -- Found ament_lint_auto: 0.14.3 (/opt/ros/iron/share/ament_lint_auto/cmake)
[1.909s] -- Added test 'lint_cmake' to check CMake code style
[1.909s] -- Added test 'xmllint' to check XML markup files
[1.910s] -- Configuring done
[1.957s] -- Generating done
[1.957s] -- Build files have been written to: /home/andrew/leto/build/satellite_interfaces
[2.062s] [  2%] [34m[1mGenerating type hashes for ROS interfaces[0m
[2.090s] [  2%] Built target ament_cmake_python_copy_satellite_interfaces
[2.330s] [  2%] Built target satellite_interfaces__rosidl_generator_type_description
[2.378s] [  5%] [34m[1mGenerating C code for ROS interfaces[0m
[2.434s] [  8%] [34m[1mGenerating C++ code for ROS interfaces[0m
[2.489s] running egg_info
[2.490s] writing satellite_interfaces.egg-info/PKG-INFO
[2.490s] writing dependency_links to satellite_interfaces.egg-info/dependency_links.txt
[2.491s] writing top-level names to satellite_interfaces.egg-info/top_level.txt
[2.492s] reading manifest file 'satellite_interfaces.egg-info/SOURCES.txt'
[2.493s] writing manifest file 'satellite_interfaces.egg-info/SOURCES.txt'
[2.543s] [  8%] Built target ament_cmake_python_build_satellite_interfaces_egg
[2.901s] [ 11%] [32mBuilding C object CMakeFiles/satellite_interfaces__rosidl_generator_c.dir/rosidl_generator_c/satellite_interfaces/srv/detail/satellite_data__type_support.c.o[0m
[2.916s] [ 14%] [32mBuilding C object CMakeFiles/satellite_interfaces__rosidl_generator_c.dir/rosidl_generator_c/satellite_interfaces/srv/detail/satellite_data__functions.c.o[0m
[2.923s] [ 17%] [32mBuilding C object CMakeFiles/satellite_interfaces__rosidl_generator_c.dir/rosidl_generator_c/satellite_interfaces/srv/detail/satellite_data__description.c.o[0m
[3.006s] [ 17%] Built target satellite_interfaces__cpp
[3.092s] [ 20%] [32m[1mLinking C shared library libsatellite_interfaces__rosidl_generator_c.so[0m
[3.204s] [ 20%] Built target satellite_interfaces__rosidl_generator_c
[3.233s] [ 23%] [34m[1mGenerating C type support dispatch for ROS interfaces[0m
[3.237s] [ 26%] [34m[1mGenerating C++ type support for eProsima Fast-RTPS[0m
[3.242s] [ 29%] [34m[1mGenerating C type support for eProsima Fast-RTPS[0m
[3.246s] [ 32%] [34m[1mGenerating C++ type support dispatch for ROS interfaces[0m
[3.248s] [ 35%] [34m[1mGenerating C introspection for ROS interfaces[0m
[3.274s] [ 38%] [34m[1mGenerating C++ introspection for ROS interfaces[0m
[3.695s] [ 41%] [32mBuilding C object CMakeFiles/satellite_interfaces__rosidl_typesupport_introspection_c.dir/rosidl_typesupport_introspection_c/satellite_interfaces/srv/detail/satellite_data__type_support.c.o[0m
[3.816s] [ 44%] [32m[1mLinking C shared library libsatellite_interfaces__rosidl_typesupport_introspection_c.so[0m
[3.840s] [ 47%] [32mBuilding CXX object CMakeFiles/satellite_interfaces__rosidl_typesupport_c.dir/rosidl_typesupport_c/satellite_interfaces/srv/satellite_data__type_support.cpp.o[0m
[3.875s] [ 50%] [32mBuilding CXX object CMakeFiles/satellite_interfaces__rosidl_typesupport_introspection_cpp.dir/rosidl_typesupport_introspection_cpp/satellite_interfaces/srv/detail/satellite_data__type_support.cpp.o[0m
[3.949s] [ 52%] [32mBuilding CXX object CMakeFiles/satellite_interfaces__rosidl_typesupport_cpp.dir/rosidl_typesupport_cpp/satellite_interfaces/srv/satellite_data__type_support.cpp.o[0m
[3.965s] [ 52%] Built target satellite_interfaces__rosidl_typesupport_introspection_c
[3.972s] [ 55%] [32m[1mLinking CXX shared library libsatellite_interfaces__rosidl_typesupport_c.so[0m
[3.980s] [ 58%] [32mBuilding CXX object CMakeFiles/satellite_interfaces__rosidl_typesupport_fastrtps_cpp.dir/rosidl_typesupport_fastrtps_cpp/satellite_interfaces/srv/detail/dds_fastrtps/satellite_data__type_support.cpp.o[0m
[4.008s] [ 61%] [32mBuilding CXX object CMakeFiles/satellite_interfaces__rosidl_typesupport_fastrtps_c.dir/rosidl_typesupport_fastrtps_c/satellite_interfaces/srv/detail/satellite_data__type_support_c.cpp.o[0m
[4.174s] [ 61%] Built target satellite_interfaces__rosidl_typesupport_c
[4.649s] [ 64%] [32m[1mLinking CXX shared library libsatellite_interfaces__rosidl_typesupport_fastrtps_c.so[0m
[4.702s] [ 67%] [32m[1mLinking CXX shared library libsatellite_interfaces__rosidl_typesupport_introspection_cpp.so[0m
[4.880s] [ 67%] Built target satellite_interfaces__rosidl_typesupport_fastrtps_c
[4.929s] [ 67%] Built target satellite_interfaces__rosidl_typesupport_introspection_cpp
[5.034s] [ 70%] [32m[1mLinking CXX shared library libsatellite_interfaces__rosidl_typesupport_cpp.so[0m
[5.240s] [ 73%] [32m[1mLinking CXX shared library libsatellite_interfaces__rosidl_typesupport_fastrtps_cpp.so[0m
[5.248s] [ 73%] Built target satellite_interfaces__rosidl_typesupport_cpp
[5.402s] [ 73%] Built target satellite_interfaces__rosidl_typesupport_fastrtps_cpp
[5.485s] [ 73%] Built target satellite_interfaces
[5.568s] [ 76%] [34m[1mGenerating Python code for ROS interfaces[0m
[6.087s] [ 76%] Built target satellite_interfaces__py
[6.138s] [ 79%] [32mBuilding C object CMakeFiles/satellite_interfaces__rosidl_generator_py.dir/rosidl_generator_py/satellite_interfaces/srv/_satellite_data_s.c.o[0m
[6.349s] [ 82%] [32m[1mLinking C shared library rosidl_generator_py/satellite_interfaces/libsatellite_interfaces__rosidl_generator_py.so[0m
[6.439s] [ 82%] Built target satellite_interfaces__rosidl_generator_py
[6.464s] [35m[1mConsolidate compiler generated dependencies of target satellite_interfaces__rosidl_typesupport_fastrtps_c__pyext[0m
[6.472s] [35m[1mConsolidate compiler generated dependencies of target satellite_interfaces__rosidl_typesupport_introspection_c__pyext[0m
[6.476s] [35m[1mConsolidate compiler generated dependencies of target satellite_interfaces__rosidl_typesupport_c__pyext[0m
[6.510s] [ 85%] [32mBuilding C object CMakeFiles/satellite_interfaces__rosidl_typesupport_fastrtps_c__pyext.dir/rosidl_generator_py/satellite_interfaces/_satellite_interfaces_s.ep.rosidl_typesupport_fastrtps_c.c.o[0m
[6.523s] [ 88%] [32mBuilding C object CMakeFiles/satellite_interfaces__rosidl_typesupport_c__pyext.dir/rosidl_generator_py/satellite_interfaces/_satellite_interfaces_s.ep.rosidl_typesupport_c.c.o[0m
[6.525s] [ 91%] [32mBuilding C object CMakeFiles/satellite_interfaces__rosidl_typesupport_introspection_c__pyext.dir/rosidl_generator_py/satellite_interfaces/_satellite_interfaces_s.ep.rosidl_typesupport_introspection_c.c.o[0m
[6.662s] [ 94%] [32m[1mLinking C shared library rosidl_generator_py/satellite_interfaces/satellite_interfaces_s__rosidl_typesupport_introspection_c.cpython-310-x86_64-linux-gnu.so[0m
[6.775s] [ 94%] Built target satellite_interfaces__rosidl_typesupport_introspection_c__pyext
[6.780s] [ 97%] [32m[1mLinking C shared library rosidl_generator_py/satellite_interfaces/satellite_interfaces_s__rosidl_typesupport_c.cpython-310-x86_64-linux-gnu.so[0m
[6.786s] [100%] [32m[1mLinking C shared library rosidl_generator_py/satellite_interfaces/satellite_interfaces_s__rosidl_typesupport_fastrtps_c.cpython-310-x86_64-linux-gnu.so[0m
[6.884s] [100%] Built target satellite_interfaces__rosidl_typesupport_fastrtps_c__pyext
[6.913s] [100%] Built target satellite_interfaces__rosidl_typesupport_c__pyext
[6.979s] Invoked command in '/home/andrew/leto/build/satellite_interfaces' returned '0': CMAKE_PREFIX_PATH=${CMAKE_PREFIX_PATH}:/home/andrew/leto/install/satellite_run:/opt/ros/iron /usr/bin/cmake --build /home/andrew/leto/build/satellite_interfaces -- -j6 -l6
[7.272s] Invoking command in '/home/andrew/leto/build/satellite_interfaces': CMAKE_PREFIX_PATH=${CMAKE_PREFIX_PATH}:/home/andrew/leto/install/satellite_run:/opt/ros/iron /usr/bin/cmake --install /home/andrew/leto/build/satellite_interfaces
[7.287s] -- Install configuration: ""
[7.287s] -- Installing: /home/andrew/leto/install/satellite_interfaces/share/ament_index/resource_index/rosidl_interfaces/satellite_interfaces
[7.287s] -- Installing: /home/andrew/leto/install/satellite_interfaces/share/satellite_interfaces/srv/SatelliteData.json
[7.287s] -- Up-to-date: /home/andrew/leto/install/satellite_interfaces/include/satellite_interfaces/satellite_interfaces
[7.287s] -- Up-to-date: /home/andrew/leto/install/satellite_interfaces/include/satellite_interfaces/satellite_interfaces/msg
[7.287s] -- Up-to-date: /home/andrew/leto/install/satellite_interfaces/include/satellite_interfaces/satellite_interfaces/msg/rosidl_generator_c__visibility_control.h
[7.287s] -- Up-to-date: /home/andrew/leto/install/satellite_interfaces/include/satellite_interfaces/satellite_interfaces/srv
[7.287s] -- Up-to-date: /home/andrew/leto/install/satellite_interfaces/include/satellite_interfaces/satellite_interfaces/srv/spawn_satellite.h
[7.287s] -- Installing: /home/andrew/leto/install/satellite_interfaces/include/satellite_interfaces/satellite_interfaces/srv/satellite_data.h
[7.288s] -- Up-to-date: /home/andrew/leto/install/satellite_interfaces/include/satellite_interfaces/satellite_interfaces/srv/detail
[7.288s] -- Up-to-date: /home/andrew/leto/install/satellite_interfaces/include/satellite_interfaces/satellite_interfaces/srv/detail/spawn_satellite__functions.h
[7.288s] -- Installing: /home/andrew/leto/install/satellite_interfaces/include/satellite_interfaces/satellite_interfaces/srv/detail/satellite_data__functions.c
[7.288s] -- Up-to-date: /home/andrew/leto/install/satellite_interfaces/include/satellite_interfaces/satellite_interfaces/srv/detail/spawn_satellite__struct.h
[7.288s] -- Installing: /home/andrew/leto/install/satellite_interfaces/include/satellite_interfaces/satellite_interfaces/srv/detail/satellite_data__struct.h
[7.288s] -- Installing: /home/andrew/leto/install/satellite_interfaces/include/satellite_interfaces/satellite_interfaces/srv/detail/satellite_data__functions.h
[7.288s] -- Up-to-date: /home/andrew/leto/install/satellite_interfaces/include/satellite_interfaces/satellite_interfaces/srv/detail/spawn_satellite__type_support.h
[7.288s] -- Up-to-date: /home/andrew/leto/install/satellite_interfaces/include/satellite_interfaces/satellite_interfaces/srv/detail/spawn_satellite__functions.c
[7.288s] -- Installing: /home/andrew/leto/install/satellite_interfaces/include/satellite_interfaces/satellite_interfaces/srv/detail/satellite_data__type_support.h
[7.288s] -- Installing: /home/andrew/leto/install/satellite_interfaces/include/satellite_interfaces/satellite_interfaces/srv/detail/satellite_data__description.c
[7.288s] -- Up-to-date: /home/andrew/leto/install/satellite_interfaces/include/satellite_interfaces/satellite_interfaces/srv/detail/spawn_satellite__type_support.c
[7.288s] -- Up-to-date: /home/andrew/leto/install/satellite_interfaces/include/satellite_interfaces/satellite_interfaces/srv/detail/spawn_satellite__description.c
[7.288s] -- Installing: /home/andrew/leto/install/satellite_interfaces/include/satellite_interfaces/satellite_interfaces/srv/detail/satellite_data__type_support.c
[7.288s] -- Up-to-date: /home/andrew/leto/install/satellite_interfaces/share/satellite_interfaces/environment/library_path.sh
[7.288s] -- Up-to-date: /home/andrew/leto/install/satellite_interfaces/share/satellite_interfaces/environment/library_path.dsv
[7.288s] -- Installing: /home/andrew/leto/install/satellite_interfaces/lib/libsatellite_interfaces__rosidl_generator_c.so
[7.288s] -- Set runtime path of "/home/andrew/leto/install/satellite_interfaces/lib/libsatellite_interfaces__rosidl_generator_c.so" to ""
[7.288s] -- Up-to-date: /home/andrew/leto/install/satellite_interfaces/include/satellite_interfaces/satellite_interfaces
[7.288s] -- Up-to-date: /home/andrew/leto/install/satellite_interfaces/include/satellite_interfaces/satellite_interfaces/msg
[7.289s] -- Up-to-date: /home/andrew/leto/install/satellite_interfaces/include/satellite_interfaces/satellite_interfaces/msg/rosidl_typesupport_fastrtps_c__visibility_control.h
[7.289s] -- Up-to-date: /home/andrew/leto/install/satellite_interfaces/include/satellite_interfaces/satellite_interfaces/srv
[7.289s] -- Up-to-date: /home/andrew/leto/install/satellite_interfaces/include/satellite_interfaces/satellite_interfaces/srv/detail
[7.289s] -- Up-to-date: /home/andrew/leto/install/satellite_interfaces/include/satellite_interfaces/satellite_interfaces/srv/detail/spawn_satellite__rosidl_typesupport_fastrtps_c.h
[7.289s] -- Installing: /home/andrew/leto/install/satellite_interfaces/include/satellite_interfaces/satellite_interfaces/srv/detail/satellite_data__rosidl_typesupport_fastrtps_c.h
[7.289s] -- Installing: /home/andrew/leto/install/satellite_interfaces/lib/libsatellite_interfaces__rosidl_typesupport_fastrtps_c.so
[7.289s] -- Set runtime path of "/home/andrew/leto/install/satellite_interfaces/lib/libsatellite_interfaces__rosidl_typesupport_fastrtps_c.so" to ""
[7.289s] -- Up-to-date: /home/andrew/leto/install/satellite_interfaces/include/satellite_interfaces/satellite_interfaces
[7.289s] -- Up-to-date: /home/andrew/leto/install/satellite_interfaces/include/satellite_interfaces/satellite_interfaces/msg
[7.289s] -- Up-to-date: /home/andrew/leto/install/satellite_interfaces/include/satellite_interfaces/satellite_interfaces/msg/rosidl_typesupport_introspection_c__visibility_control.h
[7.289s] -- Up-to-date: /home/andrew/leto/install/satellite_interfaces/include/satellite_interfaces/satellite_interfaces/srv
[7.289s] -- Up-to-date: /home/andrew/leto/install/satellite_interfaces/include/satellite_interfaces/satellite_interfaces/srv/detail
[7.289s] -- Up-to-date: /home/andrew/leto/install/satellite_interfaces/include/satellite_interfaces/satellite_interfaces/srv/detail/spawn_satellite__rosidl_typesupport_introspection_c.h
[7.289s] -- Up-to-date: /home/andrew/leto/install/satellite_interfaces/include/satellite_interfaces/satellite_interfaces/srv/detail/spawn_satellite__type_support.c
[7.289s] -- Installing: /home/andrew/leto/install/satellite_interfaces/include/satellite_interfaces/satellite_interfaces/srv/detail/satellite_data__rosidl_typesupport_introspection_c.h
[7.289s] -- Installing: /home/andrew/leto/install/satellite_interfaces/include/satellite_interfaces/satellite_interfaces/srv/detail/satellite_data__type_support.c
[7.289s] -- Installing: /home/andrew/leto/install/satellite_interfaces/lib/libsatellite_interfaces__rosidl_typesupport_introspection_c.so
[7.290s] -- Set runtime path of "/home/andrew/leto/install/satellite_interfaces/lib/libsatellite_interfaces__rosidl_typesupport_introspection_c.so" to ""
[7.290s] -- Installing: /home/andrew/leto/install/satellite_interfaces/lib/libsatellite_interfaces__rosidl_typesupport_c.so
[7.290s] -- Set runtime path of "/home/andrew/leto/install/satellite_interfaces/lib/libsatellite_interfaces__rosidl_typesupport_c.so" to ""
[7.290s] -- Up-to-date: /home/andrew/leto/install/satellite_interfaces/include/satellite_interfaces/satellite_interfaces
[7.290s] -- Up-to-date: /home/andrew/leto/install/satellite_interfaces/include/satellite_interfaces/satellite_interfaces/srv
[7.290s] -- Installing: /home/andrew/leto/install/satellite_interfaces/include/satellite_interfaces/satellite_interfaces/srv/satellite_data.hpp
[7.290s] -- Up-to-date: /home/andrew/leto/install/satellite_interfaces/include/satellite_interfaces/satellite_interfaces/srv/spawn_satellite.hpp
[7.290s] -- Up-to-date: /home/andrew/leto/install/satellite_interfaces/include/satellite_interfaces/satellite_interfaces/srv/detail
[7.290s] -- Up-to-date: /home/andrew/leto/install/satellite_interfaces/include/satellite_interfaces/satellite_interfaces/srv/detail/spawn_satellite__traits.hpp
[7.290s] -- Up-to-date: /home/andrew/leto/install/satellite_interfaces/include/satellite_interfaces/satellite_interfaces/srv/detail/spawn_satellite__struct.hpp
[7.290s] -- Installing: /home/andrew/leto/install/satellite_interfaces/include/satellite_interfaces/satellite_interfaces/srv/detail/satellite_data__traits.hpp
[7.291s] -- Installing: /home/andrew/leto/install/satellite_interfaces/include/satellite_interfaces/satellite_interfaces/srv/detail/satellite_data__builder.hpp
[7.291s] -- Installing: /home/andrew/leto/install/satellite_interfaces/include/satellite_interfaces/satellite_interfaces/srv/detail/satellite_data__struct.hpp
[7.291s] -- Up-to-date: /home/andrew/leto/install/satellite_interfaces/include/satellite_interfaces/satellite_interfaces/srv/detail/spawn_satellite__builder.hpp
[7.291s] -- Up-to-date: /home/andrew/leto/install/satellite_interfaces/include/satellite_interfaces/satellite_interfaces
[7.291s] -- Up-to-date: /home/andrew/leto/install/satellite_interfaces/include/satellite_interfaces/satellite_interfaces/msg
[7.291s] -- Up-to-date: /home/andrew/leto/install/satellite_interfaces/include/satellite_interfaces/satellite_interfaces/msg/rosidl_typesupport_fastrtps_cpp__visibility_control.h
[7.291s] -- Up-to-date: /home/andrew/leto/install/satellite_interfaces/include/satellite_interfaces/satellite_interfaces/srv
[7.291s] -- Up-to-date: /home/andrew/leto/install/satellite_interfaces/include/satellite_interfaces/satellite_interfaces/srv/detail
[7.291s] -- Up-to-date: /home/andrew/leto/install/satellite_interfaces/include/satellite_interfaces/satellite_interfaces/srv/detail/spawn_satellite__rosidl_typesupport_fastrtps_cpp.hpp
[7.291s] -- Up-to-date: /home/andrew/leto/install/satellite_interfaces/include/satellite_interfaces/satellite_interfaces/srv/detail/dds_fastrtps
[7.291s] -- Installing: /home/andrew/leto/install/satellite_interfaces/include/satellite_interfaces/satellite_interfaces/srv/detail/satellite_data__rosidl_typesupport_fastrtps_cpp.hpp
[7.291s] -- Installing: /home/andrew/leto/install/satellite_interfaces/lib/libsatellite_interfaces__rosidl_typesupport_fastrtps_cpp.so
[7.291s] -- Set runtime path of "/home/andrew/leto/install/satellite_interfaces/lib/libsatellite_interfaces__rosidl_typesupport_fastrtps_cpp.so" to ""
[7.291s] -- Up-to-date: /home/andrew/leto/install/satellite_interfaces/include/satellite_interfaces/satellite_interfaces
[7.291s] -- Up-to-date: /home/andrew/leto/install/satellite_interfaces/include/satellite_interfaces/satellite_interfaces/srv
[7.291s] -- Up-to-date: /home/andrew/leto/install/satellite_interfaces/include/satellite_interfaces/satellite_interfaces/srv/detail
[7.291s] -- Installing: /home/andrew/leto/install/satellite_interfaces/include/satellite_interfaces/satellite_interfaces/srv/detail/satellite_data__rosidl_typesupport_introspection_cpp.hpp
[7.291s] -- Up-to-date: /home/andrew/leto/install/satellite_interfaces/include/satellite_interfaces/satellite_interfaces/srv/detail/spawn_satellite__rosidl_typesupport_introspection_cpp.hpp
[7.291s] -- Up-to-date: /home/andrew/leto/install/satellite_interfaces/include/satellite_interfaces/satellite_interfaces/srv/detail/spawn_satellite__type_support.cpp
[7.291s] -- Installing: /home/andrew/leto/install/satellite_interfaces/include/satellite_interfaces/satellite_interfaces/srv/detail/satellite_data__type_support.cpp
[7.292s] -- Installing: /home/andrew/leto/install/satellite_interfaces/lib/libsatellite_interfaces__rosidl_typesupport_introspection_cpp.so
[7.292s] -- Set runtime path of "/home/andrew/leto/install/satellite_interfaces/lib/libsatellite_interfaces__rosidl_typesupport_introspection_cpp.so" to ""
[7.292s] -- Installing: /home/andrew/leto/install/satellite_interfaces/lib/libsatellite_interfaces__rosidl_typesupport_cpp.so
[7.292s] -- Set runtime path of "/home/andrew/leto/install/satellite_interfaces/lib/libsatellite_interfaces__rosidl_typesupport_cpp.so" to ""
[7.292s] -- Up-to-date: /home/andrew/leto/install/satellite_interfaces/share/satellite_interfaces/environment/pythonpath.sh
[7.292s] -- Up-to-date: /home/andrew/leto/install/satellite_interfaces/share/satellite_interfaces/environment/pythonpath.dsv
[7.292s] -- Up-to-date: /home/andrew/leto/install/satellite_interfaces/lib/python3.10/site-packages/satellite_interfaces-0.0.0-py3.10.egg-info
[7.292s] -- Installing: /home/andrew/leto/install/satellite_interfaces/lib/python3.10/site-packages/satellite_interfaces-0.0.0-py3.10.egg-info/dependency_links.txt
[7.292s] -- Installing: /home/andrew/leto/install/satellite_interfaces/lib/python3.10/site-packages/satellite_interfaces-0.0.0-py3.10.egg-info/PKG-INFO
[7.292s] -- Installing: /home/andrew/leto/install/satellite_interfaces/lib/python3.10/site-packages/satellite_interfaces-0.0.0-py3.10.egg-info/SOURCES.txt
[7.292s] -- Installing: /home/andrew/leto/install/satellite_interfaces/lib/python3.10/site-packages/satellite_interfaces-0.0.0-py3.10.egg-info/top_level.txt
[7.292s] -- Up-to-date: /home/andrew/leto/install/satellite_interfaces/lib/python3.10/site-packages/satellite_interfaces
[7.293s] -- Installing: /home/andrew/leto/install/satellite_interfaces/lib/python3.10/site-packages/satellite_interfaces/libsatellite_interfaces__rosidl_generator_py.so
[7.293s] -- Installing: /home/andrew/leto/install/satellite_interfaces/lib/python3.10/site-packages/satellite_interfaces/satellite_interfaces_s__rosidl_typesupport_c.cpython-310-x86_64-linux-gnu.so
[7.293s] -- Up-to-date: /home/andrew/leto/install/satellite_interfaces/lib/python3.10/site-packages/satellite_interfaces/srv
[7.293s] -- Installing: /home/andrew/leto/install/satellite_interfaces/lib/python3.10/site-packages/satellite_interfaces/srv/_satellite_data_s.c
[7.293s] -- Up-to-date: /home/andrew/leto/install/satellite_interfaces/lib/python3.10/site-packages/satellite_interfaces/srv/_spawn_satellite_s.c
[7.293s] -- Up-to-date: /home/andrew/leto/install/satellite_interfaces/lib/python3.10/site-packages/satellite_interfaces/srv/_spawn_satellite.py
[7.293s] -- Installing: /home/andrew/leto/install/satellite_interfaces/lib/python3.10/site-packages/satellite_interfaces/srv/_satellite_data.py
[7.293s] -- Installing: /home/andrew/leto/install/satellite_interfaces/lib/python3.10/site-packages/satellite_interfaces/srv/__init__.py
[7.294s] -- Installing: /home/andrew/leto/install/satellite_interfaces/lib/python3.10/site-packages/satellite_interfaces/_satellite_interfaces_s.ep.rosidl_typesupport_c.c
[7.294s] -- Installing: /home/andrew/leto/install/satellite_interfaces/lib/python3.10/site-packages/satellite_interfaces/satellite_interfaces_s__rosidl_typesupport_introspection_c.cpython-310-x86_64-linux-gnu.so
[7.294s] -- Installing: /home/andrew/leto/install/satellite_interfaces/lib/python3.10/site-packages/satellite_interfaces/_satellite_interfaces_s.ep.rosidl_typesupport_fastrtps_c.c
[7.294s] -- Installing: /home/andrew/leto/install/satellite_interfaces/lib/python3.10/site-packages/satellite_interfaces/satellite_interfaces_s__rosidl_typesupport_fastrtps_c.cpython-310-x86_64-linux-gnu.so
[7.294s] -- Installing: /home/andrew/leto/install/satellite_interfaces/lib/python3.10/site-packages/satellite_interfaces/__init__.py
[7.294s] -- Installing: /home/andrew/leto/install/satellite_interfaces/lib/python3.10/site-packages/satellite_interfaces/_satellite_interfaces_s.ep.rosidl_typesupport_introspection_c.c
[7.338s] Listing '/home/andrew/leto/install/satellite_interfaces/lib/python3.10/site-packages/satellite_interfaces'...
[7.338s] Compiling '/home/andrew/leto/install/satellite_interfaces/lib/python3.10/site-packages/satellite_interfaces/__init__.py'...
[7.338s] Listing '/home/andrew/leto/install/satellite_interfaces/lib/python3.10/site-packages/satellite_interfaces/srv'...
[7.338s] Compiling '/home/andrew/leto/install/satellite_interfaces/lib/python3.10/site-packages/satellite_interfaces/srv/__init__.py'...
[7.338s] Compiling '/home/andrew/leto/install/satellite_interfaces/lib/python3.10/site-packages/satellite_interfaces/srv/_satellite_data.py'...
[7.341s] -- Installing: /home/andrew/leto/install/satellite_interfaces/lib/python3.10/site-packages/satellite_interfaces/satellite_interfaces_s__rosidl_typesupport_fastrtps_c.cpython-310-x86_64-linux-gnu.so
[7.342s] -- Set runtime path of "/home/andrew/leto/install/satellite_interfaces/lib/python3.10/site-packages/satellite_interfaces/satellite_interfaces_s__rosidl_typesupport_fastrtps_c.cpython-310-x86_64-linux-gnu.so" to ""
[7.342s] -- Installing: /home/andrew/leto/install/satellite_interfaces/lib/python3.10/site-packages/satellite_interfaces/satellite_interfaces_s__rosidl_typesupport_introspection_c.cpython-310-x86_64-linux-gnu.so
[7.342s] -- Set runtime path of "/home/andrew/leto/install/satellite_interfaces/lib/python3.10/site-packages/satellite_interfaces/satellite_interfaces_s__rosidl_typesupport_introspection_c.cpython-310-x86_64-linux-gnu.so" to ""
[7.342s] -- Installing: /home/andrew/leto/install/satellite_interfaces/lib/python3.10/site-packages/satellite_interfaces/satellite_interfaces_s__rosidl_typesupport_c.cpython-310-x86_64-linux-gnu.so
[7.342s] -- Set runtime path of "/home/andrew/leto/install/satellite_interfaces/lib/python3.10/site-packages/satellite_interfaces/satellite_interfaces_s__rosidl_typesupport_c.cpython-310-x86_64-linux-gnu.so" to ""
[7.342s] -- Installing: /home/andrew/leto/install/satellite_interfaces/lib/libsatellite_interfaces__rosidl_generator_py.so
[7.342s] -- Set runtime path of "/home/andrew/leto/install/satellite_interfaces/lib/libsatellite_interfaces__rosidl_generator_py.so" to ""
[7.342s] -- Installing: /home/andrew/leto/install/satellite_interfaces/share/satellite_interfaces/srv/SatelliteData.idl
[7.342s] -- Installing: /home/andrew/leto/install/satellite_interfaces/share/satellite_interfaces/srv/SatelliteData.srv
[7.342s] -- Installing: /home/andrew/leto/install/satellite_interfaces/share/satellite_interfaces/srv/SatelliteData_Request.msg
[7.343s] -- Installing: /home/andrew/leto/install/satellite_interfaces/share/satellite_interfaces/srv/SatelliteData_Response.msg
[7.343s] -- Up-to-date: /home/andrew/leto/install/satellite_interfaces/share/ament_index/resource_index/package_run_dependencies/satellite_interfaces
[7.343s] -- Up-to-date: /home/andrew/leto/install/satellite_interfaces/share/ament_index/resource_index/parent_prefix_path/satellite_interfaces
[7.343s] -- Up-to-date: /home/andrew/leto/install/satellite_interfaces/share/satellite_interfaces/environment/ament_prefix_path.sh
[7.343s] -- Up-to-date: /home/andrew/leto/install/satellite_interfaces/share/satellite_interfaces/environment/ament_prefix_path.dsv
[7.343s] -- Up-to-date: /home/andrew/leto/install/satellite_interfaces/share/satellite_interfaces/environment/path.sh
[7.343s] -- Up-to-date: /home/andrew/leto/install/satellite_interfaces/share/satellite_interfaces/environment/path.dsv
[7.343s] -- Up-to-date: /home/andrew/leto/install/satellite_interfaces/share/satellite_interfaces/local_setup.bash
[7.343s] -- Up-to-date: /home/andrew/leto/install/satellite_interfaces/share/satellite_interfaces/local_setup.sh
[7.343s] -- Up-to-date: /home/andrew/leto/install/satellite_interfaces/share/satellite_interfaces/local_setup.zsh
[7.343s] -- Up-to-date: /home/andrew/leto/install/satellite_interfaces/share/satellite_interfaces/local_setup.dsv
[7.343s] -- Installing: /home/andrew/leto/install/satellite_interfaces/share/satellite_interfaces/package.dsv
[7.344s] -- Up-to-date: /home/andrew/leto/install/satellite_interfaces/share/ament_index/resource_index/packages/satellite_interfaces
[7.344s] -- Up-to-date: /home/andrew/leto/install/satellite_interfaces/share/satellite_interfaces/cmake/export_satellite_interfaces__rosidl_generator_cExport.cmake
[7.344s] -- Up-to-date: /home/andrew/leto/install/satellite_interfaces/share/satellite_interfaces/cmake/export_satellite_interfaces__rosidl_generator_cExport-noconfig.cmake
[7.344s] -- Up-to-date: /home/andrew/leto/install/satellite_interfaces/share/satellite_interfaces/cmake/export_satellite_interfaces__rosidl_typesupport_fastrtps_cExport.cmake
[7.344s] -- Up-to-date: /home/andrew/leto/install/satellite_interfaces/share/satellite_interfaces/cmake/export_satellite_interfaces__rosidl_typesupport_fastrtps_cExport-noconfig.cmake
[7.344s] -- Up-to-date: /home/andrew/leto/install/satellite_interfaces/share/satellite_interfaces/cmake/satellite_interfaces__rosidl_typesupport_introspection_cExport.cmake
[7.344s] -- Up-to-date: /home/andrew/leto/install/satellite_interfaces/share/satellite_interfaces/cmake/satellite_interfaces__rosidl_typesupport_introspection_cExport-noconfig.cmake
[7.344s] -- Up-to-date: /home/andrew/leto/install/satellite_interfaces/share/satellite_interfaces/cmake/satellite_interfaces__rosidl_typesupport_cExport.cmake
[7.344s] -- Up-to-date: /home/andrew/leto/install/satellite_interfaces/share/satellite_interfaces/cmake/satellite_interfaces__rosidl_typesupport_cExport-noconfig.cmake
[7.344s] -- Up-to-date: /home/andrew/leto/install/satellite_interfaces/share/satellite_interfaces/cmake/export_satellite_interfaces__rosidl_generator_cppExport.cmake
[7.344s] -- Up-to-date: /home/andrew/leto/install/satellite_interfaces/share/satellite_interfaces/cmake/export_satellite_interfaces__rosidl_typesupport_fastrtps_cppExport.cmake
[7.344s] -- Up-to-date: /home/andrew/leto/install/satellite_interfaces/share/satellite_interfaces/cmake/export_satellite_interfaces__rosidl_typesupport_fastrtps_cppExport-noconfig.cmake
[7.344s] -- Up-to-date: /home/andrew/leto/install/satellite_interfaces/share/satellite_interfaces/cmake/satellite_interfaces__rosidl_typesupport_introspection_cppExport.cmake
[7.344s] -- Up-to-date: /home/andrew/leto/install/satellite_interfaces/share/satellite_interfaces/cmake/satellite_interfaces__rosidl_typesupport_introspection_cppExport-noconfig.cmake
[7.344s] -- Up-to-date: /home/andrew/leto/install/satellite_interfaces/share/satellite_interfaces/cmake/satellite_interfaces__rosidl_typesupport_cppExport.cmake
[7.344s] -- Up-to-date: /home/andrew/leto/install/satellite_interfaces/share/satellite_interfaces/cmake/satellite_interfaces__rosidl_typesupport_cppExport-noconfig.cmake
[7.344s] -- Up-to-date: /home/andrew/leto/install/satellite_interfaces/share/satellite_interfaces/cmake/export_satellite_interfaces__rosidl_generator_pyExport.cmake
[7.344s] -- Up-to-date: /home/andrew/leto/install/satellite_interfaces/share/satellite_interfaces/cmake/export_satellite_interfaces__rosidl_generator_pyExport-noconfig.cmake
[7.345s] -- Installing: /home/andrew/leto/install/satellite_interfaces/share/satellite_interfaces/cmake/rosidl_cmake-extras.cmake
[7.345s] -- Up-to-date: /home/andrew/leto/install/satellite_interfaces/share/satellite_interfaces/cmake/ament_cmake_export_dependencies-extras.cmake
[7.345s] -- Up-to-date: /home/andrew/leto/install/satellite_interfaces/share/satellite_interfaces/cmake/ament_cmake_export_include_directories-extras.cmake
[7.345s] -- Up-to-date: /home/andrew/leto/install/satellite_interfaces/share/satellite_interfaces/cmake/ament_cmake_export_libraries-extras.cmake
[7.345s] -- Up-to-date: /home/andrew/leto/install/satellite_interfaces/share/satellite_interfaces/cmake/ament_cmake_export_targets-extras.cmake
[7.345s] -- Up-to-date: /home/andrew/leto/install/satellite_interfaces/share/satellite_interfaces/cmake/rosidl_cmake_export_typesupport_targets-extras.cmake
[7.345s] -- Up-to-date: /home/andrew/leto/install/satellite_interfaces/share/satellite_interfaces/cmake/rosidl_cmake_export_typesupport_libraries-extras.cmake
[7.345s] -- Up-to-date: /home/andrew/leto/install/satellite_interfaces/share/satellite_interfaces/cmake/satellite_interfacesConfig.cmake
[7.345s] -- Up-to-date: /home/andrew/leto/install/satellite_interfaces/share/satellite_interfaces/cmake/satellite_interfacesConfig-version.cmake
[7.345s] -- Up-to-date: /home/andrew/leto/install/satellite_interfaces/share/satellite_interfaces/package.xml
[7.355s] Invoked command in '/home/andrew/leto/build/satellite_interfaces' returned '0': CMAKE_PREFIX_PATH=${CMAKE_PREFIX_PATH}:/home/andrew/leto/install/satellite_run:/opt/ros/iron /usr/bin/cmake --install /home/andrew/leto/build/satellite_interfaces
