[0.938s] Invoking command in '/home/andrew/leto/src/satellite_run': PYTHONPATH=/home/andrew/leto/build/satellite_run/prefix_override:/home/andrew/leto/install/satellite_run/lib/python3.10/site-packages:/home/andrew/leto/install/satellite_interfaces/lib/python3.10/site-packages:/home/andrew/leto/install/satellite_run/lib/python3.10/site-packages:/opt/ros/iron/lib/python3.10/site-packages /usr/bin/python3 setup.py egg_info --egg-base ../../build/satellite_run build --build-base /home/andrew/leto/build/satellite_run/build install --record /home/andrew/leto/build/satellite_run/install.log --single-version-externally-managed
[1.185s] running egg_info
[1.186s] writing ../../build/satellite_run/satellite_run.egg-info/PKG-INFO
[1.187s] writing dependency_links to ../../build/satellite_run/satellite_run.egg-info/dependency_links.txt
[1.188s] writing entry points to ../../build/satellite_run/satellite_run.egg-info/entry_points.txt
[1.188s] writing requirements to ../../build/satellite_run/satellite_run.egg-info/requires.txt
[1.189s] writing top-level names to ../../build/satellite_run/satellite_run.egg-info/top_level.txt
[1.194s] reading manifest file '../../build/satellite_run/satellite_run.egg-info/SOURCES.txt'
[1.194s] writing manifest file '../../build/satellite_run/satellite_run.egg-info/SOURCES.txt'
[1.195s] running build
[1.195s] running build_py
[1.195s] copying satellite_run/SatelliteUtils.py -> /home/andrew/leto/build/satellite_run/build/lib/satellite_run
[1.196s] running install
[1.196s] /usr/lib/python3/dist-packages/setuptools/command/install.py:34: SetuptoolsDeprecationWarning: setup.py install is deprecated. Use build and pip and other standards-based tools.
[1.197s]   warnings.warn(
[1.197s] running install_lib
[1.199s] copying /home/andrew/leto/build/satellite_run/build/lib/satellite_run/SatelliteUtils.py -> /home/andrew/leto/install/satellite_run/lib/python3.10/site-packages/satellite_run
[1.208s] byte-compiling /home/andrew/leto/install/satellite_run/lib/python3.10/site-packages/satellite_run/SatelliteUtils.py to SatelliteUtils.cpython-310.pyc
[1.209s] running install_data
[1.213s] running install_egg_info
[1.213s] removing '/home/andrew/leto/install/satellite_run/lib/python3.10/site-packages/satellite_run-0.0.0-py3.10.egg-info' (and everything under it)
[1.214s] Copying ../../build/satellite_run/satellite_run.egg-info to /home/andrew/leto/install/satellite_run/lib/python3.10/site-packages/satellite_run-0.0.0-py3.10.egg-info
[1.218s] running install_scripts
[1.242s] Installing satellite_runner script to /home/andrew/leto/install/satellite_run/lib/satellite_run
[1.243s] Installing satellite_utils script to /home/andrew/leto/install/satellite_run/lib/satellite_run
[1.249s] Installing state_publisher script to /home/andrew/leto/install/satellite_run/lib/satellite_run
[1.249s] writing list of installed files to '/home/andrew/leto/build/satellite_run/install.log'
[1.309s] Invoked command in '/home/andrew/leto/src/satellite_run' returned '0': PYTHONPATH=/home/andrew/leto/build/satellite_run/prefix_override:/home/andrew/leto/install/satellite_run/lib/python3.10/site-packages:/home/andrew/leto/install/satellite_interfaces/lib/python3.10/site-packages:/home/andrew/leto/install/satellite_run/lib/python3.10/site-packages:/opt/ros/iron/lib/python3.10/site-packages /usr/bin/python3 setup.py egg_info --egg-base ../../build/satellite_run build --build-base /home/andrew/leto/build/satellite_run/build install --record /home/andrew/leto/build/satellite_run/install.log --single-version-externally-managed
