[1.150s] DEBUG:colcon:Command line arguments: ['/usr/bin/colcon', 'build']
[1.150s] DEBUG:colcon:Parsed command line arguments: Namespace(log_base=None, log_level=None, verb_name='build', build_base='build', install_base='install', merge_install=False, symlink_install=False, test_result_base=None, continue_on_error=False, executor='parallel', parallel_workers=6, event_handlers=None, ignore_user_meta=False, metas=['./colcon.meta'], base_paths=['.'], packages_ignore=None, packages_ignore_regex=None, paths=None, packages_up_to=None, packages_up_to_regex=None, packages_above=None, packages_above_and_dependencies=None, packages_above_depth=None, packages_select_by_dep=None, packages_skip_by_dep=None, packages_skip_up_to=None, packages_select_build_failed=False, packages_skip_build_finished=False, packages_select_test_failures=False, packages_skip_test_passed=False, packages_select=None, packages_skip=None, packages_select_regex=None, packages_skip_regex=None, packages_start=None, packages_end=None, allow_overriding=[], cmake_args=None, cmake_target=None, cmake_target_skip_unavailable=False, cmake_clean_cache=False, cmake_clean_first=False, cmake_force_configure=False, ament_cmake_args=None, catkin_cmake_args=None, catkin_skip_building_tests=False, mixin_files=None, mixin=None, verb_parser=<colcon_mixin.mixin.mixin_argument.MixinArgumentDecorator object at 0x78e545efca00>, verb_extension=<colcon_core.verb.build.BuildVerb object at 0x78e545efce20>, main=<bound method BuildVerb.main of <colcon_core.verb.build.BuildVerb object at 0x78e545efce20>>, mixin_verb=('build',))
[1.230s] Level 1:colcon.colcon_core.package_discovery:discover_packages(colcon_meta) check parameters
[1.230s] Level 1:colcon.colcon_core.package_discovery:discover_packages(recursive) check parameters
[1.230s] Level 1:colcon.colcon_core.package_discovery:discover_packages(ignore) check parameters
[1.230s] Level 1:colcon.colcon_core.package_discovery:discover_packages(path) check parameters
[1.230s] Level 1:colcon.colcon_core.package_discovery:discover_packages(colcon_meta) discover
[1.230s] Level 1:colcon.colcon_core.package_discovery:discover_packages(recursive) discover
[1.230s] INFO:colcon.colcon_core.package_discovery:Crawling recursively for packages in '/home/andrew/leto'
[1.230s] Level 1:colcon.colcon_core.package_identification:_identify(.) by extensions ['ignore', 'ignore_ament_install']
[1.230s] Level 1:colcon.colcon_core.package_identification:_identify(.) by extension 'ignore'
[1.230s] Level 1:colcon.colcon_core.package_identification:_identify(.) by extension 'ignore_ament_install'
[1.230s] Level 1:colcon.colcon_core.package_identification:_identify(.) by extensions ['colcon_pkg']
[1.230s] Level 1:colcon.colcon_core.package_identification:_identify(.) by extension 'colcon_pkg'
[1.230s] Level 1:colcon.colcon_core.package_identification:_identify(.) by extensions ['colcon_meta']
[1.231s] Level 1:colcon.colcon_core.package_identification:_identify(.) by extension 'colcon_meta'
[1.231s] Level 1:colcon.colcon_core.package_identification:_identify(.) by extensions ['ros']
[1.231s] Level 1:colcon.colcon_core.package_identification:_identify(.) by extension 'ros'
[1.256s] Level 1:colcon.colcon_core.package_identification:_identify(.) by extensions ['cmake', 'python']
[1.256s] Level 1:colcon.colcon_core.package_identification:_identify(.) by extension 'cmake'
[1.256s] Level 1:colcon.colcon_core.package_identification:_identify(.) by extension 'python'
[1.256s] Level 1:colcon.colcon_core.package_identification:_identify(.) by extensions ['python_setup_py']
[1.256s] Level 1:colcon.colcon_core.package_identification:_identify(.) by extension 'python_setup_py'
[1.256s] Level 1:colcon.colcon_core.package_identification:_identify(build) by extensions ['ignore', 'ignore_ament_install']
[1.256s] Level 1:colcon.colcon_core.package_identification:_identify(build) by extension 'ignore'
[1.256s] Level 1:colcon.colcon_core.package_identification:_identify(build) ignored
[1.256s] Level 1:colcon.colcon_core.package_identification:_identify(install) by extensions ['ignore', 'ignore_ament_install']
[1.256s] Level 1:colcon.colcon_core.package_identification:_identify(install) by extension 'ignore'
[1.256s] Level 1:colcon.colcon_core.package_identification:_identify(install) ignored
[1.256s] Level 1:colcon.colcon_core.package_identification:_identify(log) by extensions ['ignore', 'ignore_ament_install']
[1.257s] Level 1:colcon.colcon_core.package_identification:_identify(log) by extension 'ignore'
[1.257s] Level 1:colcon.colcon_core.package_identification:_identify(log) ignored
[1.257s] Level 1:colcon.colcon_core.package_identification:_identify(src) by extensions ['ignore', 'ignore_ament_install']
[1.257s] Level 1:colcon.colcon_core.package_identification:_identify(src) by extension 'ignore'
[1.257s] Level 1:colcon.colcon_core.package_identification:_identify(src) by extension 'ignore_ament_install'
[1.257s] Level 1:colcon.colcon_core.package_identification:_identify(src) by extensions ['colcon_pkg']
[1.257s] Level 1:colcon.colcon_core.package_identification:_identify(src) by extension 'colcon_pkg'
[1.257s] Level 1:colcon.colcon_core.package_identification:_identify(src) by extensions ['colcon_meta']
[1.257s] Level 1:colcon.colcon_core.package_identification:_identify(src) by extension 'colcon_meta'
[1.257s] Level 1:colcon.colcon_core.package_identification:_identify(src) by extensions ['ros']
[1.257s] Level 1:colcon.colcon_core.package_identification:_identify(src) by extension 'ros'
[1.257s] Level 1:colcon.colcon_core.package_identification:_identify(src) by extensions ['cmake', 'python']
[1.257s] Level 1:colcon.colcon_core.package_identification:_identify(src) by extension 'cmake'
[1.257s] Level 1:colcon.colcon_core.package_identification:_identify(src) by extension 'python'
[1.257s] Level 1:colcon.colcon_core.package_identification:_identify(src) by extensions ['python_setup_py']
[1.257s] Level 1:colcon.colcon_core.package_identification:_identify(src) by extension 'python_setup_py'
[1.257s] Level 1:colcon.colcon_core.package_identification:_identify(src/satellite_interfaces) by extensions ['ignore', 'ignore_ament_install']
[1.257s] Level 1:colcon.colcon_core.package_identification:_identify(src/satellite_interfaces) by extension 'ignore'
[1.257s] Level 1:colcon.colcon_core.package_identification:_identify(src/satellite_interfaces) by extension 'ignore_ament_install'
[1.257s] Level 1:colcon.colcon_core.package_identification:_identify(src/satellite_interfaces) by extensions ['colcon_pkg']
[1.257s] Level 1:colcon.colcon_core.package_identification:_identify(src/satellite_interfaces) by extension 'colcon_pkg'
[1.257s] Level 1:colcon.colcon_core.package_identification:_identify(src/satellite_interfaces) by extensions ['colcon_meta']
[1.257s] Level 1:colcon.colcon_core.package_identification:_identify(src/satellite_interfaces) by extension 'colcon_meta'
[1.257s] Level 1:colcon.colcon_core.package_identification:_identify(src/satellite_interfaces) by extensions ['ros']
[1.257s] Level 1:colcon.colcon_core.package_identification:_identify(src/satellite_interfaces) by extension 'ros'
[1.260s] DEBUG:colcon.colcon_core.package_identification:Package 'src/satellite_interfaces' with type 'ros.ament_cmake' and name 'satellite_interfaces'
[1.260s] Level 1:colcon.colcon_core.package_identification:_identify(src/satellite_run) by extensions ['ignore', 'ignore_ament_install']
[1.260s] Level 1:colcon.colcon_core.package_identification:_identify(src/satellite_run) by extension 'ignore'
[1.260s] Level 1:colcon.colcon_core.package_identification:_identify(src/satellite_run) by extension 'ignore_ament_install'
[1.260s] Level 1:colcon.colcon_core.package_identification:_identify(src/satellite_run) by extensions ['colcon_pkg']
[1.260s] Level 1:colcon.colcon_core.package_identification:_identify(src/satellite_run) by extension 'colcon_pkg'
[1.260s] Level 1:colcon.colcon_core.package_identification:_identify(src/satellite_run) by extensions ['colcon_meta']
[1.260s] Level 1:colcon.colcon_core.package_identification:_identify(src/satellite_run) by extension 'colcon_meta'
[1.260s] Level 1:colcon.colcon_core.package_identification:_identify(src/satellite_run) by extensions ['ros']
[1.260s] Level 1:colcon.colcon_core.package_identification:_identify(src/satellite_run) by extension 'ros'
[1.261s] DEBUG:colcon.colcon_core.package_identification:Package 'src/satellite_run' with type 'ros.ament_python' and name 'satellite_run'
[1.261s] Level 1:colcon.colcon_core.package_identification:_identify(worlds) by extensions ['ignore', 'ignore_ament_install']
[1.261s] Level 1:colcon.colcon_core.package_identification:_identify(worlds) by extension 'ignore'
[1.261s] Level 1:colcon.colcon_core.package_identification:_identify(worlds) by extension 'ignore_ament_install'
[1.261s] Level 1:colcon.colcon_core.package_identification:_identify(worlds) by extensions ['colcon_pkg']
[1.261s] Level 1:colcon.colcon_core.package_identification:_identify(worlds) by extension 'colcon_pkg'
[1.261s] Level 1:colcon.colcon_core.package_identification:_identify(worlds) by extensions ['colcon_meta']
[1.261s] Level 1:colcon.colcon_core.package_identification:_identify(worlds) by extension 'colcon_meta'
[1.261s] Level 1:colcon.colcon_core.package_identification:_identify(worlds) by extensions ['ros']
[1.261s] Level 1:colcon.colcon_core.package_identification:_identify(worlds) by extension 'ros'
[1.261s] Level 1:colcon.colcon_core.package_identification:_identify(worlds) by extensions ['cmake', 'python']
[1.261s] Level 1:colcon.colcon_core.package_identification:_identify(worlds) by extension 'cmake'
[1.261s] Level 1:colcon.colcon_core.package_identification:_identify(worlds) by extension 'python'
[1.261s] Level 1:colcon.colcon_core.package_identification:_identify(worlds) by extensions ['python_setup_py']
[1.261s] Level 1:colcon.colcon_core.package_identification:_identify(worlds) by extension 'python_setup_py'
[1.261s] Level 1:colcon.colcon_core.package_discovery:discover_packages(recursive) using defaults
[1.261s] Level 1:colcon.colcon_core.package_discovery:discover_packages(ignore) discover
[1.261s] Level 1:colcon.colcon_core.package_discovery:discover_packages(ignore) using defaults
[1.261s] Level 1:colcon.colcon_core.package_discovery:discover_packages(path) discover
[1.261s] Level 1:colcon.colcon_core.package_discovery:discover_packages(path) using defaults
[1.348s] Level 1:colcon.colcon_core.package_discovery:discover_packages(prefix_path) check parameters
[1.348s] Level 1:colcon.colcon_core.package_discovery:discover_packages(prefix_path) discover
[1.376s] DEBUG:colcon.colcon_installed_package_information.package_discovery:Found 289 installed packages in /opt/ros/iron
[1.377s] Level 1:colcon.colcon_core.package_discovery:discover_packages(prefix_path) using defaults
[1.436s] Level 5:colcon.colcon_core.verb:set package 'satellite_interfaces' build argument 'cmake_args' from command line to 'None'
[1.436s] Level 5:colcon.colcon_core.verb:set package 'satellite_interfaces' build argument 'cmake_target' from command line to 'None'
[1.436s] Level 5:colcon.colcon_core.verb:set package 'satellite_interfaces' build argument 'cmake_target_skip_unavailable' from command line to 'False'
[1.436s] Level 5:colcon.colcon_core.verb:set package 'satellite_interfaces' build argument 'cmake_clean_cache' from command line to 'False'
[1.436s] Level 5:colcon.colcon_core.verb:set package 'satellite_interfaces' build argument 'cmake_clean_first' from command line to 'False'
[1.436s] Level 5:colcon.colcon_core.verb:set package 'satellite_interfaces' build argument 'cmake_force_configure' from command line to 'False'
[1.436s] Level 5:colcon.colcon_core.verb:set package 'satellite_interfaces' build argument 'ament_cmake_args' from command line to 'None'
[1.436s] Level 5:colcon.colcon_core.verb:set package 'satellite_interfaces' build argument 'catkin_cmake_args' from command line to 'None'
[1.436s] Level 5:colcon.colcon_core.verb:set package 'satellite_interfaces' build argument 'catkin_skip_building_tests' from command line to 'False'
[1.436s] DEBUG:colcon.colcon_core.verb:Building package 'satellite_interfaces' with the following arguments: {'ament_cmake_args': None, 'build_base': '/home/andrew/leto/build/satellite_interfaces', 'catkin_cmake_args': None, 'catkin_skip_building_tests': False, 'cmake_args': None, 'cmake_clean_cache': False, 'cmake_clean_first': False, 'cmake_force_configure': False, 'cmake_target': None, 'cmake_target_skip_unavailable': False, 'install_base': '/home/andrew/leto/install/satellite_interfaces', 'merge_install': False, 'path': '/home/andrew/leto/src/satellite_interfaces', 'symlink_install': False, 'test_result_base': None}
[1.445s] Level 5:colcon.colcon_core.verb:set package 'satellite_run' build argument 'cmake_args' from command line to 'None'
[1.445s] Level 5:colcon.colcon_core.verb:set package 'satellite_run' build argument 'cmake_target' from command line to 'None'
[1.445s] Level 5:colcon.colcon_core.verb:set package 'satellite_run' build argument 'cmake_target_skip_unavailable' from command line to 'False'
[1.445s] Level 5:colcon.colcon_core.verb:set package 'satellite_run' build argument 'cmake_clean_cache' from command line to 'False'
[1.445s] Level 5:colcon.colcon_core.verb:set package 'satellite_run' build argument 'cmake_clean_first' from command line to 'False'
[1.445s] Level 5:colcon.colcon_core.verb:set package 'satellite_run' build argument 'cmake_force_configure' from command line to 'False'
[1.445s] Level 5:colcon.colcon_core.verb:set package 'satellite_run' build argument 'ament_cmake_args' from command line to 'None'
[1.446s] Level 5:colcon.colcon_core.verb:set package 'satellite_run' build argument 'catkin_cmake_args' from command line to 'None'
[1.446s] Level 5:colcon.colcon_core.verb:set package 'satellite_run' build argument 'catkin_skip_building_tests' from command line to 'False'
[1.446s] DEBUG:colcon.colcon_core.verb:Building package 'satellite_run' with the following arguments: {'ament_cmake_args': None, 'build_base': '/home/andrew/leto/build/satellite_run', 'catkin_cmake_args': None, 'catkin_skip_building_tests': False, 'cmake_args': None, 'cmake_clean_cache': False, 'cmake_clean_first': False, 'cmake_force_configure': False, 'cmake_target': None, 'cmake_target_skip_unavailable': False, 'install_base': '/home/andrew/leto/install/satellite_run', 'merge_install': False, 'path': '/home/andrew/leto/src/satellite_run', 'symlink_install': False, 'test_result_base': None}
[1.454s] INFO:colcon.colcon_core.executor:Executing jobs using 'parallel' executor
[1.468s] DEBUG:colcon.colcon_parallel_executor.executor.parallel:run_until_complete
[1.469s] INFO:colcon.colcon_ros.task.ament_cmake.build:Building ROS package in '/home/andrew/leto/src/satellite_interfaces' with build type 'ament_cmake'
[1.469s] INFO:colcon.colcon_cmake.task.cmake.build:Building CMake package in '/home/andrew/leto/src/satellite_interfaces'
[1.486s] INFO:colcon.colcon_core.plugin_system:Skipping extension 'colcon_core.shell.bat': Not used on non-Windows systems
[1.486s] INFO:colcon.colcon_core.shell:Skip shell extension 'powershell' for command environment: Not usable outside of PowerShell
[1.486s] DEBUG:colcon.colcon_core.shell:Skip shell extension 'dsv' for command environment
[1.526s] DEBUG:colcon.colcon_core.event_handler.log_command:Invoking command in '/home/andrew/leto/build/satellite_interfaces': CMAKE_PREFIX_PATH=/opt/ros/iron /usr/bin/cmake --build /home/andrew/leto/build/satellite_interfaces -- -j6 -l6
[2.121s] DEBUG:colcon.colcon_core.event_handler.log_command:Invoked command in '/home/andrew/leto/build/satellite_interfaces' returned '0': CMAKE_PREFIX_PATH=/opt/ros/iron /usr/bin/cmake --build /home/andrew/leto/build/satellite_interfaces -- -j6 -l6
[2.226s] DEBUG:colcon.colcon_core.event_handler.log_command:Invoking command in '/home/andrew/leto/build/satellite_interfaces': CMAKE_PREFIX_PATH=/opt/ros/iron /usr/bin/cmake --install /home/andrew/leto/build/satellite_interfaces
[2.288s] Level 1:colcon.colcon_core.environment:create_environment_scripts_only(satellite_interfaces)
[2.289s] DEBUG:colcon.colcon_core.event_handler.log_command:Invoked command in '/home/andrew/leto/build/satellite_interfaces' returned '0': CMAKE_PREFIX_PATH=/opt/ros/iron /usr/bin/cmake --install /home/andrew/leto/build/satellite_interfaces
[2.311s] Level 1:colcon.colcon_core.environment:checking '/home/andrew/leto/install/satellite_interfaces' for CMake module files
[2.312s] Level 1:colcon.colcon_core.environment:checking '/home/andrew/leto/install/satellite_interfaces' for CMake config files
[2.312s] Level 1:colcon.colcon_core.shell:create_environment_hook('satellite_interfaces', 'cmake_prefix_path')
[2.322s] INFO:colcon.colcon_core.shell:Creating environment hook '/home/andrew/leto/install/satellite_interfaces/share/satellite_interfaces/hook/cmake_prefix_path.ps1'
[2.323s] INFO:colcon.colcon_core.shell:Creating environment descriptor '/home/andrew/leto/install/satellite_interfaces/share/satellite_interfaces/hook/cmake_prefix_path.dsv'
[2.324s] INFO:colcon.colcon_core.shell:Creating environment hook '/home/andrew/leto/install/satellite_interfaces/share/satellite_interfaces/hook/cmake_prefix_path.sh'
[2.325s] Level 1:colcon.colcon_core.environment:checking '/home/andrew/leto/install/satellite_interfaces/lib'
[2.326s] Level 1:colcon.colcon_core.shell:create_environment_hook('satellite_interfaces', 'ld_library_path_lib')
[2.342s] INFO:colcon.colcon_core.shell:Creating environment hook '/home/andrew/leto/install/satellite_interfaces/share/satellite_interfaces/hook/ld_library_path_lib.ps1'
[2.343s] INFO:colcon.colcon_core.shell:Creating environment descriptor '/home/andrew/leto/install/satellite_interfaces/share/satellite_interfaces/hook/ld_library_path_lib.dsv'
[2.344s] INFO:colcon.colcon_core.shell:Creating environment hook '/home/andrew/leto/install/satellite_interfaces/share/satellite_interfaces/hook/ld_library_path_lib.sh'
[2.344s] Level 1:colcon.colcon_core.environment:checking '/home/andrew/leto/install/satellite_interfaces/bin'
[2.344s] Level 1:colcon.colcon_core.environment:checking '/home/andrew/leto/install/satellite_interfaces/lib/pkgconfig/satellite_interfaces.pc'
[2.345s] Level 1:colcon.colcon_core.environment:checking '/home/andrew/leto/install/satellite_interfaces/lib/python3.10/site-packages'
[2.345s] Level 1:colcon.colcon_core.shell:create_environment_hook('satellite_interfaces', 'pythonpath')
[2.356s] INFO:colcon.colcon_core.shell:Creating environment hook '/home/andrew/leto/install/satellite_interfaces/share/satellite_interfaces/hook/pythonpath.ps1'
[2.356s] INFO:colcon.colcon_core.shell:Creating environment descriptor '/home/andrew/leto/install/satellite_interfaces/share/satellite_interfaces/hook/pythonpath.dsv'
[2.357s] INFO:colcon.colcon_core.shell:Creating environment hook '/home/andrew/leto/install/satellite_interfaces/share/satellite_interfaces/hook/pythonpath.sh'
[2.357s] Level 1:colcon.colcon_core.environment:checking '/home/andrew/leto/install/satellite_interfaces/bin'
[2.368s] INFO:colcon.colcon_core.shell:Creating package script '/home/andrew/leto/install/satellite_interfaces/share/satellite_interfaces/package.ps1'
[2.370s] INFO:colcon.colcon_core.shell:Creating package descriptor '/home/andrew/leto/install/satellite_interfaces/share/satellite_interfaces/package.dsv'
[2.371s] INFO:colcon.colcon_core.shell:Creating package script '/home/andrew/leto/install/satellite_interfaces/share/satellite_interfaces/package.sh'
[2.372s] INFO:colcon.colcon_core.shell:Creating package script '/home/andrew/leto/install/satellite_interfaces/share/satellite_interfaces/package.bash'
[2.373s] INFO:colcon.colcon_core.shell:Creating package script '/home/andrew/leto/install/satellite_interfaces/share/satellite_interfaces/package.zsh'
[2.374s] Level 1:colcon.colcon_core.environment:create_file_with_runtime_dependencies(/home/andrew/leto/install/satellite_interfaces/share/colcon-core/packages/satellite_interfaces)
[2.468s] Level 1:colcon.colcon_core.environment:create_environment_scripts_only(satellite_interfaces)
[2.478s] Level 1:colcon.colcon_core.environment:checking '/home/andrew/leto/install/satellite_interfaces' for CMake module files
[2.478s] Level 1:colcon.colcon_core.environment:checking '/home/andrew/leto/install/satellite_interfaces' for CMake config files
[2.478s] Level 1:colcon.colcon_core.shell:create_environment_hook('satellite_interfaces', 'cmake_prefix_path')
[2.489s] INFO:colcon.colcon_core.shell:Creating environment hook '/home/andrew/leto/install/satellite_interfaces/share/satellite_interfaces/hook/cmake_prefix_path.ps1'
[2.490s] INFO:colcon.colcon_core.shell:Creating environment descriptor '/home/andrew/leto/install/satellite_interfaces/share/satellite_interfaces/hook/cmake_prefix_path.dsv'
[2.491s] INFO:colcon.colcon_core.shell:Creating environment hook '/home/andrew/leto/install/satellite_interfaces/share/satellite_interfaces/hook/cmake_prefix_path.sh'
[2.492s] Level 1:colcon.colcon_core.environment:checking '/home/andrew/leto/install/satellite_interfaces/lib'
[2.492s] Level 1:colcon.colcon_core.shell:create_environment_hook('satellite_interfaces', 'ld_library_path_lib')
[2.504s] INFO:colcon.colcon_core.shell:Creating environment hook '/home/andrew/leto/install/satellite_interfaces/share/satellite_interfaces/hook/ld_library_path_lib.ps1'
[2.505s] INFO:colcon.colcon_core.shell:Creating environment descriptor '/home/andrew/leto/install/satellite_interfaces/share/satellite_interfaces/hook/ld_library_path_lib.dsv'
[2.505s] INFO:colcon.colcon_core.shell:Creating environment hook '/home/andrew/leto/install/satellite_interfaces/share/satellite_interfaces/hook/ld_library_path_lib.sh'
[2.506s] Level 1:colcon.colcon_core.environment:checking '/home/andrew/leto/install/satellite_interfaces/bin'
[2.506s] Level 1:colcon.colcon_core.environment:checking '/home/andrew/leto/install/satellite_interfaces/lib/pkgconfig/satellite_interfaces.pc'
[2.506s] Level 1:colcon.colcon_core.environment:checking '/home/andrew/leto/install/satellite_interfaces/lib/python3.10/site-packages'
[2.506s] Level 1:colcon.colcon_core.shell:create_environment_hook('satellite_interfaces', 'pythonpath')
[2.531s] INFO:colcon.colcon_core.shell:Creating environment hook '/home/andrew/leto/install/satellite_interfaces/share/satellite_interfaces/hook/pythonpath.ps1'
[2.532s] INFO:colcon.colcon_core.shell:Creating environment descriptor '/home/andrew/leto/install/satellite_interfaces/share/satellite_interfaces/hook/pythonpath.dsv'
[2.533s] INFO:colcon.colcon_core.shell:Creating environment hook '/home/andrew/leto/install/satellite_interfaces/share/satellite_interfaces/hook/pythonpath.sh'
[2.534s] Level 1:colcon.colcon_core.environment:checking '/home/andrew/leto/install/satellite_interfaces/bin'
[2.546s] INFO:colcon.colcon_core.shell:Creating package script '/home/andrew/leto/install/satellite_interfaces/share/satellite_interfaces/package.ps1'
[2.546s] INFO:colcon.colcon_core.shell:Creating package descriptor '/home/andrew/leto/install/satellite_interfaces/share/satellite_interfaces/package.dsv'
[2.547s] INFO:colcon.colcon_core.shell:Creating package script '/home/andrew/leto/install/satellite_interfaces/share/satellite_interfaces/package.sh'
[2.547s] INFO:colcon.colcon_core.shell:Creating package script '/home/andrew/leto/install/satellite_interfaces/share/satellite_interfaces/package.bash'
[2.547s] INFO:colcon.colcon_core.shell:Creating package script '/home/andrew/leto/install/satellite_interfaces/share/satellite_interfaces/package.zsh'
[2.547s] Level 1:colcon.colcon_core.environment:create_file_with_runtime_dependencies(/home/andrew/leto/install/satellite_interfaces/share/colcon-core/packages/satellite_interfaces)
[2.548s] INFO:colcon.colcon_ros.task.ament_python.build:Building ROS package in '/home/andrew/leto/src/satellite_run' with build type 'ament_python'
[2.548s] Level 1:colcon.colcon_core.shell:create_environment_hook('satellite_run', 'ament_prefix_path')
[2.562s] INFO:colcon.colcon_core.shell:Creating environment hook '/home/andrew/leto/install/satellite_run/share/satellite_run/hook/ament_prefix_path.ps1'
[2.562s] INFO:colcon.colcon_core.shell:Creating environment descriptor '/home/andrew/leto/install/satellite_run/share/satellite_run/hook/ament_prefix_path.dsv'
[2.562s] INFO:colcon.colcon_core.shell:Creating environment hook '/home/andrew/leto/install/satellite_run/share/satellite_run/hook/ament_prefix_path.sh'
[2.576s] INFO:colcon.colcon_core.shell:Skip shell extension 'powershell' for command environment: Not usable outside of PowerShell
[2.576s] DEBUG:colcon.colcon_core.shell:Skip shell extension 'dsv' for command environment
[2.863s] INFO:colcon.colcon_core.task.python.build:Building Python package in '/home/andrew/leto/src/satellite_run'
[2.876s] INFO:colcon.colcon_core.shell:Skip shell extension 'powershell' for command environment: Not usable outside of PowerShell
[2.876s] DEBUG:colcon.colcon_core.shell:Skip shell extension 'dsv' for command environment
[3.529s] DEBUG:colcon.colcon_core.event_handler.log_command:Invoking command in '/home/andrew/leto/src/satellite_run': AMENT_PREFIX_PATH=/home/andrew/leto/install/satellite_interfaces:${AMENT_PREFIX_PATH} CMAKE_PREFIX_PATH=/home/andrew/leto/install/satellite_interfaces LD_LIBRARY_PATH=/home/andrew/leto/install/satellite_interfaces/lib:${LD_LIBRARY_PATH} PYTHONPATH=/home/andrew/leto/build/satellite_run/prefix_override:/home/andrew/leto/install/satellite_run/lib/python3.10/site-packages:/home/andrew/leto/install/satellite_interfaces/lib/python3.10/site-packages:${PYTHONPATH} /usr/bin/python3 setup.py egg_info --egg-base ../../build/satellite_run build --build-base /home/andrew/leto/build/satellite_run/build install --record /home/andrew/leto/build/satellite_run/install.log --single-version-externally-managed
[3.765s] DEBUG:colcon.colcon_core.event_handler.log_command:Invoked command in '/home/andrew/leto/src/satellite_run' returned '0': AMENT_PREFIX_PATH=/home/andrew/leto/install/satellite_interfaces:${AMENT_PREFIX_PATH} CMAKE_PREFIX_PATH=/home/andrew/leto/install/satellite_interfaces LD_LIBRARY_PATH=/home/andrew/leto/install/satellite_interfaces/lib:${LD_LIBRARY_PATH} PYTHONPATH=/home/andrew/leto/build/satellite_run/prefix_override:/home/andrew/leto/install/satellite_run/lib/python3.10/site-packages:/home/andrew/leto/install/satellite_interfaces/lib/python3.10/site-packages:${PYTHONPATH} /usr/bin/python3 setup.py egg_info --egg-base ../../build/satellite_run build --build-base /home/andrew/leto/build/satellite_run/build install --record /home/andrew/leto/build/satellite_run/install.log --single-version-externally-managed
[3.776s] Level 1:colcon.colcon_core.environment:checking '/home/andrew/leto/install/satellite_run' for CMake module files
[3.776s] Level 1:colcon.colcon_core.environment:checking '/home/andrew/leto/install/satellite_run' for CMake config files
[3.776s] Level 1:colcon.colcon_core.environment:checking '/home/andrew/leto/install/satellite_run/lib'
[3.776s] Level 1:colcon.colcon_core.environment:checking '/home/andrew/leto/install/satellite_run/bin'
[3.776s] Level 1:colcon.colcon_core.environment:checking '/home/andrew/leto/install/satellite_run/lib/pkgconfig/satellite_run.pc'
[3.776s] Level 1:colcon.colcon_core.environment:checking '/home/andrew/leto/install/satellite_run/lib/python3.10/site-packages'
[3.776s] Level 1:colcon.colcon_core.shell:create_environment_hook('satellite_run', 'pythonpath')
[3.785s] INFO:colcon.colcon_core.shell:Creating environment hook '/home/andrew/leto/install/satellite_run/share/satellite_run/hook/pythonpath.ps1'
[3.785s] INFO:colcon.colcon_core.shell:Creating environment descriptor '/home/andrew/leto/install/satellite_run/share/satellite_run/hook/pythonpath.dsv'
[3.785s] INFO:colcon.colcon_core.shell:Creating environment hook '/home/andrew/leto/install/satellite_run/share/satellite_run/hook/pythonpath.sh'
[3.786s] Level 1:colcon.colcon_core.environment:checking '/home/andrew/leto/install/satellite_run/bin'
[3.786s] Level 1:colcon.colcon_core.environment:create_environment_scripts_only(satellite_run)
[3.794s] INFO:colcon.colcon_core.shell:Creating package script '/home/andrew/leto/install/satellite_run/share/satellite_run/package.ps1'
[3.795s] INFO:colcon.colcon_core.shell:Creating package descriptor '/home/andrew/leto/install/satellite_run/share/satellite_run/package.dsv'
[3.795s] INFO:colcon.colcon_core.shell:Creating package script '/home/andrew/leto/install/satellite_run/share/satellite_run/package.sh'
[3.795s] INFO:colcon.colcon_core.shell:Creating package script '/home/andrew/leto/install/satellite_run/share/satellite_run/package.bash'
[3.795s] INFO:colcon.colcon_core.shell:Creating package script '/home/andrew/leto/install/satellite_run/share/satellite_run/package.zsh'
[3.796s] Level 1:colcon.colcon_core.environment:create_file_with_runtime_dependencies(/home/andrew/leto/install/satellite_run/share/colcon-core/packages/satellite_run)
[3.796s] DEBUG:colcon.colcon_parallel_executor.executor.parallel:closing loop
[3.796s] DEBUG:colcon.colcon_parallel_executor.executor.parallel:loop closed
[3.796s] DEBUG:colcon.colcon_parallel_executor.executor.parallel:run_until_complete finished with '0'
[3.796s] DEBUG:colcon.colcon_core.event_reactor:joining thread
[3.828s] INFO:colcon.colcon_core.plugin_system:Skipping extension 'colcon_notification.desktop_notification.terminal_notifier': Not used on non-Darwin systems
[3.828s] INFO:colcon.colcon_core.plugin_system:Skipping extension 'colcon_notification.desktop_notification.win32': Not used on non-Windows systems
[3.828s] INFO:colcon.colcon_notification.desktop_notification:Sending desktop notification using 'notify2'
[3.868s] DEBUG:colcon.colcon_core.event_reactor:joined thread
[3.884s] INFO:colcon.colcon_core.shell:Creating prefix script '/home/andrew/leto/install/local_setup.ps1'
[3.886s] INFO:colcon.colcon_core.shell:Creating prefix util module '/home/andrew/leto/install/_local_setup_util_ps1.py'
[3.887s] INFO:colcon.colcon_core.shell:Creating prefix chain script '/home/andrew/leto/install/setup.ps1'
[3.901s] INFO:colcon.colcon_core.shell:Creating prefix script '/home/andrew/leto/install/local_setup.sh'
[3.902s] INFO:colcon.colcon_core.shell:Creating prefix util module '/home/andrew/leto/install/_local_setup_util_sh.py'
[3.902s] INFO:colcon.colcon_core.shell:Creating prefix chain script '/home/andrew/leto/install/setup.sh'
[3.919s] INFO:colcon.colcon_core.shell:Creating prefix script '/home/andrew/leto/install/local_setup.bash'
[3.920s] INFO:colcon.colcon_core.shell:Creating prefix chain script '/home/andrew/leto/install/setup.bash'
[3.937s] INFO:colcon.colcon_core.shell:Creating prefix script '/home/andrew/leto/install/local_setup.zsh'
[3.939s] INFO:colcon.colcon_core.shell:Creating prefix chain script '/home/andrew/leto/install/setup.zsh'
