[1.022s] Invoking command in '/home/andrew/leto/src/satellite_run': PYTHONPATH=/home/andrew/leto/build/satellite_run/prefix_override:/home/andrew/leto/install/satellite_run/lib/python3.10/site-packages:${PYTHONPATH} /usr/bin/python3 setup.py egg_info --egg-base ../../build/satellite_run build --build-base /home/andrew/leto/build/satellite_run/build install --record /home/andrew/leto/build/satellite_run/install.log --single-version-externally-managed
[1.244s] running egg_info
[1.246s] writing ../../build/satellite_run/satellite_run.egg-info/PKG-INFO
[1.246s] writing dependency_links to ../../build/satellite_run/satellite_run.egg-info/dependency_links.txt
[1.246s] writing entry points to ../../build/satellite_run/satellite_run.egg-info/entry_points.txt
[1.247s] writing requirements to ../../build/satellite_run/satellite_run.egg-info/requires.txt
[1.247s] writing top-level names to ../../build/satellite_run/satellite_run.egg-info/top_level.txt
[1.249s] reading manifest file '../../build/satellite_run/satellite_run.egg-info/SOURCES.txt'
[1.250s] writing manifest file '../../build/satellite_run/satellite_run.egg-info/SOURCES.txt'
[1.250s] running build
[1.250s] running build_py
[1.250s] running install
[1.250s] /usr/lib/python3/dist-packages/setuptools/command/install.py:34: SetuptoolsDeprecationWarning: setup.py install is deprecated. Use build and pip and other standards-based tools.
[1.251s]   warnings.warn(
[1.251s] running install_lib
[1.252s] running install_data
[1.257s] running install_egg_info
[1.260s] removing '/home/andrew/leto/install/satellite_run/lib/python3.10/site-packages/satellite_run-0.0.0-py3.10.egg-info' (and everything under it)
[1.270s] Copying ../../build/satellite_run/satellite_run.egg-info to /home/andrew/leto/install/satellite_run/lib/python3.10/site-packages/satellite_run-0.0.0-py3.10.egg-info
[1.270s] running install_scripts
[1.293s] Installing remove_service script to /home/andrew/leto/install/satellite_run/lib/satellite_run
[1.293s] Installing satellite_runner script to /home/andrew/leto/install/satellite_run/lib/satellite_run
[1.293s] Installing spawn_service script to /home/andrew/leto/install/satellite_run/lib/satellite_run
[1.293s] Installing state_publisher script to /home/andrew/leto/install/satellite_run/lib/satellite_run
[1.293s] Installing velocity_publisher script to /home/andrew/leto/install/satellite_run/lib/satellite_run
[1.294s] writing list of installed files to '/home/andrew/leto/build/satellite_run/install.log'
[1.357s] Invoked command in '/home/andrew/leto/src/satellite_run' returned '0': PYTHONPATH=/home/andrew/leto/build/satellite_run/prefix_override:/home/andrew/leto/install/satellite_run/lib/python3.10/site-packages:${PYTHONPATH} /usr/bin/python3 setup.py egg_info --egg-base ../../build/satellite_run build --build-base /home/andrew/leto/build/satellite_run/build install --record /home/andrew/leto/build/satellite_run/install.log --single-version-externally-managed
