[0.599s] Invoking command in '/home/andrew/leto/src/satellite_run': PYTHONPATH=/home/andrew/leto/build/satellite_run/prefix_override:/home/andrew/leto/install/satellite_run/lib/python3.10/site-packages:${PYTHONPATH} /usr/bin/python3 setup.py egg_info --egg-base ../../build/satellite_run build --build-base /home/andrew/leto/build/satellite_run/build install --record /home/andrew/leto/build/satellite_run/install.log --single-version-externally-managed
[0.766s] running egg_info
[0.767s] writing ../../build/satellite_run/satellite_run.egg-info/PKG-INFO
[0.767s] writing dependency_links to ../../build/satellite_run/satellite_run.egg-info/dependency_links.txt
[0.767s] writing entry points to ../../build/satellite_run/satellite_run.egg-info/entry_points.txt
[0.767s] writing requirements to ../../build/satellite_run/satellite_run.egg-info/requires.txt
[0.767s] writing top-level names to ../../build/satellite_run/satellite_run.egg-info/top_level.txt
[0.769s] reading manifest file '../../build/satellite_run/satellite_run.egg-info/SOURCES.txt'
[0.769s] writing manifest file '../../build/satellite_run/satellite_run.egg-info/SOURCES.txt'
[0.769s] running build
[0.769s] running build_py
[0.769s] copying satellite_run/StatePublisher.py -> /home/andrew/leto/build/satellite_run/build/lib/satellite_run
[0.769s] running install
[0.770s] /usr/lib/python3/dist-packages/setuptools/command/install.py:34: SetuptoolsDeprecationWarning: setup.py install is deprecated. Use build and pip and other standards-based tools.
[0.770s]   warnings.warn(
[0.770s] running install_lib
[0.770s] copying /home/andrew/leto/build/satellite_run/build/lib/satellite_run/StatePublisher.py -> /home/andrew/leto/install/satellite_run/lib/python3.10/site-packages/satellite_run
[0.771s] byte-compiling /home/andrew/leto/install/satellite_run/lib/python3.10/site-packages/satellite_run/StatePublisher.py to StatePublisher.cpython-310.pyc
[0.771s] running install_data
[0.772s] running install_egg_info
[0.773s] removing '/home/andrew/leto/install/satellite_run/lib/python3.10/site-packages/satellite_run-0.0.0-py3.10.egg-info' (and everything under it)
[0.773s] Copying ../../build/satellite_run/satellite_run.egg-info to /home/andrew/leto/install/satellite_run/lib/python3.10/site-packages/satellite_run-0.0.0-py3.10.egg-info
[0.773s] running install_scripts
[0.792s] Installing satellite_runner script to /home/andrew/leto/install/satellite_run/lib/satellite_run
[0.792s] Installing state_publisher script to /home/andrew/leto/install/satellite_run/lib/satellite_run
[0.792s] writing list of installed files to '/home/andrew/leto/build/satellite_run/install.log'
[0.809s] Invoked command in '/home/andrew/leto/src/satellite_run' returned '0': PYTHONPATH=/home/andrew/leto/build/satellite_run/prefix_override:/home/andrew/leto/install/satellite_run/lib/python3.10/site-packages:${PYTHONPATH} /usr/bin/python3 setup.py egg_info --egg-base ../../build/satellite_run build --build-base /home/andrew/leto/build/satellite_run/build install --record /home/andrew/leto/build/satellite_run/install.log --single-version-externally-managed
