[0.059s] Invoking command in '/home/andrew/leto/build/satellite_interfaces': CMAKE_PREFIX_PATH=${CMAKE_PREFIX_PATH}:/home/andrew/leto/install/satellite_run:/opt/ros/iron /usr/bin/cmake --build /home/andrew/leto/build/satellite_interfaces -- -j6 -l6
[0.082s] -- Found geometry_msgs: 5.0.0 (/opt/ros/iron/share/geometry_msgs/cmake)
[0.221s] -- Found rosidl_generator_c: 4.0.1 (/opt/ros/iron/share/rosidl_generator_c/cmake)
[0.226s] -- Found rosidl_generator_cpp: 4.0.1 (/opt/ros/iron/share/rosidl_generator_cpp/cmake)
[0.241s] -- Using all available rosidl_typesupport_c: rosidl_typesupport_fastrtps_c;rosidl_typesupport_introspection_c
[0.251s] -- Using all available rosidl_typesupport_cpp: rosidl_typesupport_fastrtps_cpp;rosidl_typesupport_introspection_cpp
[0.318s] -- Found rosidl_default_generators: 1.5.0 (/opt/ros/iron/share/rosidl_default_generators/cmake)
[0.322s] -- Found rosidl_adapter: 4.0.1 (/opt/ros/iron/share/rosidl_adapter/cmake)
[0.664s] -- Found ament_cmake_ros: 0.11.2 (/opt/ros/iron/share/ament_cmake_ros/cmake)
[1.004s] -- Using all available rosidl_typesupport_c: rosidl_typesupport_fastrtps_c;rosidl_typesupport_introspection_c
[1.126s] -- Using all available rosidl_typesupport_cpp: rosidl_typesupport_fastrtps_cpp;rosidl_typesupport_introspection_cpp
[1.147s] -- Found python_cmake_module: 0.10.2 (/opt/ros/iron/share/python_cmake_module/cmake)
[1.166s] -- Using PYTHON_EXECUTABLE: /usr/bin/python3
[1.166s] -- Using PYTHON_INCLUDE_DIRS: /usr/include/python3.10
[1.166s] -- Using PYTHON_LIBRARIES: /usr/lib/x86_64-linux-gnu/libpython3.10.so
[1.196s] -- Found ament_lint_auto: 0.14.3 (/opt/ros/iron/share/ament_lint_auto/cmake)
[1.202s] -- Added test 'lint_cmake' to check CMake code style
[1.203s] -- Added test 'xmllint' to check XML markup files
[1.204s] -- Configuring done
[1.245s] -- Generating done
[1.248s] -- Build files have been written to: /home/andrew/leto/build/satellite_interfaces
[1.290s] [  2%] [34m[1mGenerating type hashes for ROS interfaces[0m
[1.295s] [  2%] Built target ament_cmake_python_copy_satellite_interfaces
[1.472s] running egg_info
[1.472s] writing satellite_interfaces.egg-info/PKG-INFO
[1.472s] writing dependency_links to satellite_interfaces.egg-info/dependency_links.txt
[1.473s] writing top-level names to satellite_interfaces.egg-info/top_level.txt
[1.474s] reading manifest file 'satellite_interfaces.egg-info/SOURCES.txt'
[1.474s] writing manifest file 'satellite_interfaces.egg-info/SOURCES.txt'
[1.488s] [  2%] Built target satellite_interfaces__rosidl_generator_type_description
[1.496s] [  4%] [34m[1mGenerating C code for ROS interfaces[0m
[1.501s] [  4%] Built target ament_cmake_python_build_satellite_interfaces_egg
[1.503s] [  6%] [34m[1mGenerating C++ code for ROS interfaces[0m
[1.831s] [  6%] Built target satellite_interfaces__cpp
[1.877s] [ 13%] [32mBuilding C object CMakeFiles/satellite_interfaces__rosidl_generator_c.dir/rosidl_generator_c/satellite_interfaces/srv/detail/satellite_vec__description.c.o[0m
[1.877s] [ 18%] [32mBuilding C object CMakeFiles/satellite_interfaces__rosidl_generator_c.dir/rosidl_generator_c/satellite_interfaces/srv/detail/satellite_name__type_support.c.o[0m
[1.877s] [ 20%] [32mBuilding C object CMakeFiles/satellite_interfaces__rosidl_generator_c.dir/rosidl_generator_c/satellite_interfaces/srv/detail/satellite_name__functions.c.o[0m
[1.877s] [ 20%] [32mBuilding C object CMakeFiles/satellite_interfaces__rosidl_generator_c.dir/rosidl_generator_c/satellite_interfaces/srv/detail/satellite_vec__functions.c.o[0m
[1.877s] [ 18%] [32mBuilding C object CMakeFiles/satellite_interfaces__rosidl_generator_c.dir/rosidl_generator_c/satellite_interfaces/srv/detail/satellite_vec__type_support.c.o[0m
[1.878s] [ 20%] [32mBuilding C object CMakeFiles/satellite_interfaces__rosidl_generator_c.dir/rosidl_generator_c/satellite_interfaces/srv/detail/satellite_name__description.c.o[0m
[1.948s] [ 22%] [32m[1mLinking C shared library libsatellite_interfaces__rosidl_generator_c.so[0m
[1.994s] [ 22%] Built target satellite_interfaces__rosidl_generator_c
[2.002s] [ 31%] [34m[1mGenerating C++ type support for eProsima Fast-RTPS[0m
[2.002s] [ 31%] [34m[1mGenerating C++ introspection for ROS interfaces[0m
[2.003s] [ 31%] [34m[1mGenerating C introspection for ROS interfaces[0m
[2.003s] [ 31%] [34m[1mGenerating C type support dispatch for ROS interfaces[0m
[2.003s] [ 34%] [34m[1mGenerating C++ type support dispatch for ROS interfaces[0m
[2.003s] [ 36%] [34m[1mGenerating C type support for eProsima Fast-RTPS[0m
[2.298s] [ 38%] [32mBuilding CXX object CMakeFiles/satellite_interfaces__rosidl_typesupport_c.dir/rosidl_typesupport_c/satellite_interfaces/srv/satellite_name__type_support.cpp.o[0m
[2.336s] [ 40%] [32mBuilding CXX object CMakeFiles/satellite_interfaces__rosidl_typesupport_introspection_cpp.dir/rosidl_typesupport_introspection_cpp/satellite_interfaces/srv/detail/satellite_name__type_support.cpp.o[0m
[2.349s] [ 43%] [32mBuilding CXX object CMakeFiles/satellite_interfaces__rosidl_typesupport_c.dir/rosidl_typesupport_c/satellite_interfaces/srv/satellite_vec__type_support.cpp.o[0m
[2.399s] [ 45%] [32mBuilding C object CMakeFiles/satellite_interfaces__rosidl_typesupport_introspection_c.dir/rosidl_typesupport_introspection_c/satellite_interfaces/srv/detail/satellite_name__type_support.c.o[0m
[2.399s] [ 47%] [32m[1mLinking CXX shared library libsatellite_interfaces__rosidl_typesupport_c.so[0m
[2.418s] [ 50%] [32mBuilding CXX object CMakeFiles/satellite_interfaces__rosidl_typesupport_fastrtps_cpp.dir/rosidl_typesupport_fastrtps_cpp/satellite_interfaces/srv/detail/dds_fastrtps/satellite_name__type_support.cpp.o[0m
[2.426s] [ 52%] [32mBuilding CXX object CMakeFiles/satellite_interfaces__rosidl_typesupport_cpp.dir/rosidl_typesupport_cpp/satellite_interfaces/srv/satellite_name__type_support.cpp.o[0m
[2.454s] [ 52%] Built target satellite_interfaces__rosidl_typesupport_c
[2.454s] [ 54%] [32mBuilding C object CMakeFiles/satellite_interfaces__rosidl_typesupport_introspection_c.dir/rosidl_typesupport_introspection_c/satellite_interfaces/srv/detail/satellite_vec__type_support.c.o[0m
[2.462s] [ 56%] [32mBuilding CXX object CMakeFiles/satellite_interfaces__rosidl_typesupport_cpp.dir/rosidl_typesupport_cpp/satellite_interfaces/srv/satellite_vec__type_support.cpp.o[0m
[2.512s] [ 59%] [32m[1mLinking C shared library libsatellite_interfaces__rosidl_typesupport_introspection_c.so[0m
[2.556s] [ 61%] [32mBuilding CXX object CMakeFiles/satellite_interfaces__rosidl_typesupport_fastrtps_c.dir/rosidl_typesupport_fastrtps_c/satellite_interfaces/srv/detail/satellite_name__type_support_c.cpp.o[0m
[2.571s] [ 61%] Built target satellite_interfaces__rosidl_typesupport_introspection_c
[2.579s] [ 63%] [32mBuilding CXX object CMakeFiles/satellite_interfaces__rosidl_typesupport_fastrtps_c.dir/rosidl_typesupport_fastrtps_c/satellite_interfaces/srv/detail/satellite_vec__type_support_c.cpp.o[0m
[2.848s] [ 65%] [32mBuilding CXX object CMakeFiles/satellite_interfaces__rosidl_typesupport_introspection_cpp.dir/rosidl_typesupport_introspection_cpp/satellite_interfaces/srv/detail/satellite_vec__type_support.cpp.o[0m
[2.928s] [ 68%] [32mBuilding CXX object CMakeFiles/satellite_interfaces__rosidl_typesupport_fastrtps_cpp.dir/rosidl_typesupport_fastrtps_cpp/satellite_interfaces/srv/detail/dds_fastrtps/satellite_vec__type_support.cpp.o[0m
[2.959s] [ 70%] [32m[1mLinking CXX shared library libsatellite_interfaces__rosidl_typesupport_cpp.so[0m
[2.969s] [ 72%] [32m[1mLinking CXX shared library libsatellite_interfaces__rosidl_typesupport_fastrtps_c.so[0m
[3.083s] [ 72%] Built target satellite_interfaces__rosidl_typesupport_cpp
[3.084s] [ 72%] Built target satellite_interfaces__rosidl_typesupport_fastrtps_c
[3.306s] [ 75%] [32m[1mLinking CXX shared library libsatellite_interfaces__rosidl_typesupport_introspection_cpp.so[0m
[3.398s] [ 75%] Built target satellite_interfaces__rosidl_typesupport_introspection_cpp
[3.481s] [ 77%] [32m[1mLinking CXX shared library libsatellite_interfaces__rosidl_typesupport_fastrtps_cpp.so[0m
[3.555s] [ 77%] Built target satellite_interfaces__rosidl_typesupport_fastrtps_cpp
[3.576s] [ 77%] Built target satellite_interfaces
[3.594s] [ 79%] [34m[1mGenerating Python code for ROS interfaces[0m
[4.029s] [ 79%] Built target satellite_interfaces__py
[4.049s] [ 84%] [32mBuilding C object CMakeFiles/satellite_interfaces__rosidl_generator_py.dir/rosidl_generator_py/satellite_interfaces/srv/_satellite_name_s.c.o[0m
[4.049s] [ 84%] [32mBuilding C object CMakeFiles/satellite_interfaces__rosidl_generator_py.dir/rosidl_generator_py/satellite_interfaces/srv/_satellite_vec_s.c.o[0m
[4.155s] [ 86%] [32m[1mLinking C shared library rosidl_generator_py/satellite_interfaces/libsatellite_interfaces__rosidl_generator_py.so[0m
[4.192s] [ 86%] Built target satellite_interfaces__rosidl_generator_py
[4.204s] [35m[1mConsolidate compiler generated dependencies of target satellite_interfaces__rosidl_typesupport_fastrtps_c__pyext[0m
[4.208s] [35m[1mConsolidate compiler generated dependencies of target satellite_interfaces__rosidl_typesupport_introspection_c__pyext[0m
[4.208s] [35m[1mConsolidate compiler generated dependencies of target satellite_interfaces__rosidl_typesupport_c__pyext[0m
[4.214s] [ 88%] [32mBuilding C object CMakeFiles/satellite_interfaces__rosidl_typesupport_fastrtps_c__pyext.dir/rosidl_generator_py/satellite_interfaces/_satellite_interfaces_s.ep.rosidl_typesupport_fastrtps_c.c.o[0m
[4.218s] [ 90%] [32mBuilding C object CMakeFiles/satellite_interfaces__rosidl_typesupport_c__pyext.dir/rosidl_generator_py/satellite_interfaces/_satellite_interfaces_s.ep.rosidl_typesupport_c.c.o[0m
[4.218s] [ 93%] [32mBuilding C object CMakeFiles/satellite_interfaces__rosidl_typesupport_introspection_c__pyext.dir/rosidl_generator_py/satellite_interfaces/_satellite_interfaces_s.ep.rosidl_typesupport_introspection_c.c.o[0m
[4.318s] [ 95%] [32m[1mLinking C shared library rosidl_generator_py/satellite_interfaces/satellite_interfaces_s__rosidl_typesupport_c.cpython-310-x86_64-linux-gnu.so[0m
[4.331s] [ 97%] [32m[1mLinking C shared library rosidl_generator_py/satellite_interfaces/satellite_interfaces_s__rosidl_typesupport_fastrtps_c.cpython-310-x86_64-linux-gnu.so[0m
[4.336s] [100%] [32m[1mLinking C shared library rosidl_generator_py/satellite_interfaces/satellite_interfaces_s__rosidl_typesupport_introspection_c.cpython-310-x86_64-linux-gnu.so[0m
[4.377s] [100%] Built target satellite_interfaces__rosidl_typesupport_c__pyext
[4.381s] [100%] Built target satellite_interfaces__rosidl_typesupport_fastrtps_c__pyext
[4.383s] [100%] Built target satellite_interfaces__rosidl_typesupport_introspection_c__pyext
[4.398s] Invoked command in '/home/andrew/leto/build/satellite_interfaces' returned '0': CMAKE_PREFIX_PATH=${CMAKE_PREFIX_PATH}:/home/andrew/leto/install/satellite_run:/opt/ros/iron /usr/bin/cmake --build /home/andrew/leto/build/satellite_interfaces -- -j6 -l6
[4.495s] Invoking command in '/home/andrew/leto/build/satellite_interfaces': CMAKE_PREFIX_PATH=${CMAKE_PREFIX_PATH}:/home/andrew/leto/install/satellite_run:/opt/ros/iron /usr/bin/cmake --install /home/andrew/leto/build/satellite_interfaces
[4.501s] -- Install configuration: ""
[4.501s] -- Installing: /home/andrew/leto/install/satellite_interfaces/share/ament_index/resource_index/rosidl_interfaces/satellite_interfaces
[4.501s] -- Installing: /home/andrew/leto/install/satellite_interfaces/share/satellite_interfaces/srv/SatelliteName.json
[4.503s] -- Installing: /home/andrew/leto/install/satellite_interfaces/share/satellite_interfaces/srv/SatelliteVec.json
[4.503s] -- Up-to-date: /home/andrew/leto/install/satellite_interfaces/include/satellite_interfaces/satellite_interfaces
[4.504s] -- Up-to-date: /home/andrew/leto/install/satellite_interfaces/include/satellite_interfaces/satellite_interfaces/msg
[4.504s] -- Up-to-date: /home/andrew/leto/install/satellite_interfaces/include/satellite_interfaces/satellite_interfaces/msg/rosidl_generator_c__visibility_control.h
[4.504s] -- Up-to-date: /home/andrew/leto/install/satellite_interfaces/include/satellite_interfaces/satellite_interfaces/srv
[4.504s] -- Up-to-date: /home/andrew/leto/install/satellite_interfaces/include/satellite_interfaces/satellite_interfaces/srv/satellite_set_pos.h
[4.504s] -- Installing: /home/andrew/leto/install/satellite_interfaces/include/satellite_interfaces/satellite_interfaces/srv/satellite_vec.h
[4.505s] -- Up-to-date: /home/andrew/leto/install/satellite_interfaces/include/satellite_interfaces/satellite_interfaces/srv/spawn_satellite.h
[4.505s] -- Installing: /home/andrew/leto/install/satellite_interfaces/include/satellite_interfaces/satellite_interfaces/srv/satellite_name.h
[4.505s] -- Up-to-date: /home/andrew/leto/install/satellite_interfaces/include/satellite_interfaces/satellite_interfaces/srv/satellite_data.h
[4.505s] -- Up-to-date: /home/andrew/leto/install/satellite_interfaces/include/satellite_interfaces/satellite_interfaces/srv/detail
[4.505s] -- Installing: /home/andrew/leto/install/satellite_interfaces/include/satellite_interfaces/satellite_interfaces/srv/detail/satellite_vec__struct.h
[4.505s] -- Installing: /home/andrew/leto/install/satellite_interfaces/include/satellite_interfaces/satellite_interfaces/srv/detail/satellite_vec__description.c
[4.506s] -- Up-to-date: /home/andrew/leto/install/satellite_interfaces/include/satellite_interfaces/satellite_interfaces/srv/detail/spawn_satellite__functions.h
[4.506s] -- Installing: /home/andrew/leto/install/satellite_interfaces/include/satellite_interfaces/satellite_interfaces/srv/detail/satellite_name__functions.h
[4.507s] -- Up-to-date: /home/andrew/leto/install/satellite_interfaces/include/satellite_interfaces/satellite_interfaces/srv/detail/satellite_set_pos__struct.h
[4.507s] -- Up-to-date: /home/andrew/leto/install/satellite_interfaces/include/satellite_interfaces/satellite_interfaces/srv/detail/satellite_data__functions.c
[4.507s] -- Up-to-date: /home/andrew/leto/install/satellite_interfaces/include/satellite_interfaces/satellite_interfaces/srv/detail/spawn_satellite__struct.h
[4.507s] -- Installing: /home/andrew/leto/install/satellite_interfaces/include/satellite_interfaces/satellite_interfaces/srv/detail/satellite_vec__functions.h
[4.508s] -- Up-to-date: /home/andrew/leto/install/satellite_interfaces/include/satellite_interfaces/satellite_interfaces/srv/detail/satellite_data__struct.h
[4.508s] -- Installing: /home/andrew/leto/install/satellite_interfaces/include/satellite_interfaces/satellite_interfaces/srv/detail/satellite_vec__type_support.c
[4.508s] -- Installing: /home/andrew/leto/install/satellite_interfaces/include/satellite_interfaces/satellite_interfaces/srv/detail/satellite_name__description.c
[4.508s] -- Up-to-date: /home/andrew/leto/install/satellite_interfaces/include/satellite_interfaces/satellite_interfaces/srv/detail/satellite_data__functions.h
[4.508s] -- Installing: /home/andrew/leto/install/satellite_interfaces/include/satellite_interfaces/satellite_interfaces/srv/detail/satellite_vec__type_support.h
[4.508s] -- Up-to-date: /home/andrew/leto/install/satellite_interfaces/include/satellite_interfaces/satellite_interfaces/srv/detail/spawn_satellite__type_support.h
[4.508s] -- Up-to-date: /home/andrew/leto/install/satellite_interfaces/include/satellite_interfaces/satellite_interfaces/srv/detail/spawn_satellite__functions.c
[4.508s] -- Up-to-date: /home/andrew/leto/install/satellite_interfaces/include/satellite_interfaces/satellite_interfaces/srv/detail/satellite_set_pos__type_support.c
[4.508s] -- Up-to-date: /home/andrew/leto/install/satellite_interfaces/include/satellite_interfaces/satellite_interfaces/srv/detail/satellite_data__type_support.h
[4.508s] -- Installing: /home/andrew/leto/install/satellite_interfaces/include/satellite_interfaces/satellite_interfaces/srv/detail/satellite_name__functions.c
[4.510s] -- Installing: /home/andrew/leto/install/satellite_interfaces/include/satellite_interfaces/satellite_interfaces/srv/detail/satellite_vec__functions.c
[4.510s] -- Up-to-date: /home/andrew/leto/install/satellite_interfaces/include/satellite_interfaces/satellite_interfaces/srv/detail/satellite_data__description.c
[4.510s] -- Up-to-date: /home/andrew/leto/install/satellite_interfaces/include/satellite_interfaces/satellite_interfaces/srv/detail/spawn_satellite__type_support.c
[4.510s] -- Up-to-date: /home/andrew/leto/install/satellite_interfaces/include/satellite_interfaces/satellite_interfaces/srv/detail/satellite_set_pos__type_support.h
[4.510s] -- Up-to-date: /home/andrew/leto/install/satellite_interfaces/include/satellite_interfaces/satellite_interfaces/srv/detail/satellite_set_pos__functions.h
[4.510s] -- Installing: /home/andrew/leto/install/satellite_interfaces/include/satellite_interfaces/satellite_interfaces/srv/detail/satellite_name__struct.h
[4.511s] -- Up-to-date: /home/andrew/leto/install/satellite_interfaces/include/satellite_interfaces/satellite_interfaces/srv/detail/spawn_satellite__description.c
[4.511s] -- Installing: /home/andrew/leto/install/satellite_interfaces/include/satellite_interfaces/satellite_interfaces/srv/detail/satellite_name__type_support.c
[4.511s] -- Up-to-date: /home/andrew/leto/install/satellite_interfaces/include/satellite_interfaces/satellite_interfaces/srv/detail/satellite_set_pos__functions.c
[4.511s] -- Up-to-date: /home/andrew/leto/install/satellite_interfaces/include/satellite_interfaces/satellite_interfaces/srv/detail/satellite_set_pos__description.c
[4.511s] -- Installing: /home/andrew/leto/install/satellite_interfaces/include/satellite_interfaces/satellite_interfaces/srv/detail/satellite_name__type_support.h
[4.511s] -- Up-to-date: /home/andrew/leto/install/satellite_interfaces/include/satellite_interfaces/satellite_interfaces/srv/detail/satellite_data__type_support.c
[4.511s] -- Up-to-date: /home/andrew/leto/install/satellite_interfaces/share/satellite_interfaces/environment/library_path.sh
[4.511s] -- Up-to-date: /home/andrew/leto/install/satellite_interfaces/share/satellite_interfaces/environment/library_path.dsv
[4.511s] -- Installing: /home/andrew/leto/install/satellite_interfaces/lib/libsatellite_interfaces__rosidl_generator_c.so
[4.512s] -- Set runtime path of "/home/andrew/leto/install/satellite_interfaces/lib/libsatellite_interfaces__rosidl_generator_c.so" to ""
[4.512s] -- Up-to-date: /home/andrew/leto/install/satellite_interfaces/include/satellite_interfaces/satellite_interfaces
[4.512s] -- Up-to-date: /home/andrew/leto/install/satellite_interfaces/include/satellite_interfaces/satellite_interfaces/msg
[4.512s] -- Up-to-date: /home/andrew/leto/install/satellite_interfaces/include/satellite_interfaces/satellite_interfaces/msg/rosidl_typesupport_fastrtps_c__visibility_control.h
[4.512s] -- Up-to-date: /home/andrew/leto/install/satellite_interfaces/include/satellite_interfaces/satellite_interfaces/srv
[4.512s] -- Up-to-date: /home/andrew/leto/install/satellite_interfaces/include/satellite_interfaces/satellite_interfaces/srv/detail
[4.512s] -- Up-to-date: /home/andrew/leto/install/satellite_interfaces/include/satellite_interfaces/satellite_interfaces/srv/detail/satellite_set_pos__rosidl_typesupport_fastrtps_c.h
[4.512s] -- Up-to-date: /home/andrew/leto/install/satellite_interfaces/include/satellite_interfaces/satellite_interfaces/srv/detail/spawn_satellite__rosidl_typesupport_fastrtps_c.h
[4.512s] -- Installing: /home/andrew/leto/install/satellite_interfaces/include/satellite_interfaces/satellite_interfaces/srv/detail/satellite_vec__rosidl_typesupport_fastrtps_c.h
[4.512s] -- Installing: /home/andrew/leto/install/satellite_interfaces/include/satellite_interfaces/satellite_interfaces/srv/detail/satellite_name__rosidl_typesupport_fastrtps_c.h
[4.512s] -- Up-to-date: /home/andrew/leto/install/satellite_interfaces/include/satellite_interfaces/satellite_interfaces/srv/detail/satellite_data__rosidl_typesupport_fastrtps_c.h
[4.512s] -- Installing: /home/andrew/leto/install/satellite_interfaces/lib/libsatellite_interfaces__rosidl_typesupport_fastrtps_c.so
[4.512s] -- Set runtime path of "/home/andrew/leto/install/satellite_interfaces/lib/libsatellite_interfaces__rosidl_typesupport_fastrtps_c.so" to ""
[4.513s] -- Up-to-date: /home/andrew/leto/install/satellite_interfaces/include/satellite_interfaces/satellite_interfaces
[4.513s] -- Up-to-date: /home/andrew/leto/install/satellite_interfaces/include/satellite_interfaces/satellite_interfaces/srv
[4.513s] -- Up-to-date: /home/andrew/leto/install/satellite_interfaces/include/satellite_interfaces/satellite_interfaces/srv/satellite_data.hpp
[4.513s] -- Up-to-date: /home/andrew/leto/install/satellite_interfaces/include/satellite_interfaces/satellite_interfaces/srv/satellite_set_pos.hpp
[4.513s] -- Installing: /home/andrew/leto/install/satellite_interfaces/include/satellite_interfaces/satellite_interfaces/srv/satellite_vec.hpp
[4.513s] -- Installing: /home/andrew/leto/install/satellite_interfaces/include/satellite_interfaces/satellite_interfaces/srv/satellite_name.hpp
[4.513s] -- Up-to-date: /home/andrew/leto/install/satellite_interfaces/include/satellite_interfaces/satellite_interfaces/srv/spawn_satellite.hpp
[4.513s] -- Up-to-date: /home/andrew/leto/install/satellite_interfaces/include/satellite_interfaces/satellite_interfaces/srv/detail
[4.513s] -- Installing: /home/andrew/leto/install/satellite_interfaces/include/satellite_interfaces/satellite_interfaces/srv/detail/satellite_vec__struct.hpp
[4.513s] -- Up-to-date: /home/andrew/leto/install/satellite_interfaces/include/satellite_interfaces/satellite_interfaces/srv/detail/spawn_satellite__traits.hpp
[4.513s] -- Up-to-date: /home/andrew/leto/install/satellite_interfaces/include/satellite_interfaces/satellite_interfaces/srv/detail/satellite_set_pos__traits.hpp
[4.513s] -- Installing: /home/andrew/leto/install/satellite_interfaces/include/satellite_interfaces/satellite_interfaces/srv/detail/satellite_vec__builder.hpp
[4.513s] -- Up-to-date: /home/andrew/leto/install/satellite_interfaces/include/satellite_interfaces/satellite_interfaces/srv/detail/spawn_satellite__struct.hpp
[4.513s] -- Up-to-date: /home/andrew/leto/install/satellite_interfaces/include/satellite_interfaces/satellite_interfaces/srv/detail/satellite_data__traits.hpp
[4.513s] -- Up-to-date: /home/andrew/leto/install/satellite_interfaces/include/satellite_interfaces/satellite_interfaces/srv/detail/satellite_data__builder.hpp
[4.514s] -- Up-to-date: /home/andrew/leto/install/satellite_interfaces/include/satellite_interfaces/satellite_interfaces/srv/detail/satellite_data__struct.hpp
[4.517s] -- Installing: /home/andrew/leto/install/satellite_interfaces/include/satellite_interfaces/satellite_interfaces/srv/detail/satellite_name__struct.hpp
[4.517s] -- Up-to-date: /home/andrew/leto/install/satellite_interfaces/include/satellite_interfaces/satellite_interfaces/srv/detail/satellite_set_pos__struct.hpp
[4.521s] -- Installing: /home/andrew/leto/install/satellite_interfaces/include/satellite_interfaces/satellite_interfaces/srv/detail/satellite_name__builder.hpp
[4.521s] -- Installing: /home/andrew/leto/install/satellite_interfaces/include/satellite_interfaces/satellite_interfaces/srv/detail/satellite_name__traits.hpp
[4.521s] -- Installing: /home/andrew/leto/install/satellite_interfaces/include/satellite_interfaces/satellite_interfaces/srv/detail/satellite_vec__traits.hpp
[4.521s] -- Up-to-date: /home/andrew/leto/install/satellite_interfaces/include/satellite_interfaces/satellite_interfaces/srv/detail/spawn_satellite__builder.hpp
[4.521s] -- Up-to-date: /home/andrew/leto/install/satellite_interfaces/include/satellite_interfaces/satellite_interfaces/srv/detail/satellite_set_pos__builder.hpp
[4.521s] -- Up-to-date: /home/andrew/leto/install/satellite_interfaces/include/satellite_interfaces/satellite_interfaces
[4.521s] -- Up-to-date: /home/andrew/leto/install/satellite_interfaces/include/satellite_interfaces/satellite_interfaces/msg
[4.521s] -- Up-to-date: /home/andrew/leto/install/satellite_interfaces/include/satellite_interfaces/satellite_interfaces/msg/rosidl_typesupport_fastrtps_cpp__visibility_control.h
[4.521s] -- Up-to-date: /home/andrew/leto/install/satellite_interfaces/include/satellite_interfaces/satellite_interfaces/srv
[4.521s] -- Up-to-date: /home/andrew/leto/install/satellite_interfaces/include/satellite_interfaces/satellite_interfaces/srv/detail
[4.521s] -- Installing: /home/andrew/leto/install/satellite_interfaces/include/satellite_interfaces/satellite_interfaces/srv/detail/satellite_vec__rosidl_typesupport_fastrtps_cpp.hpp
[4.521s] -- Installing: /home/andrew/leto/install/satellite_interfaces/include/satellite_interfaces/satellite_interfaces/srv/detail/satellite_name__rosidl_typesupport_fastrtps_cpp.hpp
[4.521s] -- Up-to-date: /home/andrew/leto/install/satellite_interfaces/include/satellite_interfaces/satellite_interfaces/srv/detail/spawn_satellite__rosidl_typesupport_fastrtps_cpp.hpp
[4.521s] -- Up-to-date: /home/andrew/leto/install/satellite_interfaces/include/satellite_interfaces/satellite_interfaces/srv/detail/dds_fastrtps
[4.521s] -- Up-to-date: /home/andrew/leto/install/satellite_interfaces/include/satellite_interfaces/satellite_interfaces/srv/detail/satellite_set_pos__rosidl_typesupport_fastrtps_cpp.hpp
[4.521s] -- Up-to-date: /home/andrew/leto/install/satellite_interfaces/include/satellite_interfaces/satellite_interfaces/srv/detail/satellite_data__rosidl_typesupport_fastrtps_cpp.hpp
[4.521s] -- Installing: /home/andrew/leto/install/satellite_interfaces/lib/libsatellite_interfaces__rosidl_typesupport_fastrtps_cpp.so
[4.521s] -- Set runtime path of "/home/andrew/leto/install/satellite_interfaces/lib/libsatellite_interfaces__rosidl_typesupport_fastrtps_cpp.so" to ""
[4.521s] -- Up-to-date: /home/andrew/leto/install/satellite_interfaces/include/satellite_interfaces/satellite_interfaces
[4.521s] -- Up-to-date: /home/andrew/leto/install/satellite_interfaces/include/satellite_interfaces/satellite_interfaces/msg
[4.522s] -- Up-to-date: /home/andrew/leto/install/satellite_interfaces/include/satellite_interfaces/satellite_interfaces/msg/rosidl_typesupport_introspection_c__visibility_control.h
[4.522s] -- Up-to-date: /home/andrew/leto/install/satellite_interfaces/include/satellite_interfaces/satellite_interfaces/srv
[4.522s] -- Up-to-date: /home/andrew/leto/install/satellite_interfaces/include/satellite_interfaces/satellite_interfaces/srv/detail
[4.522s] -- Installing: /home/andrew/leto/install/satellite_interfaces/include/satellite_interfaces/satellite_interfaces/srv/detail/satellite_vec__type_support.c
[4.522s] -- Up-to-date: /home/andrew/leto/install/satellite_interfaces/include/satellite_interfaces/satellite_interfaces/srv/detail/spawn_satellite__rosidl_typesupport_introspection_c.h
[4.522s] -- Up-to-date: /home/andrew/leto/install/satellite_interfaces/include/satellite_interfaces/satellite_interfaces/srv/detail/satellite_set_pos__type_support.c
[4.522s] -- Installing: /home/andrew/leto/install/satellite_interfaces/include/satellite_interfaces/satellite_interfaces/srv/detail/satellite_name__rosidl_typesupport_introspection_c.h
[4.522s] -- Up-to-date: /home/andrew/leto/install/satellite_interfaces/include/satellite_interfaces/satellite_interfaces/srv/detail/satellite_set_pos__rosidl_typesupport_introspection_c.h
[4.522s] -- Installing: /home/andrew/leto/install/satellite_interfaces/include/satellite_interfaces/satellite_interfaces/srv/detail/satellite_vec__rosidl_typesupport_introspection_c.h
[4.522s] -- Up-to-date: /home/andrew/leto/install/satellite_interfaces/include/satellite_interfaces/satellite_interfaces/srv/detail/spawn_satellite__type_support.c
[4.522s] -- Installing: /home/andrew/leto/install/satellite_interfaces/include/satellite_interfaces/satellite_interfaces/srv/detail/satellite_name__type_support.c
[4.522s] -- Up-to-date: /home/andrew/leto/install/satellite_interfaces/include/satellite_interfaces/satellite_interfaces/srv/detail/satellite_data__rosidl_typesupport_introspection_c.h
[4.522s] -- Up-to-date: /home/andrew/leto/install/satellite_interfaces/include/satellite_interfaces/satellite_interfaces/srv/detail/satellite_data__type_support.c
[4.522s] -- Installing: /home/andrew/leto/install/satellite_interfaces/lib/libsatellite_interfaces__rosidl_typesupport_introspection_c.so
[4.522s] -- Set runtime path of "/home/andrew/leto/install/satellite_interfaces/lib/libsatellite_interfaces__rosidl_typesupport_introspection_c.so" to ""
[4.522s] -- Installing: /home/andrew/leto/install/satellite_interfaces/lib/libsatellite_interfaces__rosidl_typesupport_c.so
[4.522s] -- Set runtime path of "/home/andrew/leto/install/satellite_interfaces/lib/libsatellite_interfaces__rosidl_typesupport_c.so" to ""
[4.522s] -- Up-to-date: /home/andrew/leto/install/satellite_interfaces/include/satellite_interfaces/satellite_interfaces
[4.522s] -- Up-to-date: /home/andrew/leto/install/satellite_interfaces/include/satellite_interfaces/satellite_interfaces/srv
[4.522s] -- Up-to-date: /home/andrew/leto/install/satellite_interfaces/include/satellite_interfaces/satellite_interfaces/srv/detail
[4.522s] -- Installing: /home/andrew/leto/install/satellite_interfaces/include/satellite_interfaces/satellite_interfaces/srv/detail/satellite_vec__rosidl_typesupport_introspection_cpp.hpp
[4.523s] -- Up-to-date: /home/andrew/leto/install/satellite_interfaces/include/satellite_interfaces/satellite_interfaces/srv/detail/satellite_set_pos__type_support.cpp
[4.523s] -- Up-to-date: /home/andrew/leto/install/satellite_interfaces/include/satellite_interfaces/satellite_interfaces/srv/detail/satellite_set_pos__rosidl_typesupport_introspection_cpp.hpp
[4.523s] -- Up-to-date: /home/andrew/leto/install/satellite_interfaces/include/satellite_interfaces/satellite_interfaces/srv/detail/satellite_data__rosidl_typesupport_introspection_cpp.hpp
[4.523s] -- Up-to-date: /home/andrew/leto/install/satellite_interfaces/include/satellite_interfaces/satellite_interfaces/srv/detail/spawn_satellite__rosidl_typesupport_introspection_cpp.hpp
[4.523s] -- Installing: /home/andrew/leto/install/satellite_interfaces/include/satellite_interfaces/satellite_interfaces/srv/detail/satellite_name__rosidl_typesupport_introspection_cpp.hpp
[4.523s] -- Installing: /home/andrew/leto/install/satellite_interfaces/include/satellite_interfaces/satellite_interfaces/srv/detail/satellite_vec__type_support.cpp
[4.523s] -- Up-to-date: /home/andrew/leto/install/satellite_interfaces/include/satellite_interfaces/satellite_interfaces/srv/detail/spawn_satellite__type_support.cpp
[4.523s] -- Up-to-date: /home/andrew/leto/install/satellite_interfaces/include/satellite_interfaces/satellite_interfaces/srv/detail/satellite_data__type_support.cpp
[4.523s] -- Installing: /home/andrew/leto/install/satellite_interfaces/include/satellite_interfaces/satellite_interfaces/srv/detail/satellite_name__type_support.cpp
[4.523s] -- Installing: /home/andrew/leto/install/satellite_interfaces/lib/libsatellite_interfaces__rosidl_typesupport_introspection_cpp.so
[4.523s] -- Set runtime path of "/home/andrew/leto/install/satellite_interfaces/lib/libsatellite_interfaces__rosidl_typesupport_introspection_cpp.so" to ""
[4.523s] -- Installing: /home/andrew/leto/install/satellite_interfaces/lib/libsatellite_interfaces__rosidl_typesupport_cpp.so
[4.523s] -- Set runtime path of "/home/andrew/leto/install/satellite_interfaces/lib/libsatellite_interfaces__rosidl_typesupport_cpp.so" to ""
[4.523s] -- Up-to-date: /home/andrew/leto/install/satellite_interfaces/share/satellite_interfaces/environment/pythonpath.sh
[4.523s] -- Up-to-date: /home/andrew/leto/install/satellite_interfaces/share/satellite_interfaces/environment/pythonpath.dsv
[4.524s] -- Up-to-date: /home/andrew/leto/install/satellite_interfaces/lib/python3.10/site-packages/satellite_interfaces-0.0.0-py3.10.egg-info
[4.524s] -- Installing: /home/andrew/leto/install/satellite_interfaces/lib/python3.10/site-packages/satellite_interfaces-0.0.0-py3.10.egg-info/dependency_links.txt
[4.524s] -- Installing: /home/andrew/leto/install/satellite_interfaces/lib/python3.10/site-packages/satellite_interfaces-0.0.0-py3.10.egg-info/PKG-INFO
[4.524s] -- Installing: /home/andrew/leto/install/satellite_interfaces/lib/python3.10/site-packages/satellite_interfaces-0.0.0-py3.10.egg-info/SOURCES.txt
[4.524s] -- Installing: /home/andrew/leto/install/satellite_interfaces/lib/python3.10/site-packages/satellite_interfaces-0.0.0-py3.10.egg-info/top_level.txt
[4.524s] -- Up-to-date: /home/andrew/leto/install/satellite_interfaces/lib/python3.10/site-packages/satellite_interfaces
[4.524s] -- Installing: /home/andrew/leto/install/satellite_interfaces/lib/python3.10/site-packages/satellite_interfaces/libsatellite_interfaces__rosidl_generator_py.so
[4.524s] -- Installing: /home/andrew/leto/install/satellite_interfaces/lib/python3.10/site-packages/satellite_interfaces/satellite_interfaces_s__rosidl_typesupport_c.cpython-310-x86_64-linux-gnu.so
[4.524s] -- Up-to-date: /home/andrew/leto/install/satellite_interfaces/lib/python3.10/site-packages/satellite_interfaces/srv
[4.524s] -- Up-to-date: /home/andrew/leto/install/satellite_interfaces/lib/python3.10/site-packages/satellite_interfaces/srv/_satellite_data_s.c
[4.524s] -- Installing: /home/andrew/leto/install/satellite_interfaces/lib/python3.10/site-packages/satellite_interfaces/srv/_satellite_vec.py
[4.524s] -- Installing: /home/andrew/leto/install/satellite_interfaces/lib/python3.10/site-packages/satellite_interfaces/srv/_satellite_name_s.c
[4.524s] -- Up-to-date: /home/andrew/leto/install/satellite_interfaces/lib/python3.10/site-packages/satellite_interfaces/srv/_spawn_satellite_s.c
[4.524s] -- Up-to-date: /home/andrew/leto/install/satellite_interfaces/lib/python3.10/site-packages/satellite_interfaces/srv/_spawn_satellite.py
[4.524s] -- Up-to-date: /home/andrew/leto/install/satellite_interfaces/lib/python3.10/site-packages/satellite_interfaces/srv/_satellite_data.py
[4.524s] -- Up-to-date: /home/andrew/leto/install/satellite_interfaces/lib/python3.10/site-packages/satellite_interfaces/srv/_satellite_set_pos_s.c
[4.524s] -- Installing: /home/andrew/leto/install/satellite_interfaces/lib/python3.10/site-packages/satellite_interfaces/srv/_satellite_vec_s.c
[4.524s] -- Installing: /home/andrew/leto/install/satellite_interfaces/lib/python3.10/site-packages/satellite_interfaces/srv/__init__.py
[4.524s] -- Installing: /home/andrew/leto/install/satellite_interfaces/lib/python3.10/site-packages/satellite_interfaces/srv/_satellite_name.py
[4.524s] -- Up-to-date: /home/andrew/leto/install/satellite_interfaces/lib/python3.10/site-packages/satellite_interfaces/srv/_satellite_set_pos.py
[4.525s] -- Installing: /home/andrew/leto/install/satellite_interfaces/lib/python3.10/site-packages/satellite_interfaces/_satellite_interfaces_s.ep.rosidl_typesupport_c.c
[4.525s] -- Installing: /home/andrew/leto/install/satellite_interfaces/lib/python3.10/site-packages/satellite_interfaces/satellite_interfaces_s__rosidl_typesupport_introspection_c.cpython-310-x86_64-linux-gnu.so
[4.525s] -- Installing: /home/andrew/leto/install/satellite_interfaces/lib/python3.10/site-packages/satellite_interfaces/_satellite_interfaces_s.ep.rosidl_typesupport_fastrtps_c.c
[4.525s] -- Installing: /home/andrew/leto/install/satellite_interfaces/lib/python3.10/site-packages/satellite_interfaces/satellite_interfaces_s__rosidl_typesupport_fastrtps_c.cpython-310-x86_64-linux-gnu.so
[4.525s] -- Installing: /home/andrew/leto/install/satellite_interfaces/lib/python3.10/site-packages/satellite_interfaces/__init__.py
[4.525s] -- Installing: /home/andrew/leto/install/satellite_interfaces/lib/python3.10/site-packages/satellite_interfaces/_satellite_interfaces_s.ep.rosidl_typesupport_introspection_c.c
[4.563s] Listing '/home/andrew/leto/install/satellite_interfaces/lib/python3.10/site-packages/satellite_interfaces'...
[4.563s] Compiling '/home/andrew/leto/install/satellite_interfaces/lib/python3.10/site-packages/satellite_interfaces/__init__.py'...
[4.563s] Listing '/home/andrew/leto/install/satellite_interfaces/lib/python3.10/site-packages/satellite_interfaces/srv'...
[4.563s] Compiling '/home/andrew/leto/install/satellite_interfaces/lib/python3.10/site-packages/satellite_interfaces/srv/__init__.py'...
[4.563s] Compiling '/home/andrew/leto/install/satellite_interfaces/lib/python3.10/site-packages/satellite_interfaces/srv/_satellite_name.py'...
[4.563s] Compiling '/home/andrew/leto/install/satellite_interfaces/lib/python3.10/site-packages/satellite_interfaces/srv/_satellite_vec.py'...
[4.566s] -- Installing: /home/andrew/leto/install/satellite_interfaces/lib/python3.10/site-packages/satellite_interfaces/satellite_interfaces_s__rosidl_typesupport_fastrtps_c.cpython-310-x86_64-linux-gnu.so
[4.566s] -- Set runtime path of "/home/andrew/leto/install/satellite_interfaces/lib/python3.10/site-packages/satellite_interfaces/satellite_interfaces_s__rosidl_typesupport_fastrtps_c.cpython-310-x86_64-linux-gnu.so" to ""
[4.566s] -- Installing: /home/andrew/leto/install/satellite_interfaces/lib/python3.10/site-packages/satellite_interfaces/satellite_interfaces_s__rosidl_typesupport_introspection_c.cpython-310-x86_64-linux-gnu.so
[4.566s] -- Set runtime path of "/home/andrew/leto/install/satellite_interfaces/lib/python3.10/site-packages/satellite_interfaces/satellite_interfaces_s__rosidl_typesupport_introspection_c.cpython-310-x86_64-linux-gnu.so" to ""
[4.566s] -- Installing: /home/andrew/leto/install/satellite_interfaces/lib/python3.10/site-packages/satellite_interfaces/satellite_interfaces_s__rosidl_typesupport_c.cpython-310-x86_64-linux-gnu.so
[4.567s] -- Set runtime path of "/home/andrew/leto/install/satellite_interfaces/lib/python3.10/site-packages/satellite_interfaces/satellite_interfaces_s__rosidl_typesupport_c.cpython-310-x86_64-linux-gnu.so" to ""
[4.567s] -- Installing: /home/andrew/leto/install/satellite_interfaces/lib/libsatellite_interfaces__rosidl_generator_py.so
[4.567s] -- Set runtime path of "/home/andrew/leto/install/satellite_interfaces/lib/libsatellite_interfaces__rosidl_generator_py.so" to ""
[4.567s] -- Installing: /home/andrew/leto/install/satellite_interfaces/share/satellite_interfaces/srv/SatelliteName.idl
[4.567s] -- Installing: /home/andrew/leto/install/satellite_interfaces/share/satellite_interfaces/srv/SatelliteVec.idl
[4.567s] -- Installing: /home/andrew/leto/install/satellite_interfaces/share/satellite_interfaces/srv/SatelliteName.srv
[4.567s] -- Installing: /home/andrew/leto/install/satellite_interfaces/share/satellite_interfaces/srv/SatelliteName_Request.msg
[4.567s] -- Installing: /home/andrew/leto/install/satellite_interfaces/share/satellite_interfaces/srv/SatelliteName_Response.msg
[4.567s] -- Installing: /home/andrew/leto/install/satellite_interfaces/share/satellite_interfaces/srv/SatelliteVec.srv
[4.567s] -- Installing: /home/andrew/leto/install/satellite_interfaces/share/satellite_interfaces/srv/SatelliteVec_Request.msg
[4.567s] -- Installing: /home/andrew/leto/install/satellite_interfaces/share/satellite_interfaces/srv/SatelliteVec_Response.msg
[4.567s] -- Up-to-date: /home/andrew/leto/install/satellite_interfaces/share/ament_index/resource_index/package_run_dependencies/satellite_interfaces
[4.568s] -- Up-to-date: /home/andrew/leto/install/satellite_interfaces/share/ament_index/resource_index/parent_prefix_path/satellite_interfaces
[4.568s] -- Up-to-date: /home/andrew/leto/install/satellite_interfaces/share/satellite_interfaces/environment/ament_prefix_path.sh
[4.568s] -- Up-to-date: /home/andrew/leto/install/satellite_interfaces/share/satellite_interfaces/environment/ament_prefix_path.dsv
[4.568s] -- Up-to-date: /home/andrew/leto/install/satellite_interfaces/share/satellite_interfaces/environment/path.sh
[4.568s] -- Up-to-date: /home/andrew/leto/install/satellite_interfaces/share/satellite_interfaces/environment/path.dsv
[4.568s] -- Up-to-date: /home/andrew/leto/install/satellite_interfaces/share/satellite_interfaces/local_setup.bash
[4.568s] -- Up-to-date: /home/andrew/leto/install/satellite_interfaces/share/satellite_interfaces/local_setup.sh
[4.568s] -- Up-to-date: /home/andrew/leto/install/satellite_interfaces/share/satellite_interfaces/local_setup.zsh
[4.568s] -- Up-to-date: /home/andrew/leto/install/satellite_interfaces/share/satellite_interfaces/local_setup.dsv
[4.568s] -- Installing: /home/andrew/leto/install/satellite_interfaces/share/satellite_interfaces/package.dsv
[4.568s] -- Up-to-date: /home/andrew/leto/install/satellite_interfaces/share/ament_index/resource_index/packages/satellite_interfaces
[4.568s] -- Up-to-date: /home/andrew/leto/install/satellite_interfaces/share/satellite_interfaces/cmake/export_satellite_interfaces__rosidl_generator_cExport.cmake
[4.568s] -- Up-to-date: /home/andrew/leto/install/satellite_interfaces/share/satellite_interfaces/cmake/export_satellite_interfaces__rosidl_generator_cExport-noconfig.cmake
[4.568s] -- Up-to-date: /home/andrew/leto/install/satellite_interfaces/share/satellite_interfaces/cmake/export_satellite_interfaces__rosidl_typesupport_fastrtps_cExport.cmake
[4.568s] -- Up-to-date: /home/andrew/leto/install/satellite_interfaces/share/satellite_interfaces/cmake/export_satellite_interfaces__rosidl_typesupport_fastrtps_cExport-noconfig.cmake
[4.568s] -- Up-to-date: /home/andrew/leto/install/satellite_interfaces/share/satellite_interfaces/cmake/export_satellite_interfaces__rosidl_generator_cppExport.cmake
[4.569s] -- Up-to-date: /home/andrew/leto/install/satellite_interfaces/share/satellite_interfaces/cmake/export_satellite_interfaces__rosidl_typesupport_fastrtps_cppExport.cmake
[4.569s] -- Up-to-date: /home/andrew/leto/install/satellite_interfaces/share/satellite_interfaces/cmake/export_satellite_interfaces__rosidl_typesupport_fastrtps_cppExport-noconfig.cmake
[4.569s] -- Up-to-date: /home/andrew/leto/install/satellite_interfaces/share/satellite_interfaces/cmake/satellite_interfaces__rosidl_typesupport_introspection_cExport.cmake
[4.569s] -- Up-to-date: /home/andrew/leto/install/satellite_interfaces/share/satellite_interfaces/cmake/satellite_interfaces__rosidl_typesupport_introspection_cExport-noconfig.cmake
[4.569s] -- Up-to-date: /home/andrew/leto/install/satellite_interfaces/share/satellite_interfaces/cmake/satellite_interfaces__rosidl_typesupport_cExport.cmake
[4.569s] -- Up-to-date: /home/andrew/leto/install/satellite_interfaces/share/satellite_interfaces/cmake/satellite_interfaces__rosidl_typesupport_cExport-noconfig.cmake
[4.569s] -- Up-to-date: /home/andrew/leto/install/satellite_interfaces/share/satellite_interfaces/cmake/satellite_interfaces__rosidl_typesupport_introspection_cppExport.cmake
[4.569s] -- Up-to-date: /home/andrew/leto/install/satellite_interfaces/share/satellite_interfaces/cmake/satellite_interfaces__rosidl_typesupport_introspection_cppExport-noconfig.cmake
[4.569s] -- Up-to-date: /home/andrew/leto/install/satellite_interfaces/share/satellite_interfaces/cmake/satellite_interfaces__rosidl_typesupport_cppExport.cmake
[4.569s] -- Up-to-date: /home/andrew/leto/install/satellite_interfaces/share/satellite_interfaces/cmake/satellite_interfaces__rosidl_typesupport_cppExport-noconfig.cmake
[4.569s] -- Up-to-date: /home/andrew/leto/install/satellite_interfaces/share/satellite_interfaces/cmake/export_satellite_interfaces__rosidl_generator_pyExport.cmake
[4.569s] -- Up-to-date: /home/andrew/leto/install/satellite_interfaces/share/satellite_interfaces/cmake/export_satellite_interfaces__rosidl_generator_pyExport-noconfig.cmake
[4.569s] -- Installing: /home/andrew/leto/install/satellite_interfaces/share/satellite_interfaces/cmake/rosidl_cmake-extras.cmake
[4.569s] -- Up-to-date: /home/andrew/leto/install/satellite_interfaces/share/satellite_interfaces/cmake/ament_cmake_export_dependencies-extras.cmake
[4.569s] -- Up-to-date: /home/andrew/leto/install/satellite_interfaces/share/satellite_interfaces/cmake/ament_cmake_export_include_directories-extras.cmake
[4.569s] -- Up-to-date: /home/andrew/leto/install/satellite_interfaces/share/satellite_interfaces/cmake/ament_cmake_export_libraries-extras.cmake
[4.569s] -- Up-to-date: /home/andrew/leto/install/satellite_interfaces/share/satellite_interfaces/cmake/ament_cmake_export_targets-extras.cmake
[4.569s] -- Up-to-date: /home/andrew/leto/install/satellite_interfaces/share/satellite_interfaces/cmake/rosidl_cmake_export_typesupport_targets-extras.cmake
[4.569s] -- Up-to-date: /home/andrew/leto/install/satellite_interfaces/share/satellite_interfaces/cmake/rosidl_cmake_export_typesupport_libraries-extras.cmake
[4.569s] -- Up-to-date: /home/andrew/leto/install/satellite_interfaces/share/satellite_interfaces/cmake/satellite_interfacesConfig.cmake
[4.569s] -- Up-to-date: /home/andrew/leto/install/satellite_interfaces/share/satellite_interfaces/cmake/satellite_interfacesConfig-version.cmake
[4.569s] -- Up-to-date: /home/andrew/leto/install/satellite_interfaces/share/satellite_interfaces/package.xml
[4.571s] Invoked command in '/home/andrew/leto/build/satellite_interfaces' returned '0': CMAKE_PREFIX_PATH=${CMAKE_PREFIX_PATH}:/home/andrew/leto/install/satellite_run:/opt/ros/iron /usr/bin/cmake --install /home/andrew/leto/build/satellite_interfaces
