/home/andrew/leto/install/satellite_run/lib/python3.10/site-packages/satellite_run/SatelliteServices.py
/home/andrew/leto/install/satellite_run/lib/python3.10/site-packages/satellite_run/__init__.py
/home/andrew/leto/install/satellite_run/lib/python3.10/site-packages/satellite_run/SatelliteUtils.py
/home/andrew/leto/install/satellite_run/lib/python3.10/site-packages/satellite_run/__pycache__/SatelliteServices.cpython-310.pyc
/home/andrew/leto/install/satellite_run/lib/python3.10/site-packages/satellite_run/__pycache__/__init__.cpython-310.pyc
/home/andrew/leto/install/satellite_run/lib/python3.10/site-packages/satellite_run/__pycache__/SatelliteUtils.cpython-310.pyc
/home/andrew/leto/install/satellite_run/share/ament_index/resource_index/packages/satellite_run
/home/andrew/leto/install/satellite_run/share/satellite_run/package.xml
/home/andrew/leto/install/satellite_run/share/satellite_run/launch/demo_launch.py
/home/andrew/leto/install/satellite_run/share/satellite_run/satellite_empty.urdf
/home/andrew/leto/install/satellite_run/share/satellite_run/satellite_new.urdf
/home/andrew/leto/install/satellite_run/lib/python3.10/site-packages/satellite_run-0.0.0-py3.10.egg-info/entry_points.txt
/home/andrew/leto/install/satellite_run/lib/python3.10/site-packages/satellite_run-0.0.0-py3.10.egg-info/zip-safe
/home/andrew/leto/install/satellite_run/lib/python3.10/site-packages/satellite_run-0.0.0-py3.10.egg-info/dependency_links.txt
/home/andrew/leto/install/satellite_run/lib/python3.10/site-packages/satellite_run-0.0.0-py3.10.egg-info/PKG-INFO
/home/andrew/leto/install/satellite_run/lib/python3.10/site-packages/satellite_run-0.0.0-py3.10.egg-info/SOURCES.txt
/home/andrew/leto/install/satellite_run/lib/python3.10/site-packages/satellite_run-0.0.0-py3.10.egg-info/top_level.txt
/home/andrew/leto/install/satellite_run/lib/python3.10/site-packages/satellite_run-0.0.0-py3.10.egg-info/requires.txt
/home/andrew/leto/install/satellite_run/lib/satellite_run/satellite_runner
/home/andrew/leto/install/satellite_run/lib/satellite_run/satellite_utils
/home/andrew/leto/install/satellite_run/lib/satellite_run/state_publisher
