[0.053s] Invoking command in '/home/andrew/leto/build/satellite_interfaces': CMAKE_PREFIX_PATH=${CMAKE_PREFIX_PATH}:/home/andrew/leto/install/satellite_run:/opt/ros/iron /usr/bin/cmake --build /home/andrew/leto/build/satellite_interfaces -- -j6 -l6
[0.085s] -- Found geometry_msgs: 5.0.0 (/opt/ros/iron/share/geometry_msgs/cmake)
[0.238s] -- Found rosidl_generator_c: 4.0.1 (/opt/ros/iron/share/rosidl_generator_c/cmake)
[0.245s] -- Found rosidl_generator_cpp: 4.0.1 (/opt/ros/iron/share/rosidl_generator_cpp/cmake)
[0.253s] -- Using all available rosidl_typesupport_c: rosidl_typesupport_fastrtps_c;rosidl_typesupport_introspection_c
[0.269s] -- Using all available rosidl_typesupport_cpp: rosidl_typesupport_fastrtps_cpp;rosidl_typesupport_introspection_cpp
[0.338s] -- Found rosidl_default_generators: 1.5.0 (/opt/ros/iron/share/rosidl_default_generators/cmake)
[0.342s] -- Found rosidl_adapter: 4.0.1 (/opt/ros/iron/share/rosidl_adapter/cmake)
[0.755s] -- Found ament_cmake_ros: 0.11.2 (/opt/ros/iron/share/ament_cmake_ros/cmake)
[1.086s] -- Using all available rosidl_typesupport_c: rosidl_typesupport_fastrtps_c;rosidl_typesupport_introspection_c
[1.224s] -- Using all available rosidl_typesupport_cpp: rosidl_typesupport_fastrtps_cpp;rosidl_typesupport_introspection_cpp
[1.244s] -- Found python_cmake_module: 0.10.2 (/opt/ros/iron/share/python_cmake_module/cmake)
[1.274s] -- Using PYTHON_EXECUTABLE: /usr/bin/python3
[1.274s] -- Using PYTHON_INCLUDE_DIRS: /usr/include/python3.10
[1.274s] -- Using PYTHON_LIBRARIES: /usr/lib/x86_64-linux-gnu/libpython3.10.so
[1.303s] -- Found ament_lint_auto: 0.14.3 (/opt/ros/iron/share/ament_lint_auto/cmake)
[1.307s] -- Added test 'lint_cmake' to check CMake code style
[1.308s] -- Added test 'xmllint' to check XML markup files
[1.309s] -- Configuring done
[1.338s] -- Generating done
[1.340s] -- Build files have been written to: /home/andrew/leto/build/satellite_interfaces
[1.373s] [  2%] [34m[1mGenerating type hashes for ROS interfaces[0m
[1.387s] [  2%] Built target ament_cmake_python_copy_satellite_interfaces
[1.563s] [  2%] Built target satellite_interfaces__rosidl_generator_type_description
[1.568s] running egg_info
[1.568s] writing satellite_interfaces.egg-info/PKG-INFO
[1.569s] writing dependency_links to satellite_interfaces.egg-info/dependency_links.txt
[1.569s] writing top-level names to satellite_interfaces.egg-info/top_level.txt
[1.572s] reading manifest file 'satellite_interfaces.egg-info/SOURCES.txt'
[1.572s] [  4%] [34m[1mGenerating C code for ROS interfaces[0m
[1.572s] writing manifest file 'satellite_interfaces.egg-info/SOURCES.txt'
[1.585s] [  6%] [34m[1mGenerating C++ code for ROS interfaces[0m
[1.598s] [  6%] Built target ament_cmake_python_build_satellite_interfaces_egg
[1.867s] [  6%] Built target satellite_interfaces__cpp
[1.904s] [35m[1mConsolidate compiler generated dependencies of target satellite_interfaces__rosidl_generator_c[0m
[1.913s] [ 11%] [32mBuilding C object CMakeFiles/satellite_interfaces__rosidl_generator_c.dir/rosidl_generator_c/satellite_interfaces/msg/detail/satellite_vec__type_support.c.o[0m
[1.913s] [ 13%] [32mBuilding C object CMakeFiles/satellite_interfaces__rosidl_generator_c.dir/rosidl_generator_c/satellite_interfaces/srv/detail/satellite_name__type_support.c.o[0m
[1.913s] [ 15%] [32mBuilding C object CMakeFiles/satellite_interfaces__rosidl_generator_c.dir/rosidl_generator_c/satellite_interfaces/srv/detail/satellite_name__functions.c.o[0m
[1.913s] [ 18%] [32mBuilding C object CMakeFiles/satellite_interfaces__rosidl_generator_c.dir/rosidl_generator_c/satellite_interfaces/srv/detail/satellite_name__description.c.o[0m
[1.913s] [ 13%] [32mBuilding C object CMakeFiles/satellite_interfaces__rosidl_generator_c.dir/rosidl_generator_c/satellite_interfaces/msg/detail/satellite_vec__functions.c.o[0m
[1.914s] [ 20%] [32mBuilding C object CMakeFiles/satellite_interfaces__rosidl_generator_c.dir/rosidl_generator_c/satellite_interfaces/msg/detail/satellite_vec__description.c.o[0m
[1.984s] [ 22%] [32m[1mLinking C shared library libsatellite_interfaces__rosidl_generator_c.so[0m
[2.014s] [ 22%] Built target satellite_interfaces__rosidl_generator_c
[2.028s] [ 25%] [34m[1mGenerating C++ type support dispatch for ROS interfaces[0m
[2.029s] [ 27%] [34m[1mGenerating C++ type support for eProsima Fast-RTPS[0m
[2.029s] [ 29%] [34m[1mGenerating C type support for eProsima Fast-RTPS[0m
[2.031s] [ 31%] [34m[1mGenerating C type support dispatch for ROS interfaces[0m
[2.031s] [ 34%] [34m[1mGenerating C++ introspection for ROS interfaces[0m
[2.034s] [ 36%] [34m[1mGenerating C introspection for ROS interfaces[0m
[2.278s] [35m[1mConsolidate compiler generated dependencies of target satellite_interfaces__rosidl_typesupport_cpp[0m
[2.296s] [ 38%] [32mBuilding CXX object CMakeFiles/satellite_interfaces__rosidl_typesupport_cpp.dir/rosidl_typesupport_cpp/satellite_interfaces/srv/satellite_name__type_support.cpp.o[0m
[2.331s] [35m[1mConsolidate compiler generated dependencies of target satellite_interfaces__rosidl_typesupport_introspection_cpp[0m
[2.354s] [ 40%] [32mBuilding CXX object CMakeFiles/satellite_interfaces__rosidl_typesupport_introspection_cpp.dir/rosidl_typesupport_introspection_cpp/satellite_interfaces/srv/detail/satellite_name__type_support.cpp.o[0m
[2.368s] [35m[1mConsolidate compiler generated dependencies of target satellite_interfaces__rosidl_typesupport_fastrtps_c[0m
[2.369s] [35m[1mConsolidate compiler generated dependencies of target satellite_interfaces__rosidl_typesupport_fastrtps_cpp[0m
[2.388s] [ 43%] [32mBuilding CXX object CMakeFiles/satellite_interfaces__rosidl_typesupport_fastrtps_c.dir/rosidl_typesupport_fastrtps_c/satellite_interfaces/srv/detail/satellite_name__type_support_c.cpp.o[0m
[2.395s] [ 45%] [32mBuilding CXX object CMakeFiles/satellite_interfaces__rosidl_typesupport_fastrtps_cpp.dir/rosidl_typesupport_fastrtps_cpp/satellite_interfaces/srv/detail/dds_fastrtps/satellite_name__type_support.cpp.o[0m
[2.487s] [35m[1mConsolidate compiler generated dependencies of target satellite_interfaces__rosidl_typesupport_c[0m
[2.513s] [ 47%] [32mBuilding CXX object CMakeFiles/satellite_interfaces__rosidl_typesupport_c.dir/rosidl_typesupport_c/satellite_interfaces/srv/satellite_name__type_support.cpp.o[0m
[2.605s] [ 50%] [32mBuilding CXX object CMakeFiles/satellite_interfaces__rosidl_typesupport_c.dir/rosidl_typesupport_c/satellite_interfaces/msg/satellite_vec__type_support.cpp.o[0m
[2.622s] [35m[1mConsolidate compiler generated dependencies of target satellite_interfaces__rosidl_typesupport_introspection_c[0m
[2.662s] [ 52%] [32mBuilding C object CMakeFiles/satellite_interfaces__rosidl_typesupport_introspection_c.dir/rosidl_typesupport_introspection_c/satellite_interfaces/srv/detail/satellite_name__type_support.c.o[0m
[2.671s] [ 54%] [32m[1mLinking CXX shared library libsatellite_interfaces__rosidl_typesupport_c.so[0m
[2.712s] [ 54%] Built target satellite_interfaces__rosidl_typesupport_c
[2.720s] [ 56%] [32mBuilding CXX object CMakeFiles/satellite_interfaces__rosidl_typesupport_fastrtps_c.dir/rosidl_typesupport_fastrtps_c/satellite_interfaces/msg/detail/satellite_vec__type_support_c.cpp.o[0m
[2.728s] [ 59%] [32mBuilding C object CMakeFiles/satellite_interfaces__rosidl_typesupport_introspection_c.dir/rosidl_typesupport_introspection_c/satellite_interfaces/msg/detail/satellite_vec__type_support.c.o[0m
[2.777s] [ 61%] [32m[1mLinking C shared library libsatellite_interfaces__rosidl_typesupport_introspection_c.so[0m
[2.813s] [ 63%] [32mBuilding CXX object CMakeFiles/satellite_interfaces__rosidl_typesupport_cpp.dir/rosidl_typesupport_cpp/satellite_interfaces/msg/satellite_vec__type_support.cpp.o[0m
[2.837s] [ 65%] [32mBuilding CXX object CMakeFiles/satellite_interfaces__rosidl_typesupport_introspection_cpp.dir/rosidl_typesupport_introspection_cpp/satellite_interfaces/msg/detail/satellite_vec__type_support.cpp.o[0m
[2.838s] [ 65%] Built target satellite_interfaces__rosidl_typesupport_introspection_c
[2.842s] [ 68%] [32mBuilding CXX object CMakeFiles/satellite_interfaces__rosidl_typesupport_fastrtps_cpp.dir/rosidl_typesupport_fastrtps_cpp/satellite_interfaces/msg/detail/dds_fastrtps/satellite_vec__type_support.cpp.o[0m
[3.119s] [ 70%] [32m[1mLinking CXX shared library libsatellite_interfaces__rosidl_typesupport_fastrtps_c.so[0m
[3.199s] [ 72%] [32m[1mLinking CXX shared library libsatellite_interfaces__rosidl_typesupport_cpp.so[0m
[3.226s] [ 72%] Built target satellite_interfaces__rosidl_typesupport_fastrtps_c
[3.285s] [ 75%] [32m[1mLinking CXX shared library libsatellite_interfaces__rosidl_typesupport_introspection_cpp.so[0m
[3.313s] [ 75%] Built target satellite_interfaces__rosidl_typesupport_cpp
[3.381s] [ 75%] Built target satellite_interfaces__rosidl_typesupport_introspection_cpp
[3.420s] [ 77%] [32m[1mLinking CXX shared library libsatellite_interfaces__rosidl_typesupport_fastrtps_cpp.so[0m
[3.489s] [ 77%] Built target satellite_interfaces__rosidl_typesupport_fastrtps_cpp
[3.508s] [ 77%] Built target satellite_interfaces
[3.528s] [ 79%] [34m[1mGenerating Python code for ROS interfaces[0m
[3.933s] [ 79%] Built target satellite_interfaces__py
[3.947s] [35m[1mConsolidate compiler generated dependencies of target satellite_interfaces__rosidl_generator_py[0m
[3.961s] [ 81%] [32mBuilding C object CMakeFiles/satellite_interfaces__rosidl_generator_py.dir/rosidl_generator_py/satellite_interfaces/srv/_satellite_name_s.c.o[0m
[3.962s] [ 84%] [32mBuilding C object CMakeFiles/satellite_interfaces__rosidl_generator_py.dir/rosidl_generator_py/satellite_interfaces/msg/_satellite_vec_s.c.o[0m
[4.074s] [ 86%] [32m[1mLinking C shared library rosidl_generator_py/satellite_interfaces/libsatellite_interfaces__rosidl_generator_py.so[0m
[4.111s] [ 86%] Built target satellite_interfaces__rosidl_generator_py
[4.120s] [35m[1mConsolidate compiler generated dependencies of target satellite_interfaces__rosidl_typesupport_c__pyext[0m
[4.121s] [35m[1mConsolidate compiler generated dependencies of target satellite_interfaces__rosidl_typesupport_fastrtps_c__pyext[0m
[4.121s] [35m[1mConsolidate compiler generated dependencies of target satellite_interfaces__rosidl_typesupport_introspection_c__pyext[0m
[4.133s] [ 88%] [32mBuilding C object CMakeFiles/satellite_interfaces__rosidl_typesupport_c__pyext.dir/rosidl_generator_py/satellite_interfaces/_satellite_interfaces_s.ep.rosidl_typesupport_c.c.o[0m
[4.135s] [ 90%] [32mBuilding C object CMakeFiles/satellite_interfaces__rosidl_typesupport_introspection_c__pyext.dir/rosidl_generator_py/satellite_interfaces/_satellite_interfaces_s.ep.rosidl_typesupport_introspection_c.c.o[0m
[4.138s] [ 93%] [32mBuilding C object CMakeFiles/satellite_interfaces__rosidl_typesupport_fastrtps_c__pyext.dir/rosidl_generator_py/satellite_interfaces/_satellite_interfaces_s.ep.rosidl_typesupport_fastrtps_c.c.o[0m
[4.234s] [ 95%] [32m[1mLinking C shared library rosidl_generator_py/satellite_interfaces/satellite_interfaces_s__rosidl_typesupport_introspection_c.cpython-310-x86_64-linux-gnu.so[0m
[4.237s] [ 97%] [32m[1mLinking C shared library rosidl_generator_py/satellite_interfaces/satellite_interfaces_s__rosidl_typesupport_c.cpython-310-x86_64-linux-gnu.so[0m
[4.246s] [100%] [32m[1mLinking C shared library rosidl_generator_py/satellite_interfaces/satellite_interfaces_s__rosidl_typesupport_fastrtps_c.cpython-310-x86_64-linux-gnu.so[0m
[4.287s] [100%] Built target satellite_interfaces__rosidl_typesupport_c__pyext
[4.287s] [100%] Built target satellite_interfaces__rosidl_typesupport_introspection_c__pyext
[4.293s] [100%] Built target satellite_interfaces__rosidl_typesupport_fastrtps_c__pyext
[4.306s] Invoked command in '/home/andrew/leto/build/satellite_interfaces' returned '0': CMAKE_PREFIX_PATH=${CMAKE_PREFIX_PATH}:/home/andrew/leto/install/satellite_run:/opt/ros/iron /usr/bin/cmake --build /home/andrew/leto/build/satellite_interfaces -- -j6 -l6
[4.399s] Invoking command in '/home/andrew/leto/build/satellite_interfaces': CMAKE_PREFIX_PATH=${CMAKE_PREFIX_PATH}:/home/andrew/leto/install/satellite_run:/opt/ros/iron /usr/bin/cmake --install /home/andrew/leto/build/satellite_interfaces
[4.404s] -- Install configuration: ""
[4.404s] -- Installing: /home/andrew/leto/install/satellite_interfaces/share/ament_index/resource_index/rosidl_interfaces/satellite_interfaces
[4.404s] -- Installing: /home/andrew/leto/install/satellite_interfaces/share/satellite_interfaces/srv/SatelliteName.json
[4.404s] -- Installing: /home/andrew/leto/install/satellite_interfaces/share/satellite_interfaces/msg/SatelliteVec.json
[4.404s] -- Up-to-date: /home/andrew/leto/install/satellite_interfaces/include/satellite_interfaces/satellite_interfaces
[4.404s] -- Up-to-date: /home/andrew/leto/install/satellite_interfaces/include/satellite_interfaces/satellite_interfaces/msg
[4.404s] -- Installing: /home/andrew/leto/install/satellite_interfaces/include/satellite_interfaces/satellite_interfaces/msg/satellite_vec.h
[4.404s] -- Installing: /home/andrew/leto/install/satellite_interfaces/include/satellite_interfaces/satellite_interfaces/msg/detail
[4.404s] -- Installing: /home/andrew/leto/install/satellite_interfaces/include/satellite_interfaces/satellite_interfaces/msg/detail/satellite_vec__struct.h
[4.404s] -- Installing: /home/andrew/leto/install/satellite_interfaces/include/satellite_interfaces/satellite_interfaces/msg/detail/satellite_vec__description.c
[4.404s] -- Installing: /home/andrew/leto/install/satellite_interfaces/include/satellite_interfaces/satellite_interfaces/msg/detail/satellite_vec__functions.h
[4.405s] -- Installing: /home/andrew/leto/install/satellite_interfaces/include/satellite_interfaces/satellite_interfaces/msg/detail/satellite_vec__type_support.c
[4.405s] -- Installing: /home/andrew/leto/install/satellite_interfaces/include/satellite_interfaces/satellite_interfaces/msg/detail/satellite_vec__type_support.h
[4.405s] -- Installing: /home/andrew/leto/install/satellite_interfaces/include/satellite_interfaces/satellite_interfaces/msg/detail/satellite_vec__functions.c
[4.405s] -- Up-to-date: /home/andrew/leto/install/satellite_interfaces/include/satellite_interfaces/satellite_interfaces/msg/rosidl_generator_c__visibility_control.h
[4.405s] -- Up-to-date: /home/andrew/leto/install/satellite_interfaces/include/satellite_interfaces/satellite_interfaces/srv
[4.405s] -- Up-to-date: /home/andrew/leto/install/satellite_interfaces/include/satellite_interfaces/satellite_interfaces/srv/satellite_set_pos.h
[4.405s] -- Up-to-date: /home/andrew/leto/install/satellite_interfaces/include/satellite_interfaces/satellite_interfaces/srv/satellite_vec.h
[4.405s] -- Up-to-date: /home/andrew/leto/install/satellite_interfaces/include/satellite_interfaces/satellite_interfaces/srv/spawn_satellite.h
[4.405s] -- Installing: /home/andrew/leto/install/satellite_interfaces/include/satellite_interfaces/satellite_interfaces/srv/satellite_name.h
[4.405s] -- Up-to-date: /home/andrew/leto/install/satellite_interfaces/include/satellite_interfaces/satellite_interfaces/srv/satellite_data.h
[4.405s] -- Up-to-date: /home/andrew/leto/install/satellite_interfaces/include/satellite_interfaces/satellite_interfaces/srv/detail
[4.405s] -- Up-to-date: /home/andrew/leto/install/satellite_interfaces/include/satellite_interfaces/satellite_interfaces/srv/detail/satellite_vec__struct.h
[4.405s] -- Up-to-date: /home/andrew/leto/install/satellite_interfaces/include/satellite_interfaces/satellite_interfaces/srv/detail/satellite_vec__description.c
[4.405s] -- Up-to-date: /home/andrew/leto/install/satellite_interfaces/include/satellite_interfaces/satellite_interfaces/srv/detail/spawn_satellite__functions.h
[4.405s] -- Installing: /home/andrew/leto/install/satellite_interfaces/include/satellite_interfaces/satellite_interfaces/srv/detail/satellite_name__functions.h
[4.405s] -- Up-to-date: /home/andrew/leto/install/satellite_interfaces/include/satellite_interfaces/satellite_interfaces/srv/detail/satellite_set_pos__struct.h
[4.405s] -- Up-to-date: /home/andrew/leto/install/satellite_interfaces/include/satellite_interfaces/satellite_interfaces/srv/detail/satellite_data__functions.c
[4.405s] -- Up-to-date: /home/andrew/leto/install/satellite_interfaces/include/satellite_interfaces/satellite_interfaces/srv/detail/spawn_satellite__struct.h
[4.405s] -- Up-to-date: /home/andrew/leto/install/satellite_interfaces/include/satellite_interfaces/satellite_interfaces/srv/detail/satellite_vec__functions.h
[4.405s] -- Up-to-date: /home/andrew/leto/install/satellite_interfaces/include/satellite_interfaces/satellite_interfaces/srv/detail/satellite_data__struct.h
[4.405s] -- Up-to-date: /home/andrew/leto/install/satellite_interfaces/include/satellite_interfaces/satellite_interfaces/srv/detail/satellite_vec__type_support.c
[4.406s] -- Installing: /home/andrew/leto/install/satellite_interfaces/include/satellite_interfaces/satellite_interfaces/srv/detail/satellite_name__description.c
[4.406s] -- Up-to-date: /home/andrew/leto/install/satellite_interfaces/include/satellite_interfaces/satellite_interfaces/srv/detail/satellite_data__functions.h
[4.406s] -- Up-to-date: /home/andrew/leto/install/satellite_interfaces/include/satellite_interfaces/satellite_interfaces/srv/detail/satellite_vec__type_support.h
[4.406s] -- Up-to-date: /home/andrew/leto/install/satellite_interfaces/include/satellite_interfaces/satellite_interfaces/srv/detail/spawn_satellite__type_support.h
[4.406s] -- Up-to-date: /home/andrew/leto/install/satellite_interfaces/include/satellite_interfaces/satellite_interfaces/srv/detail/spawn_satellite__functions.c
[4.406s] -- Up-to-date: /home/andrew/leto/install/satellite_interfaces/include/satellite_interfaces/satellite_interfaces/srv/detail/satellite_set_pos__type_support.c
[4.406s] -- Up-to-date: /home/andrew/leto/install/satellite_interfaces/include/satellite_interfaces/satellite_interfaces/srv/detail/satellite_data__type_support.h
[4.406s] -- Installing: /home/andrew/leto/install/satellite_interfaces/include/satellite_interfaces/satellite_interfaces/srv/detail/satellite_name__functions.c
[4.406s] -- Up-to-date: /home/andrew/leto/install/satellite_interfaces/include/satellite_interfaces/satellite_interfaces/srv/detail/satellite_vec__functions.c
[4.406s] -- Up-to-date: /home/andrew/leto/install/satellite_interfaces/include/satellite_interfaces/satellite_interfaces/srv/detail/satellite_data__description.c
[4.406s] -- Up-to-date: /home/andrew/leto/install/satellite_interfaces/include/satellite_interfaces/satellite_interfaces/srv/detail/spawn_satellite__type_support.c
[4.406s] -- Up-to-date: /home/andrew/leto/install/satellite_interfaces/include/satellite_interfaces/satellite_interfaces/srv/detail/satellite_set_pos__type_support.h
[4.406s] -- Up-to-date: /home/andrew/leto/install/satellite_interfaces/include/satellite_interfaces/satellite_interfaces/srv/detail/satellite_set_pos__functions.h
[4.406s] -- Installing: /home/andrew/leto/install/satellite_interfaces/include/satellite_interfaces/satellite_interfaces/srv/detail/satellite_name__struct.h
[4.406s] -- Up-to-date: /home/andrew/leto/install/satellite_interfaces/include/satellite_interfaces/satellite_interfaces/srv/detail/spawn_satellite__description.c
[4.406s] -- Installing: /home/andrew/leto/install/satellite_interfaces/include/satellite_interfaces/satellite_interfaces/srv/detail/satellite_name__type_support.c
[4.406s] -- Up-to-date: /home/andrew/leto/install/satellite_interfaces/include/satellite_interfaces/satellite_interfaces/srv/detail/satellite_set_pos__functions.c
[4.406s] -- Up-to-date: /home/andrew/leto/install/satellite_interfaces/include/satellite_interfaces/satellite_interfaces/srv/detail/satellite_set_pos__description.c
[4.406s] -- Installing: /home/andrew/leto/install/satellite_interfaces/include/satellite_interfaces/satellite_interfaces/srv/detail/satellite_name__type_support.h
[4.406s] -- Up-to-date: /home/andrew/leto/install/satellite_interfaces/include/satellite_interfaces/satellite_interfaces/srv/detail/satellite_data__type_support.c
[4.406s] -- Up-to-date: /home/andrew/leto/install/satellite_interfaces/share/satellite_interfaces/environment/library_path.sh
[4.406s] -- Up-to-date: /home/andrew/leto/install/satellite_interfaces/share/satellite_interfaces/environment/library_path.dsv
[4.406s] -- Installing: /home/andrew/leto/install/satellite_interfaces/lib/libsatellite_interfaces__rosidl_generator_c.so
[4.407s] -- Set runtime path of "/home/andrew/leto/install/satellite_interfaces/lib/libsatellite_interfaces__rosidl_generator_c.so" to ""
[4.407s] -- Up-to-date: /home/andrew/leto/install/satellite_interfaces/include/satellite_interfaces/satellite_interfaces
[4.407s] -- Up-to-date: /home/andrew/leto/install/satellite_interfaces/include/satellite_interfaces/satellite_interfaces/msg
[4.407s] -- Up-to-date: /home/andrew/leto/install/satellite_interfaces/include/satellite_interfaces/satellite_interfaces/msg/rosidl_typesupport_fastrtps_c__visibility_control.h
[4.407s] -- Up-to-date: /home/andrew/leto/install/satellite_interfaces/include/satellite_interfaces/satellite_interfaces/msg/detail
[4.407s] -- Installing: /home/andrew/leto/install/satellite_interfaces/include/satellite_interfaces/satellite_interfaces/msg/detail/satellite_vec__rosidl_typesupport_fastrtps_c.h
[4.407s] -- Up-to-date: /home/andrew/leto/install/satellite_interfaces/include/satellite_interfaces/satellite_interfaces/srv
[4.407s] -- Up-to-date: /home/andrew/leto/install/satellite_interfaces/include/satellite_interfaces/satellite_interfaces/srv/detail
[4.407s] -- Up-to-date: /home/andrew/leto/install/satellite_interfaces/include/satellite_interfaces/satellite_interfaces/srv/detail/satellite_set_pos__rosidl_typesupport_fastrtps_c.h
[4.407s] -- Up-to-date: /home/andrew/leto/install/satellite_interfaces/include/satellite_interfaces/satellite_interfaces/srv/detail/spawn_satellite__rosidl_typesupport_fastrtps_c.h
[4.407s] -- Up-to-date: /home/andrew/leto/install/satellite_interfaces/include/satellite_interfaces/satellite_interfaces/srv/detail/satellite_vec__rosidl_typesupport_fastrtps_c.h
[4.407s] -- Installing: /home/andrew/leto/install/satellite_interfaces/include/satellite_interfaces/satellite_interfaces/srv/detail/satellite_name__rosidl_typesupport_fastrtps_c.h
[4.407s] -- Up-to-date: /home/andrew/leto/install/satellite_interfaces/include/satellite_interfaces/satellite_interfaces/srv/detail/satellite_data__rosidl_typesupport_fastrtps_c.h
[4.407s] -- Installing: /home/andrew/leto/install/satellite_interfaces/lib/libsatellite_interfaces__rosidl_typesupport_fastrtps_c.so
[4.407s] -- Set runtime path of "/home/andrew/leto/install/satellite_interfaces/lib/libsatellite_interfaces__rosidl_typesupport_fastrtps_c.so" to ""
[4.408s] -- Up-to-date: /home/andrew/leto/install/satellite_interfaces/include/satellite_interfaces/satellite_interfaces
[4.408s] -- Up-to-date: /home/andrew/leto/install/satellite_interfaces/include/satellite_interfaces/satellite_interfaces/msg
[4.408s] -- Installing: /home/andrew/leto/install/satellite_interfaces/include/satellite_interfaces/satellite_interfaces/msg/satellite_vec.hpp
[4.408s] -- Up-to-date: /home/andrew/leto/install/satellite_interfaces/include/satellite_interfaces/satellite_interfaces/msg/detail
[4.408s] -- Installing: /home/andrew/leto/install/satellite_interfaces/include/satellite_interfaces/satellite_interfaces/msg/detail/satellite_vec__struct.hpp
[4.408s] -- Installing: /home/andrew/leto/install/satellite_interfaces/include/satellite_interfaces/satellite_interfaces/msg/detail/satellite_vec__builder.hpp
[4.408s] -- Installing: /home/andrew/leto/install/satellite_interfaces/include/satellite_interfaces/satellite_interfaces/msg/detail/satellite_vec__traits.hpp
[4.408s] -- Up-to-date: /home/andrew/leto/install/satellite_interfaces/include/satellite_interfaces/satellite_interfaces/srv
[4.408s] -- Up-to-date: /home/andrew/leto/install/satellite_interfaces/include/satellite_interfaces/satellite_interfaces/srv/satellite_data.hpp
[4.408s] -- Up-to-date: /home/andrew/leto/install/satellite_interfaces/include/satellite_interfaces/satellite_interfaces/srv/satellite_set_pos.hpp
[4.408s] -- Up-to-date: /home/andrew/leto/install/satellite_interfaces/include/satellite_interfaces/satellite_interfaces/srv/satellite_vec.hpp
[4.408s] -- Installing: /home/andrew/leto/install/satellite_interfaces/include/satellite_interfaces/satellite_interfaces/srv/satellite_name.hpp
[4.408s] -- Up-to-date: /home/andrew/leto/install/satellite_interfaces/include/satellite_interfaces/satellite_interfaces/srv/spawn_satellite.hpp
[4.408s] -- Up-to-date: /home/andrew/leto/install/satellite_interfaces/include/satellite_interfaces/satellite_interfaces/srv/detail
[4.408s] -- Up-to-date: /home/andrew/leto/install/satellite_interfaces/include/satellite_interfaces/satellite_interfaces/srv/detail/satellite_vec__struct.hpp
[4.408s] -- Up-to-date: /home/andrew/leto/install/satellite_interfaces/include/satellite_interfaces/satellite_interfaces/srv/detail/spawn_satellite__traits.hpp
[4.408s] -- Up-to-date: /home/andrew/leto/install/satellite_interfaces/include/satellite_interfaces/satellite_interfaces/srv/detail/satellite_set_pos__traits.hpp
[4.408s] -- Up-to-date: /home/andrew/leto/install/satellite_interfaces/include/satellite_interfaces/satellite_interfaces/srv/detail/satellite_vec__builder.hpp
[4.408s] -- Up-to-date: /home/andrew/leto/install/satellite_interfaces/include/satellite_interfaces/satellite_interfaces/srv/detail/spawn_satellite__struct.hpp
[4.408s] -- Up-to-date: /home/andrew/leto/install/satellite_interfaces/include/satellite_interfaces/satellite_interfaces/srv/detail/satellite_data__traits.hpp
[4.408s] -- Up-to-date: /home/andrew/leto/install/satellite_interfaces/include/satellite_interfaces/satellite_interfaces/srv/detail/satellite_data__builder.hpp
[4.408s] -- Up-to-date: /home/andrew/leto/install/satellite_interfaces/include/satellite_interfaces/satellite_interfaces/srv/detail/satellite_data__struct.hpp
[4.408s] -- Installing: /home/andrew/leto/install/satellite_interfaces/include/satellite_interfaces/satellite_interfaces/srv/detail/satellite_name__struct.hpp
[4.408s] -- Up-to-date: /home/andrew/leto/install/satellite_interfaces/include/satellite_interfaces/satellite_interfaces/srv/detail/satellite_set_pos__struct.hpp
[4.409s] -- Installing: /home/andrew/leto/install/satellite_interfaces/include/satellite_interfaces/satellite_interfaces/srv/detail/satellite_name__builder.hpp
[4.409s] -- Installing: /home/andrew/leto/install/satellite_interfaces/include/satellite_interfaces/satellite_interfaces/srv/detail/satellite_name__traits.hpp
[4.409s] -- Up-to-date: /home/andrew/leto/install/satellite_interfaces/include/satellite_interfaces/satellite_interfaces/srv/detail/satellite_vec__traits.hpp
[4.409s] -- Up-to-date: /home/andrew/leto/install/satellite_interfaces/include/satellite_interfaces/satellite_interfaces/srv/detail/spawn_satellite__builder.hpp
[4.409s] -- Up-to-date: /home/andrew/leto/install/satellite_interfaces/include/satellite_interfaces/satellite_interfaces/srv/detail/satellite_set_pos__builder.hpp
[4.409s] -- Up-to-date: /home/andrew/leto/install/satellite_interfaces/include/satellite_interfaces/satellite_interfaces
[4.409s] -- Up-to-date: /home/andrew/leto/install/satellite_interfaces/include/satellite_interfaces/satellite_interfaces/msg
[4.409s] -- Up-to-date: /home/andrew/leto/install/satellite_interfaces/include/satellite_interfaces/satellite_interfaces/msg/detail
[4.409s] -- Installing: /home/andrew/leto/install/satellite_interfaces/include/satellite_interfaces/satellite_interfaces/msg/detail/satellite_vec__rosidl_typesupport_fastrtps_cpp.hpp
[4.409s] -- Installing: /home/andrew/leto/install/satellite_interfaces/include/satellite_interfaces/satellite_interfaces/msg/detail/dds_fastrtps
[4.409s] -- Up-to-date: /home/andrew/leto/install/satellite_interfaces/include/satellite_interfaces/satellite_interfaces/msg/rosidl_typesupport_fastrtps_cpp__visibility_control.h
[4.409s] -- Up-to-date: /home/andrew/leto/install/satellite_interfaces/include/satellite_interfaces/satellite_interfaces/srv
[4.409s] -- Up-to-date: /home/andrew/leto/install/satellite_interfaces/include/satellite_interfaces/satellite_interfaces/srv/detail
[4.409s] -- Up-to-date: /home/andrew/leto/install/satellite_interfaces/include/satellite_interfaces/satellite_interfaces/srv/detail/satellite_vec__rosidl_typesupport_fastrtps_cpp.hpp
[4.409s] -- Installing: /home/andrew/leto/install/satellite_interfaces/include/satellite_interfaces/satellite_interfaces/srv/detail/satellite_name__rosidl_typesupport_fastrtps_cpp.hpp
[4.409s] -- Up-to-date: /home/andrew/leto/install/satellite_interfaces/include/satellite_interfaces/satellite_interfaces/srv/detail/spawn_satellite__rosidl_typesupport_fastrtps_cpp.hpp
[4.409s] -- Up-to-date: /home/andrew/leto/install/satellite_interfaces/include/satellite_interfaces/satellite_interfaces/srv/detail/dds_fastrtps
[4.409s] -- Up-to-date: /home/andrew/leto/install/satellite_interfaces/include/satellite_interfaces/satellite_interfaces/srv/detail/satellite_set_pos__rosidl_typesupport_fastrtps_cpp.hpp
[4.409s] -- Up-to-date: /home/andrew/leto/install/satellite_interfaces/include/satellite_interfaces/satellite_interfaces/srv/detail/satellite_data__rosidl_typesupport_fastrtps_cpp.hpp
[4.409s] -- Installing: /home/andrew/leto/install/satellite_interfaces/lib/libsatellite_interfaces__rosidl_typesupport_fastrtps_cpp.so
[4.409s] -- Set runtime path of "/home/andrew/leto/install/satellite_interfaces/lib/libsatellite_interfaces__rosidl_typesupport_fastrtps_cpp.so" to ""
[4.409s] -- Up-to-date: /home/andrew/leto/install/satellite_interfaces/include/satellite_interfaces/satellite_interfaces
[4.409s] -- Up-to-date: /home/andrew/leto/install/satellite_interfaces/include/satellite_interfaces/satellite_interfaces/msg
[4.409s] -- Up-to-date: /home/andrew/leto/install/satellite_interfaces/include/satellite_interfaces/satellite_interfaces/msg/rosidl_typesupport_introspection_c__visibility_control.h
[4.410s] -- Up-to-date: /home/andrew/leto/install/satellite_interfaces/include/satellite_interfaces/satellite_interfaces/msg/detail
[4.410s] -- Up-to-date: /home/andrew/leto/install/satellite_interfaces/include/satellite_interfaces/satellite_interfaces/msg/detail/satellite_vec__type_support.c
[4.410s] -- Installing: /home/andrew/leto/install/satellite_interfaces/include/satellite_interfaces/satellite_interfaces/msg/detail/satellite_vec__rosidl_typesupport_introspection_c.h
[4.410s] -- Up-to-date: /home/andrew/leto/install/satellite_interfaces/include/satellite_interfaces/satellite_interfaces/srv
[4.410s] -- Up-to-date: /home/andrew/leto/install/satellite_interfaces/include/satellite_interfaces/satellite_interfaces/srv/detail
[4.410s] -- Up-to-date: /home/andrew/leto/install/satellite_interfaces/include/satellite_interfaces/satellite_interfaces/srv/detail/satellite_vec__type_support.c
[4.410s] -- Up-to-date: /home/andrew/leto/install/satellite_interfaces/include/satellite_interfaces/satellite_interfaces/srv/detail/spawn_satellite__rosidl_typesupport_introspection_c.h
[4.410s] -- Up-to-date: /home/andrew/leto/install/satellite_interfaces/include/satellite_interfaces/satellite_interfaces/srv/detail/satellite_set_pos__type_support.c
[4.410s] -- Installing: /home/andrew/leto/install/satellite_interfaces/include/satellite_interfaces/satellite_interfaces/srv/detail/satellite_name__rosidl_typesupport_introspection_c.h
[4.410s] -- Up-to-date: /home/andrew/leto/install/satellite_interfaces/include/satellite_interfaces/satellite_interfaces/srv/detail/satellite_set_pos__rosidl_typesupport_introspection_c.h
[4.410s] -- Up-to-date: /home/andrew/leto/install/satellite_interfaces/include/satellite_interfaces/satellite_interfaces/srv/detail/satellite_vec__rosidl_typesupport_introspection_c.h
[4.410s] -- Up-to-date: /home/andrew/leto/install/satellite_interfaces/include/satellite_interfaces/satellite_interfaces/srv/detail/spawn_satellite__type_support.c
[4.410s] -- Up-to-date: /home/andrew/leto/install/satellite_interfaces/include/satellite_interfaces/satellite_interfaces/srv/detail/satellite_name__type_support.c
[4.410s] -- Up-to-date: /home/andrew/leto/install/satellite_interfaces/include/satellite_interfaces/satellite_interfaces/srv/detail/satellite_data__rosidl_typesupport_introspection_c.h
[4.410s] -- Up-to-date: /home/andrew/leto/install/satellite_interfaces/include/satellite_interfaces/satellite_interfaces/srv/detail/satellite_data__type_support.c
[4.410s] -- Installing: /home/andrew/leto/install/satellite_interfaces/lib/libsatellite_interfaces__rosidl_typesupport_introspection_c.so
[4.410s] -- Set runtime path of "/home/andrew/leto/install/satellite_interfaces/lib/libsatellite_interfaces__rosidl_typesupport_introspection_c.so" to ""
[4.410s] -- Installing: /home/andrew/leto/install/satellite_interfaces/lib/libsatellite_interfaces__rosidl_typesupport_c.so
[4.410s] -- Set runtime path of "/home/andrew/leto/install/satellite_interfaces/lib/libsatellite_interfaces__rosidl_typesupport_c.so" to ""
[4.410s] -- Up-to-date: /home/andrew/leto/install/satellite_interfaces/include/satellite_interfaces/satellite_interfaces
[4.410s] -- Up-to-date: /home/andrew/leto/install/satellite_interfaces/include/satellite_interfaces/satellite_interfaces/msg
[4.411s] -- Up-to-date: /home/andrew/leto/install/satellite_interfaces/include/satellite_interfaces/satellite_interfaces/msg/detail
[4.411s] -- Installing: /home/andrew/leto/install/satellite_interfaces/include/satellite_interfaces/satellite_interfaces/msg/detail/satellite_vec__rosidl_typesupport_introspection_cpp.hpp
[4.411s] -- Installing: /home/andrew/leto/install/satellite_interfaces/include/satellite_interfaces/satellite_interfaces/msg/detail/satellite_vec__type_support.cpp
[4.411s] -- Up-to-date: /home/andrew/leto/install/satellite_interfaces/include/satellite_interfaces/satellite_interfaces/srv
[4.411s] -- Up-to-date: /home/andrew/leto/install/satellite_interfaces/include/satellite_interfaces/satellite_interfaces/srv/detail
[4.411s] -- Up-to-date: /home/andrew/leto/install/satellite_interfaces/include/satellite_interfaces/satellite_interfaces/srv/detail/satellite_vec__rosidl_typesupport_introspection_cpp.hpp
[4.411s] -- Up-to-date: /home/andrew/leto/install/satellite_interfaces/include/satellite_interfaces/satellite_interfaces/srv/detail/satellite_set_pos__type_support.cpp
[4.411s] -- Up-to-date: /home/andrew/leto/install/satellite_interfaces/include/satellite_interfaces/satellite_interfaces/srv/detail/satellite_set_pos__rosidl_typesupport_introspection_cpp.hpp
[4.411s] -- Up-to-date: /home/andrew/leto/install/satellite_interfaces/include/satellite_interfaces/satellite_interfaces/srv/detail/satellite_data__rosidl_typesupport_introspection_cpp.hpp
[4.411s] -- Up-to-date: /home/andrew/leto/install/satellite_interfaces/include/satellite_interfaces/satellite_interfaces/srv/detail/spawn_satellite__rosidl_typesupport_introspection_cpp.hpp
[4.411s] -- Installing: /home/andrew/leto/install/satellite_interfaces/include/satellite_interfaces/satellite_interfaces/srv/detail/satellite_name__rosidl_typesupport_introspection_cpp.hpp
[4.411s] -- Up-to-date: /home/andrew/leto/install/satellite_interfaces/include/satellite_interfaces/satellite_interfaces/srv/detail/satellite_vec__type_support.cpp
[4.411s] -- Up-to-date: /home/andrew/leto/install/satellite_interfaces/include/satellite_interfaces/satellite_interfaces/srv/detail/spawn_satellite__type_support.cpp
[4.411s] -- Up-to-date: /home/andrew/leto/install/satellite_interfaces/include/satellite_interfaces/satellite_interfaces/srv/detail/satellite_data__type_support.cpp
[4.411s] -- Installing: /home/andrew/leto/install/satellite_interfaces/include/satellite_interfaces/satellite_interfaces/srv/detail/satellite_name__type_support.cpp
[4.411s] -- Installing: /home/andrew/leto/install/satellite_interfaces/lib/libsatellite_interfaces__rosidl_typesupport_introspection_cpp.so
[4.411s] -- Set runtime path of "/home/andrew/leto/install/satellite_interfaces/lib/libsatellite_interfaces__rosidl_typesupport_introspection_cpp.so" to ""
[4.411s] -- Installing: /home/andrew/leto/install/satellite_interfaces/lib/libsatellite_interfaces__rosidl_typesupport_cpp.so
[4.411s] -- Set runtime path of "/home/andrew/leto/install/satellite_interfaces/lib/libsatellite_interfaces__rosidl_typesupport_cpp.so" to ""
[4.411s] -- Up-to-date: /home/andrew/leto/install/satellite_interfaces/share/satellite_interfaces/environment/pythonpath.sh
[4.411s] -- Up-to-date: /home/andrew/leto/install/satellite_interfaces/share/satellite_interfaces/environment/pythonpath.dsv
[4.411s] -- Up-to-date: /home/andrew/leto/install/satellite_interfaces/lib/python3.10/site-packages/satellite_interfaces-0.0.0-py3.10.egg-info
[4.412s] -- Installing: /home/andrew/leto/install/satellite_interfaces/lib/python3.10/site-packages/satellite_interfaces-0.0.0-py3.10.egg-info/dependency_links.txt
[4.412s] -- Installing: /home/andrew/leto/install/satellite_interfaces/lib/python3.10/site-packages/satellite_interfaces-0.0.0-py3.10.egg-info/PKG-INFO
[4.412s] -- Installing: /home/andrew/leto/install/satellite_interfaces/lib/python3.10/site-packages/satellite_interfaces-0.0.0-py3.10.egg-info/SOURCES.txt
[4.412s] -- Installing: /home/andrew/leto/install/satellite_interfaces/lib/python3.10/site-packages/satellite_interfaces-0.0.0-py3.10.egg-info/top_level.txt
[4.412s] -- Up-to-date: /home/andrew/leto/install/satellite_interfaces/lib/python3.10/site-packages/satellite_interfaces
[4.412s] -- Installing: /home/andrew/leto/install/satellite_interfaces/lib/python3.10/site-packages/satellite_interfaces/msg
[4.412s] -- Installing: /home/andrew/leto/install/satellite_interfaces/lib/python3.10/site-packages/satellite_interfaces/msg/_satellite_vec.py
[4.412s] -- Installing: /home/andrew/leto/install/satellite_interfaces/lib/python3.10/site-packages/satellite_interfaces/msg/_satellite_vec_s.c
[4.412s] -- Installing: /home/andrew/leto/install/satellite_interfaces/lib/python3.10/site-packages/satellite_interfaces/msg/__init__.py
[4.412s] -- Installing: /home/andrew/leto/install/satellite_interfaces/lib/python3.10/site-packages/satellite_interfaces/libsatellite_interfaces__rosidl_generator_py.so
[4.412s] -- Installing: /home/andrew/leto/install/satellite_interfaces/lib/python3.10/site-packages/satellite_interfaces/satellite_interfaces_s__rosidl_typesupport_c.cpython-310-x86_64-linux-gnu.so
[4.412s] -- Up-to-date: /home/andrew/leto/install/satellite_interfaces/lib/python3.10/site-packages/satellite_interfaces/srv
[4.412s] -- Up-to-date: /home/andrew/leto/install/satellite_interfaces/lib/python3.10/site-packages/satellite_interfaces/srv/_satellite_data_s.c
[4.412s] -- Up-to-date: /home/andrew/leto/install/satellite_interfaces/lib/python3.10/site-packages/satellite_interfaces/srv/_satellite_vec.py
[4.412s] -- Installing: /home/andrew/leto/install/satellite_interfaces/lib/python3.10/site-packages/satellite_interfaces/srv/_satellite_name_s.c
[4.412s] -- Up-to-date: /home/andrew/leto/install/satellite_interfaces/lib/python3.10/site-packages/satellite_interfaces/srv/_spawn_satellite_s.c
[4.412s] -- Up-to-date: /home/andrew/leto/install/satellite_interfaces/lib/python3.10/site-packages/satellite_interfaces/srv/_spawn_satellite.py
[4.412s] -- Up-to-date: /home/andrew/leto/install/satellite_interfaces/lib/python3.10/site-packages/satellite_interfaces/srv/_satellite_data.py
[4.412s] -- Up-to-date: /home/andrew/leto/install/satellite_interfaces/lib/python3.10/site-packages/satellite_interfaces/srv/_satellite_set_pos_s.c
[4.412s] -- Up-to-date: /home/andrew/leto/install/satellite_interfaces/lib/python3.10/site-packages/satellite_interfaces/srv/_satellite_vec_s.c
[4.412s] -- Installing: /home/andrew/leto/install/satellite_interfaces/lib/python3.10/site-packages/satellite_interfaces/srv/__init__.py
[4.412s] -- Installing: /home/andrew/leto/install/satellite_interfaces/lib/python3.10/site-packages/satellite_interfaces/srv/_satellite_name.py
[4.412s] -- Up-to-date: /home/andrew/leto/install/satellite_interfaces/lib/python3.10/site-packages/satellite_interfaces/srv/_satellite_set_pos.py
[4.412s] -- Installing: /home/andrew/leto/install/satellite_interfaces/lib/python3.10/site-packages/satellite_interfaces/_satellite_interfaces_s.ep.rosidl_typesupport_c.c
[4.412s] -- Installing: /home/andrew/leto/install/satellite_interfaces/lib/python3.10/site-packages/satellite_interfaces/satellite_interfaces_s__rosidl_typesupport_introspection_c.cpython-310-x86_64-linux-gnu.so
[4.412s] -- Installing: /home/andrew/leto/install/satellite_interfaces/lib/python3.10/site-packages/satellite_interfaces/_satellite_interfaces_s.ep.rosidl_typesupport_fastrtps_c.c
[4.412s] -- Installing: /home/andrew/leto/install/satellite_interfaces/lib/python3.10/site-packages/satellite_interfaces/satellite_interfaces_s__rosidl_typesupport_fastrtps_c.cpython-310-x86_64-linux-gnu.so
[4.412s] -- Installing: /home/andrew/leto/install/satellite_interfaces/lib/python3.10/site-packages/satellite_interfaces/__init__.py
[4.412s] -- Installing: /home/andrew/leto/install/satellite_interfaces/lib/python3.10/site-packages/satellite_interfaces/_satellite_interfaces_s.ep.rosidl_typesupport_introspection_c.c
[4.443s] Listing '/home/andrew/leto/install/satellite_interfaces/lib/python3.10/site-packages/satellite_interfaces'...
[4.443s] Compiling '/home/andrew/leto/install/satellite_interfaces/lib/python3.10/site-packages/satellite_interfaces/__init__.py'...
[4.443s] Listing '/home/andrew/leto/install/satellite_interfaces/lib/python3.10/site-packages/satellite_interfaces/msg'...
[4.443s] Compiling '/home/andrew/leto/install/satellite_interfaces/lib/python3.10/site-packages/satellite_interfaces/msg/__init__.py'...
[4.443s] Compiling '/home/andrew/leto/install/satellite_interfaces/lib/python3.10/site-packages/satellite_interfaces/msg/_satellite_vec.py'...
[4.443s] Listing '/home/andrew/leto/install/satellite_interfaces/lib/python3.10/site-packages/satellite_interfaces/srv'...
[4.443s] Compiling '/home/andrew/leto/install/satellite_interfaces/lib/python3.10/site-packages/satellite_interfaces/srv/__init__.py'...
[4.443s] Compiling '/home/andrew/leto/install/satellite_interfaces/lib/python3.10/site-packages/satellite_interfaces/srv/_satellite_name.py'...
[4.446s] -- Installing: /home/andrew/leto/install/satellite_interfaces/lib/python3.10/site-packages/satellite_interfaces/satellite_interfaces_s__rosidl_typesupport_fastrtps_c.cpython-310-x86_64-linux-gnu.so
[4.446s] -- Set runtime path of "/home/andrew/leto/install/satellite_interfaces/lib/python3.10/site-packages/satellite_interfaces/satellite_interfaces_s__rosidl_typesupport_fastrtps_c.cpython-310-x86_64-linux-gnu.so" to ""
[4.446s] -- Installing: /home/andrew/leto/install/satellite_interfaces/lib/python3.10/site-packages/satellite_interfaces/satellite_interfaces_s__rosidl_typesupport_introspection_c.cpython-310-x86_64-linux-gnu.so
[4.446s] -- Set runtime path of "/home/andrew/leto/install/satellite_interfaces/lib/python3.10/site-packages/satellite_interfaces/satellite_interfaces_s__rosidl_typesupport_introspection_c.cpython-310-x86_64-linux-gnu.so" to ""
[4.446s] -- Installing: /home/andrew/leto/install/satellite_interfaces/lib/python3.10/site-packages/satellite_interfaces/satellite_interfaces_s__rosidl_typesupport_c.cpython-310-x86_64-linux-gnu.so
[4.446s] -- Set runtime path of "/home/andrew/leto/install/satellite_interfaces/lib/python3.10/site-packages/satellite_interfaces/satellite_interfaces_s__rosidl_typesupport_c.cpython-310-x86_64-linux-gnu.so" to ""
[4.447s] -- Installing: /home/andrew/leto/install/satellite_interfaces/lib/libsatellite_interfaces__rosidl_generator_py.so
[4.447s] -- Set runtime path of "/home/andrew/leto/install/satellite_interfaces/lib/libsatellite_interfaces__rosidl_generator_py.so" to ""
[4.447s] -- Up-to-date: /home/andrew/leto/install/satellite_interfaces/share/satellite_interfaces/srv/SatelliteName.idl
[4.447s] -- Installing: /home/andrew/leto/install/satellite_interfaces/share/satellite_interfaces/msg/SatelliteVec.idl
[4.447s] -- Up-to-date: /home/andrew/leto/install/satellite_interfaces/share/satellite_interfaces/srv/SatelliteName.srv
[4.447s] -- Up-to-date: /home/andrew/leto/install/satellite_interfaces/share/satellite_interfaces/srv/SatelliteName_Request.msg
[4.447s] -- Up-to-date: /home/andrew/leto/install/satellite_interfaces/share/satellite_interfaces/srv/SatelliteName_Response.msg
[4.447s] -- Installing: /home/andrew/leto/install/satellite_interfaces/share/satellite_interfaces/msg/SatelliteVec.msg
[4.447s] -- Up-to-date: /home/andrew/leto/install/satellite_interfaces/share/ament_index/resource_index/package_run_dependencies/satellite_interfaces
[4.447s] -- Up-to-date: /home/andrew/leto/install/satellite_interfaces/share/ament_index/resource_index/parent_prefix_path/satellite_interfaces
[4.447s] -- Up-to-date: /home/andrew/leto/install/satellite_interfaces/share/satellite_interfaces/environment/ament_prefix_path.sh
[4.447s] -- Up-to-date: /home/andrew/leto/install/satellite_interfaces/share/satellite_interfaces/environment/ament_prefix_path.dsv
[4.447s] -- Up-to-date: /home/andrew/leto/install/satellite_interfaces/share/satellite_interfaces/environment/path.sh
[4.448s] -- Up-to-date: /home/andrew/leto/install/satellite_interfaces/share/satellite_interfaces/environment/path.dsv
[4.448s] -- Up-to-date: /home/andrew/leto/install/satellite_interfaces/share/satellite_interfaces/local_setup.bash
[4.448s] -- Up-to-date: /home/andrew/leto/install/satellite_interfaces/share/satellite_interfaces/local_setup.sh
[4.448s] -- Up-to-date: /home/andrew/leto/install/satellite_interfaces/share/satellite_interfaces/local_setup.zsh
[4.448s] -- Up-to-date: /home/andrew/leto/install/satellite_interfaces/share/satellite_interfaces/local_setup.dsv
[4.448s] -- Installing: /home/andrew/leto/install/satellite_interfaces/share/satellite_interfaces/package.dsv
[4.448s] -- Up-to-date: /home/andrew/leto/install/satellite_interfaces/share/ament_index/resource_index/packages/satellite_interfaces
[4.448s] -- Up-to-date: /home/andrew/leto/install/satellite_interfaces/share/satellite_interfaces/cmake/export_satellite_interfaces__rosidl_generator_cExport.cmake
[4.448s] -- Up-to-date: /home/andrew/leto/install/satellite_interfaces/share/satellite_interfaces/cmake/export_satellite_interfaces__rosidl_generator_cExport-noconfig.cmake
[4.448s] -- Up-to-date: /home/andrew/leto/install/satellite_interfaces/share/satellite_interfaces/cmake/export_satellite_interfaces__rosidl_typesupport_fastrtps_cExport.cmake
[4.448s] -- Up-to-date: /home/andrew/leto/install/satellite_interfaces/share/satellite_interfaces/cmake/export_satellite_interfaces__rosidl_typesupport_fastrtps_cExport-noconfig.cmake
[4.448s] -- Up-to-date: /home/andrew/leto/install/satellite_interfaces/share/satellite_interfaces/cmake/export_satellite_interfaces__rosidl_generator_cppExport.cmake
[4.448s] -- Up-to-date: /home/andrew/leto/install/satellite_interfaces/share/satellite_interfaces/cmake/export_satellite_interfaces__rosidl_typesupport_fastrtps_cppExport.cmake
[4.448s] -- Up-to-date: /home/andrew/leto/install/satellite_interfaces/share/satellite_interfaces/cmake/export_satellite_interfaces__rosidl_typesupport_fastrtps_cppExport-noconfig.cmake
[4.448s] -- Up-to-date: /home/andrew/leto/install/satellite_interfaces/share/satellite_interfaces/cmake/satellite_interfaces__rosidl_typesupport_introspection_cExport.cmake
[4.448s] -- Up-to-date: /home/andrew/leto/install/satellite_interfaces/share/satellite_interfaces/cmake/satellite_interfaces__rosidl_typesupport_introspection_cExport-noconfig.cmake
[4.448s] -- Up-to-date: /home/andrew/leto/install/satellite_interfaces/share/satellite_interfaces/cmake/satellite_interfaces__rosidl_typesupport_cExport.cmake
[4.448s] -- Up-to-date: /home/andrew/leto/install/satellite_interfaces/share/satellite_interfaces/cmake/satellite_interfaces__rosidl_typesupport_cExport-noconfig.cmake
[4.448s] -- Up-to-date: /home/andrew/leto/install/satellite_interfaces/share/satellite_interfaces/cmake/satellite_interfaces__rosidl_typesupport_introspection_cppExport.cmake
[4.448s] -- Up-to-date: /home/andrew/leto/install/satellite_interfaces/share/satellite_interfaces/cmake/satellite_interfaces__rosidl_typesupport_introspection_cppExport-noconfig.cmake
[4.448s] -- Up-to-date: /home/andrew/leto/install/satellite_interfaces/share/satellite_interfaces/cmake/satellite_interfaces__rosidl_typesupport_cppExport.cmake
[4.448s] -- Up-to-date: /home/andrew/leto/install/satellite_interfaces/share/satellite_interfaces/cmake/satellite_interfaces__rosidl_typesupport_cppExport-noconfig.cmake
[4.449s] -- Up-to-date: /home/andrew/leto/install/satellite_interfaces/share/satellite_interfaces/cmake/export_satellite_interfaces__rosidl_generator_pyExport.cmake
[4.449s] -- Up-to-date: /home/andrew/leto/install/satellite_interfaces/share/satellite_interfaces/cmake/export_satellite_interfaces__rosidl_generator_pyExport-noconfig.cmake
[4.449s] -- Installing: /home/andrew/leto/install/satellite_interfaces/share/satellite_interfaces/cmake/rosidl_cmake-extras.cmake
[4.449s] -- Installing: /home/andrew/leto/install/satellite_interfaces/share/satellite_interfaces/cmake/ament_cmake_export_dependencies-extras.cmake
[4.449s] -- Up-to-date: /home/andrew/leto/install/satellite_interfaces/share/satellite_interfaces/cmake/ament_cmake_export_include_directories-extras.cmake
[4.449s] -- Up-to-date: /home/andrew/leto/install/satellite_interfaces/share/satellite_interfaces/cmake/ament_cmake_export_libraries-extras.cmake
[4.449s] -- Up-to-date: /home/andrew/leto/install/satellite_interfaces/share/satellite_interfaces/cmake/ament_cmake_export_targets-extras.cmake
[4.449s] -- Up-to-date: /home/andrew/leto/install/satellite_interfaces/share/satellite_interfaces/cmake/rosidl_cmake_export_typesupport_targets-extras.cmake
[4.449s] -- Up-to-date: /home/andrew/leto/install/satellite_interfaces/share/satellite_interfaces/cmake/rosidl_cmake_export_typesupport_libraries-extras.cmake
[4.449s] -- Up-to-date: /home/andrew/leto/install/satellite_interfaces/share/satellite_interfaces/cmake/satellite_interfacesConfig.cmake
[4.449s] -- Up-to-date: /home/andrew/leto/install/satellite_interfaces/share/satellite_interfaces/cmake/satellite_interfacesConfig-version.cmake
[4.449s] -- Up-to-date: /home/andrew/leto/install/satellite_interfaces/share/satellite_interfaces/package.xml
[4.457s] Invoked command in '/home/andrew/leto/build/satellite_interfaces' returned '0': CMAKE_PREFIX_PATH=${CMAKE_PREFIX_PATH}:/home/andrew/leto/install/satellite_run:/opt/ros/iron /usr/bin/cmake --install /home/andrew/leto/build/satellite_interfaces
