[0.663s] Invoking command in '/home/andrew/leto/src/satellite_run': PYTHONPATH=/home/andrew/leto/build/satellite_run/prefix_override:/home/andrew/leto/install/satellite_run/lib/python3.10/site-packages:/home/andrew/leto/install/satellite_interfaces/lib/python3.10/site-packages:/home/andrew/leto/install/satellite_run/lib/python3.10/site-packages:/opt/ros/iron/lib/python3.10/site-packages /usr/bin/python3 setup.py egg_info --egg-base ../../build/satellite_run build --build-base /home/andrew/leto/build/satellite_run/build install --record /home/andrew/leto/build/satellite_run/install.log --single-version-externally-managed
[0.826s] running egg_info
[0.827s] writing ../../build/satellite_run/satellite_run.egg-info/PKG-INFO
[0.827s] writing dependency_links to ../../build/satellite_run/satellite_run.egg-info/dependency_links.txt
[0.827s] writing entry points to ../../build/satellite_run/satellite_run.egg-info/entry_points.txt
[0.827s] writing requirements to ../../build/satellite_run/satellite_run.egg-info/requires.txt
[0.827s] writing top-level names to ../../build/satellite_run/satellite_run.egg-info/top_level.txt
[0.829s] reading manifest file '../../build/satellite_run/satellite_run.egg-info/SOURCES.txt'
[0.830s] writing manifest file '../../build/satellite_run/satellite_run.egg-info/SOURCES.txt'
[0.830s] running build
[0.830s] running build_py
[0.830s] copying satellite_run/SatelliteServices.py -> /home/andrew/leto/build/satellite_run/build/lib/satellite_run
[0.830s] copying satellite_run/SatelliteMove.py -> /home/andrew/leto/build/satellite_run/build/lib/satellite_run
[0.831s] running install
[0.831s] /usr/lib/python3/dist-packages/setuptools/command/install.py:34: SetuptoolsDeprecationWarning: setup.py install is deprecated. Use build and pip and other standards-based tools.
[0.831s]   warnings.warn(
[0.840s] running install_lib
[0.840s] copying /home/andrew/leto/build/satellite_run/build/lib/satellite_run/SatelliteServices.py -> /home/andrew/leto/install/satellite_run/lib/python3.10/site-packages/satellite_run
[0.840s] copying /home/andrew/leto/build/satellite_run/build/lib/satellite_run/SatelliteMove.py -> /home/andrew/leto/install/satellite_run/lib/python3.10/site-packages/satellite_run
[0.840s] byte-compiling /home/andrew/leto/install/satellite_run/lib/python3.10/site-packages/satellite_run/SatelliteServices.py to SatelliteServices.cpython-310.pyc
[0.840s] byte-compiling /home/andrew/leto/install/satellite_run/lib/python3.10/site-packages/satellite_run/SatelliteMove.py to SatelliteMove.cpython-310.pyc
[0.840s] running install_data
[0.840s] running install_egg_info
[0.840s] removing '/home/andrew/leto/install/satellite_run/lib/python3.10/site-packages/satellite_run-0.0.0-py3.10.egg-info' (and everything under it)
[0.840s] Copying ../../build/satellite_run/satellite_run.egg-info to /home/andrew/leto/install/satellite_run/lib/python3.10/site-packages/satellite_run-0.0.0-py3.10.egg-info
[0.840s] running install_scripts
[0.860s] Installing satellite_move script to /home/andrew/leto/install/satellite_run/lib/satellite_run
[0.861s] Installing satellite_runner script to /home/andrew/leto/install/satellite_run/lib/satellite_run
[0.861s] Installing satellite_services script to /home/andrew/leto/install/satellite_run/lib/satellite_run
[0.861s] Installing state_publisher script to /home/andrew/leto/install/satellite_run/lib/satellite_run
[0.861s] writing list of installed files to '/home/andrew/leto/build/satellite_run/install.log'
[0.882s] Invoked command in '/home/andrew/leto/src/satellite_run' returned '0': PYTHONPATH=/home/andrew/leto/build/satellite_run/prefix_override:/home/andrew/leto/install/satellite_run/lib/python3.10/site-packages:/home/andrew/leto/install/satellite_interfaces/lib/python3.10/site-packages:/home/andrew/leto/install/satellite_run/lib/python3.10/site-packages:/opt/ros/iron/lib/python3.10/site-packages /usr/bin/python3 setup.py egg_info --egg-base ../../build/satellite_run build --build-base /home/andrew/leto/build/satellite_run/build install --record /home/andrew/leto/build/satellite_run/install.log --single-version-externally-managed
