[0.061s] Invoking command in '/home/andrew/leto/build/satellite_interfaces': CMAKE_PREFIX_PATH=${CMAKE_PREFIX_PATH}:/home/andrew/leto/install/satellite_run:/opt/ros/iron /usr/bin/cmake --build /home/andrew/leto/build/satellite_interfaces -- -j6 -l6
[0.084s] -- Found ament_cmake: 2.0.5 (/opt/ros/iron/share/ament_cmake/cmake)
[0.214s] -- Found std_msgs: 5.0.0 (/opt/ros/iron/share/std_msgs/cmake)
[0.275s] -- Found rosidl_generator_c: 4.0.1 (/opt/ros/iron/share/rosidl_generator_c/cmake)
[0.288s] -- Found rosidl_generator_cpp: 4.0.1 (/opt/ros/iron/share/rosidl_generator_cpp/cmake)
[0.314s] -- Using all available rosidl_typesupport_c: rosidl_typesupport_fastrtps_c;rosidl_typesupport_introspection_c
[0.343s] -- Using all available rosidl_typesupport_cpp: rosidl_typesupport_fastrtps_cpp;rosidl_typesupport_introspection_cpp
[0.406s] -- Found rosidl_default_generators: 1.5.0 (/opt/ros/iron/share/rosidl_default_generators/cmake)
[0.420s] -- Found rosidl_adapter: 4.0.1 (/opt/ros/iron/share/rosidl_adapter/cmake)
[0.436s] [31mCMake Error at /opt/ros/iron/share/rosidl_cmake/cmake/rosidl_generate_interfaces.cmake:95 (message):
[0.436s]   rosidl_generate_interfaces() the passed file 'srv/Spawnsatellite.srv'
[0.436s]   doesn't exist relative to the CMAKE_CURRENT_SOURCE_DIR
[0.436s]   '/home/andrew/leto/src/satellite_interfaces'
[0.436s] Call Stack (most recent call first):
[0.436s]   CMakeLists.txt:16 (rosidl_generate_interfaces)
[0.436s] 
[0.436s] [0m
[0.438s] -- Configuring incomplete, errors occurred!
[0.438s] See also "/home/andrew/leto/build/satellite_interfaces/CMakeFiles/CMakeOutput.log".
[0.443s] gmake: *** [Makefile:226: cmake_check_build_system] Error 1
[0.445s] Invoked command in '/home/andrew/leto/build/satellite_interfaces' returned '2': CMAKE_PREFIX_PATH=${CMAKE_PREFIX_PATH}:/home/andrew/leto/install/satellite_run:/opt/ros/iron /usr/bin/cmake --build /home/andrew/leto/build/satellite_interfaces -- -j6 -l6
