[1.040s] DEBUG:colcon:Command line arguments: ['/usr/bin/colcon', 'build']
[1.040s] DEBUG:colcon:Parsed command line arguments: Namespace(log_base=None, log_level=None, verb_name='build', build_base='build', install_base='install', merge_install=False, symlink_install=False, test_result_base=None, continue_on_error=False, executor='parallel', parallel_workers=6, event_handlers=None, ignore_user_meta=False, metas=['./colcon.meta'], base_paths=['.'], packages_ignore=None, packages_ignore_regex=None, paths=None, packages_up_to=None, packages_up_to_regex=None, packages_above=None, packages_above_and_dependencies=None, packages_above_depth=None, packages_select_by_dep=None, packages_skip_by_dep=None, packages_skip_up_to=None, packages_select_build_failed=False, packages_skip_build_finished=False, packages_select_test_failures=False, packages_skip_test_passed=False, packages_select=None, packages_skip=None, packages_select_regex=None, packages_skip_regex=None, packages_start=None, packages_end=None, allow_overriding=[], cmake_args=None, cmake_target=None, cmake_target_skip_unavailable=False, cmake_clean_cache=False, cmake_clean_first=False, cmake_force_configure=False, ament_cmake_args=None, catkin_cmake_args=None, catkin_skip_building_tests=False, mixin_files=None, mixin=None, verb_parser=<colcon_mixin.mixin.mixin_argument.MixinArgumentDecorator object at 0x7921f859ac20>, verb_extension=<colcon_core.verb.build.BuildVerb object at 0x7921f856d8d0>, main=<bound method BuildVerb.main of <colcon_core.verb.build.BuildVerb object at 0x7921f856d8d0>>, mixin_verb=('build',))
[1.120s] Level 1:colcon.colcon_core.package_discovery:discover_packages(colcon_meta) check parameters
[1.121s] Level 1:colcon.colcon_core.package_discovery:discover_packages(recursive) check parameters
[1.121s] Level 1:colcon.colcon_core.package_discovery:discover_packages(ignore) check parameters
[1.121s] Level 1:colcon.colcon_core.package_discovery:discover_packages(path) check parameters
[1.121s] Level 1:colcon.colcon_core.package_discovery:discover_packages(colcon_meta) discover
[1.121s] Level 1:colcon.colcon_core.package_discovery:discover_packages(recursive) discover
[1.121s] INFO:colcon.colcon_core.package_discovery:Crawling recursively for packages in '/home/andrew/leto'
[1.121s] Level 1:colcon.colcon_core.package_identification:_identify(.) by extensions ['ignore', 'ignore_ament_install']
[1.121s] Level 1:colcon.colcon_core.package_identification:_identify(.) by extension 'ignore'
[1.121s] Level 1:colcon.colcon_core.package_identification:_identify(.) by extension 'ignore_ament_install'
[1.121s] Level 1:colcon.colcon_core.package_identification:_identify(.) by extensions ['colcon_pkg']
[1.121s] Level 1:colcon.colcon_core.package_identification:_identify(.) by extension 'colcon_pkg'
[1.122s] Level 1:colcon.colcon_core.package_identification:_identify(.) by extensions ['colcon_meta']
[1.122s] Level 1:colcon.colcon_core.package_identification:_identify(.) by extension 'colcon_meta'
[1.122s] Level 1:colcon.colcon_core.package_identification:_identify(.) by extensions ['ros']
[1.122s] Level 1:colcon.colcon_core.package_identification:_identify(.) by extension 'ros'
[1.140s] Level 1:colcon.colcon_core.package_identification:_identify(.) by extensions ['cmake', 'python']
[1.141s] Level 1:colcon.colcon_core.package_identification:_identify(.) by extension 'cmake'
[1.141s] Level 1:colcon.colcon_core.package_identification:_identify(.) by extension 'python'
[1.141s] Level 1:colcon.colcon_core.package_identification:_identify(.) by extensions ['python_setup_py']
[1.141s] Level 1:colcon.colcon_core.package_identification:_identify(.) by extension 'python_setup_py'
[1.141s] Level 1:colcon.colcon_core.package_identification:_identify(build) by extensions ['ignore', 'ignore_ament_install']
[1.142s] Level 1:colcon.colcon_core.package_identification:_identify(build) by extension 'ignore'
[1.142s] Level 1:colcon.colcon_core.package_identification:_identify(build) ignored
[1.142s] Level 1:colcon.colcon_core.package_identification:_identify(install) by extensions ['ignore', 'ignore_ament_install']
[1.142s] Level 1:colcon.colcon_core.package_identification:_identify(install) by extension 'ignore'
[1.142s] Level 1:colcon.colcon_core.package_identification:_identify(install) ignored
[1.143s] Level 1:colcon.colcon_core.package_identification:_identify(log) by extensions ['ignore', 'ignore_ament_install']
[1.143s] Level 1:colcon.colcon_core.package_identification:_identify(log) by extension 'ignore'
[1.143s] Level 1:colcon.colcon_core.package_identification:_identify(log) ignored
[1.143s] Level 1:colcon.colcon_core.package_identification:_identify(src) by extensions ['ignore', 'ignore_ament_install']
[1.143s] Level 1:colcon.colcon_core.package_identification:_identify(src) by extension 'ignore'
[1.144s] Level 1:colcon.colcon_core.package_identification:_identify(src) by extension 'ignore_ament_install'
[1.144s] Level 1:colcon.colcon_core.package_identification:_identify(src) by extensions ['colcon_pkg']
[1.144s] Level 1:colcon.colcon_core.package_identification:_identify(src) by extension 'colcon_pkg'
[1.144s] Level 1:colcon.colcon_core.package_identification:_identify(src) by extensions ['colcon_meta']
[1.144s] Level 1:colcon.colcon_core.package_identification:_identify(src) by extension 'colcon_meta'
[1.144s] Level 1:colcon.colcon_core.package_identification:_identify(src) by extensions ['ros']
[1.144s] Level 1:colcon.colcon_core.package_identification:_identify(src) by extension 'ros'
[1.144s] Level 1:colcon.colcon_core.package_identification:_identify(src) by extensions ['cmake', 'python']
[1.145s] Level 1:colcon.colcon_core.package_identification:_identify(src) by extension 'cmake'
[1.145s] Level 1:colcon.colcon_core.package_identification:_identify(src) by extension 'python'
[1.145s] Level 1:colcon.colcon_core.package_identification:_identify(src) by extensions ['python_setup_py']
[1.145s] Level 1:colcon.colcon_core.package_identification:_identify(src) by extension 'python_setup_py'
[1.145s] Level 1:colcon.colcon_core.package_identification:_identify(src/satellite_interfaces) by extensions ['ignore', 'ignore_ament_install']
[1.145s] Level 1:colcon.colcon_core.package_identification:_identify(src/satellite_interfaces) by extension 'ignore'
[1.146s] Level 1:colcon.colcon_core.package_identification:_identify(src/satellite_interfaces) by extension 'ignore_ament_install'
[1.146s] Level 1:colcon.colcon_core.package_identification:_identify(src/satellite_interfaces) by extensions ['colcon_pkg']
[1.146s] Level 1:colcon.colcon_core.package_identification:_identify(src/satellite_interfaces) by extension 'colcon_pkg'
[1.146s] Level 1:colcon.colcon_core.package_identification:_identify(src/satellite_interfaces) by extensions ['colcon_meta']
[1.146s] Level 1:colcon.colcon_core.package_identification:_identify(src/satellite_interfaces) by extension 'colcon_meta'
[1.146s] Level 1:colcon.colcon_core.package_identification:_identify(src/satellite_interfaces) by extensions ['ros']
[1.146s] Level 1:colcon.colcon_core.package_identification:_identify(src/satellite_interfaces) by extension 'ros'
[1.150s] DEBUG:colcon.colcon_core.package_identification:Package 'src/satellite_interfaces' with type 'ros.ament_cmake' and name 'satellite_interfaces'
[1.151s] Level 1:colcon.colcon_core.package_identification:_identify(src/satellite_run) by extensions ['ignore', 'ignore_ament_install']
[1.151s] Level 1:colcon.colcon_core.package_identification:_identify(src/satellite_run) by extension 'ignore'
[1.151s] Level 1:colcon.colcon_core.package_identification:_identify(src/satellite_run) by extension 'ignore_ament_install'
[1.151s] Level 1:colcon.colcon_core.package_identification:_identify(src/satellite_run) by extensions ['colcon_pkg']
[1.151s] Level 1:colcon.colcon_core.package_identification:_identify(src/satellite_run) by extension 'colcon_pkg'
[1.151s] Level 1:colcon.colcon_core.package_identification:_identify(src/satellite_run) by extensions ['colcon_meta']
[1.151s] Level 1:colcon.colcon_core.package_identification:_identify(src/satellite_run) by extension 'colcon_meta'
[1.151s] Level 1:colcon.colcon_core.package_identification:_identify(src/satellite_run) by extensions ['ros']
[1.151s] Level 1:colcon.colcon_core.package_identification:_identify(src/satellite_run) by extension 'ros'
[1.152s] DEBUG:colcon.colcon_core.package_identification:Package 'src/satellite_run' with type 'ros.ament_python' and name 'satellite_run'
[1.152s] Level 1:colcon.colcon_core.package_identification:_identify(worlds) by extensions ['ignore', 'ignore_ament_install']
[1.152s] Level 1:colcon.colcon_core.package_identification:_identify(worlds) by extension 'ignore'
[1.152s] Level 1:colcon.colcon_core.package_identification:_identify(worlds) by extension 'ignore_ament_install'
[1.153s] Level 1:colcon.colcon_core.package_identification:_identify(worlds) by extensions ['colcon_pkg']
[1.153s] Level 1:colcon.colcon_core.package_identification:_identify(worlds) by extension 'colcon_pkg'
[1.153s] Level 1:colcon.colcon_core.package_identification:_identify(worlds) by extensions ['colcon_meta']
[1.153s] Level 1:colcon.colcon_core.package_identification:_identify(worlds) by extension 'colcon_meta'
[1.153s] Level 1:colcon.colcon_core.package_identification:_identify(worlds) by extensions ['ros']
[1.153s] Level 1:colcon.colcon_core.package_identification:_identify(worlds) by extension 'ros'
[1.153s] Level 1:colcon.colcon_core.package_identification:_identify(worlds) by extensions ['cmake', 'python']
[1.153s] Level 1:colcon.colcon_core.package_identification:_identify(worlds) by extension 'cmake'
[1.153s] Level 1:colcon.colcon_core.package_identification:_identify(worlds) by extension 'python'
[1.153s] Level 1:colcon.colcon_core.package_identification:_identify(worlds) by extensions ['python_setup_py']
[1.153s] Level 1:colcon.colcon_core.package_identification:_identify(worlds) by extension 'python_setup_py'
[1.153s] Level 1:colcon.colcon_core.package_discovery:discover_packages(recursive) using defaults
[1.153s] Level 1:colcon.colcon_core.package_discovery:discover_packages(ignore) discover
[1.153s] Level 1:colcon.colcon_core.package_discovery:discover_packages(ignore) using defaults
[1.154s] Level 1:colcon.colcon_core.package_discovery:discover_packages(path) discover
[1.154s] Level 1:colcon.colcon_core.package_discovery:discover_packages(path) using defaults
[1.231s] Level 1:colcon.colcon_core.package_discovery:discover_packages(prefix_path) check parameters
[1.231s] Level 1:colcon.colcon_core.package_discovery:discover_packages(prefix_path) discover
[1.251s] DEBUG:colcon.colcon_installed_package_information.package_discovery:Found 1 installed packages in /home/andrew/leto/install
[1.266s] DEBUG:colcon.colcon_installed_package_information.package_discovery:Found 289 installed packages in /opt/ros/iron
[1.267s] Level 1:colcon.colcon_core.package_discovery:discover_packages(prefix_path) using defaults
[1.327s] Level 5:colcon.colcon_core.verb:set package 'satellite_interfaces' build argument 'cmake_args' from command line to 'None'
[1.327s] Level 5:colcon.colcon_core.verb:set package 'satellite_interfaces' build argument 'cmake_target' from command line to 'None'
[1.327s] Level 5:colcon.colcon_core.verb:set package 'satellite_interfaces' build argument 'cmake_target_skip_unavailable' from command line to 'False'
[1.327s] Level 5:colcon.colcon_core.verb:set package 'satellite_interfaces' build argument 'cmake_clean_cache' from command line to 'False'
[1.327s] Level 5:colcon.colcon_core.verb:set package 'satellite_interfaces' build argument 'cmake_clean_first' from command line to 'False'
[1.327s] Level 5:colcon.colcon_core.verb:set package 'satellite_interfaces' build argument 'cmake_force_configure' from command line to 'False'
[1.327s] Level 5:colcon.colcon_core.verb:set package 'satellite_interfaces' build argument 'ament_cmake_args' from command line to 'None'
[1.327s] Level 5:colcon.colcon_core.verb:set package 'satellite_interfaces' build argument 'catkin_cmake_args' from command line to 'None'
[1.327s] Level 5:colcon.colcon_core.verb:set package 'satellite_interfaces' build argument 'catkin_skip_building_tests' from command line to 'False'
[1.327s] DEBUG:colcon.colcon_core.verb:Building package 'satellite_interfaces' with the following arguments: {'ament_cmake_args': None, 'build_base': '/home/andrew/leto/build/satellite_interfaces', 'catkin_cmake_args': None, 'catkin_skip_building_tests': False, 'cmake_args': None, 'cmake_clean_cache': False, 'cmake_clean_first': False, 'cmake_force_configure': False, 'cmake_target': None, 'cmake_target_skip_unavailable': False, 'install_base': '/home/andrew/leto/install/satellite_interfaces', 'merge_install': False, 'path': '/home/andrew/leto/src/satellite_interfaces', 'symlink_install': False, 'test_result_base': None}
[1.336s] Level 5:colcon.colcon_core.verb:set package 'satellite_run' build argument 'cmake_args' from command line to 'None'
[1.336s] Level 5:colcon.colcon_core.verb:set package 'satellite_run' build argument 'cmake_target' from command line to 'None'
[1.336s] Level 5:colcon.colcon_core.verb:set package 'satellite_run' build argument 'cmake_target_skip_unavailable' from command line to 'False'
[1.336s] Level 5:colcon.colcon_core.verb:set package 'satellite_run' build argument 'cmake_clean_cache' from command line to 'False'
[1.336s] Level 5:colcon.colcon_core.verb:set package 'satellite_run' build argument 'cmake_clean_first' from command line to 'False'
[1.336s] Level 5:colcon.colcon_core.verb:set package 'satellite_run' build argument 'cmake_force_configure' from command line to 'False'
[1.336s] Level 5:colcon.colcon_core.verb:set package 'satellite_run' build argument 'ament_cmake_args' from command line to 'None'
[1.336s] Level 5:colcon.colcon_core.verb:set package 'satellite_run' build argument 'catkin_cmake_args' from command line to 'None'
[1.336s] Level 5:colcon.colcon_core.verb:set package 'satellite_run' build argument 'catkin_skip_building_tests' from command line to 'False'
[1.336s] DEBUG:colcon.colcon_core.verb:Building package 'satellite_run' with the following arguments: {'ament_cmake_args': None, 'build_base': '/home/andrew/leto/build/satellite_run', 'catkin_cmake_args': None, 'catkin_skip_building_tests': False, 'cmake_args': None, 'cmake_clean_cache': False, 'cmake_clean_first': False, 'cmake_force_configure': False, 'cmake_target': None, 'cmake_target_skip_unavailable': False, 'install_base': '/home/andrew/leto/install/satellite_run', 'merge_install': False, 'path': '/home/andrew/leto/src/satellite_run', 'symlink_install': False, 'test_result_base': None}
[1.344s] INFO:colcon.colcon_core.executor:Executing jobs using 'parallel' executor
[1.358s] DEBUG:colcon.colcon_parallel_executor.executor.parallel:run_until_complete
[1.358s] INFO:colcon.colcon_ros.task.ament_cmake.build:Building ROS package in '/home/andrew/leto/src/satellite_interfaces' with build type 'ament_cmake'
[1.358s] INFO:colcon.colcon_cmake.task.cmake.build:Building CMake package in '/home/andrew/leto/src/satellite_interfaces'
[1.376s] INFO:colcon.colcon_core.plugin_system:Skipping extension 'colcon_core.shell.bat': Not used on non-Windows systems
[1.376s] INFO:colcon.colcon_core.shell:Skip shell extension 'powershell' for command environment: Not usable outside of PowerShell
[1.377s] DEBUG:colcon.colcon_core.shell:Skip shell extension 'dsv' for command environment
[1.421s] INFO:colcon.colcon_ros.task.ament_python.build:Building ROS package in '/home/andrew/leto/src/satellite_run' with build type 'ament_python'
[1.422s] Level 1:colcon.colcon_core.shell:create_environment_hook('satellite_run', 'ament_prefix_path')
[1.431s] INFO:colcon.colcon_core.shell:Creating environment hook '/home/andrew/leto/install/satellite_run/share/satellite_run/hook/ament_prefix_path.ps1'
[1.443s] INFO:colcon.colcon_core.shell:Creating environment descriptor '/home/andrew/leto/install/satellite_run/share/satellite_run/hook/ament_prefix_path.dsv'
[1.447s] INFO:colcon.colcon_core.shell:Creating environment hook '/home/andrew/leto/install/satellite_run/share/satellite_run/hook/ament_prefix_path.sh'
[1.473s] INFO:colcon.colcon_core.shell:Skip shell extension 'powershell' for command environment: Not usable outside of PowerShell
[1.473s] DEBUG:colcon.colcon_core.shell:Skip shell extension 'dsv' for command environment
[1.527s] DEBUG:colcon.colcon_core.event_handler.log_command:Invoking command in '/home/andrew/leto/build/satellite_interfaces': CMAKE_PREFIX_PATH=/home/andrew/leto/install/satellite_run:/opt/ros/iron /usr/bin/cmake /home/andrew/leto/src/satellite_interfaces -DCMAKE_INSTALL_PREFIX=/home/andrew/leto/install/satellite_interfaces
[1.843s] INFO:colcon.colcon_core.task.python.build:Building Python package in '/home/andrew/leto/src/satellite_run'
[1.858s] INFO:colcon.colcon_core.shell:Skip shell extension 'powershell' for command environment: Not usable outside of PowerShell
[1.858s] DEBUG:colcon.colcon_core.shell:Skip shell extension 'dsv' for command environment
[2.422s] DEBUG:colcon.colcon_core.event_handler.log_command:Invoking command in '/home/andrew/leto/src/satellite_run': PYTHONPATH=/home/andrew/leto/build/satellite_run/prefix_override:/home/andrew/leto/install/satellite_run/lib/python3.10/site-packages:${PYTHONPATH} /usr/bin/python3 setup.py egg_info --egg-base ../../build/satellite_run build --build-base /home/andrew/leto/build/satellite_run/build install --record /home/andrew/leto/build/satellite_run/install.log --single-version-externally-managed
[2.489s] DEBUG:colcon.colcon_core.event_handler.log_command:Invoked command in '/home/andrew/leto/build/satellite_interfaces' returned '0': CMAKE_PREFIX_PATH=/home/andrew/leto/install/satellite_run:/opt/ros/iron /usr/bin/cmake /home/andrew/leto/src/satellite_interfaces -DCMAKE_INSTALL_PREFIX=/home/andrew/leto/install/satellite_interfaces
[2.490s] DEBUG:colcon.colcon_core.event_handler.log_command:Invoking command in '/home/andrew/leto/build/satellite_interfaces': CMAKE_PREFIX_PATH=/home/andrew/leto/install/satellite_run:/opt/ros/iron /usr/bin/cmake --build /home/andrew/leto/build/satellite_interfaces -- -j6 -l6
[2.549s] DEBUG:colcon.colcon_core.event_handler.log_command:Invoked command in '/home/andrew/leto/build/satellite_interfaces' returned '0': CMAKE_PREFIX_PATH=/home/andrew/leto/install/satellite_run:/opt/ros/iron /usr/bin/cmake --build /home/andrew/leto/build/satellite_interfaces -- -j6 -l6
[2.585s] DEBUG:colcon.colcon_core.event_handler.log_command:Invoking command in '/home/andrew/leto/build/satellite_interfaces': CMAKE_PREFIX_PATH=/home/andrew/leto/install/satellite_run:/opt/ros/iron /usr/bin/cmake --install /home/andrew/leto/build/satellite_interfaces
[2.601s] Level 1:colcon.colcon_core.environment:create_environment_scripts_only(satellite_interfaces)
[2.608s] DEBUG:colcon.colcon_core.event_handler.log_command:Invoked command in '/home/andrew/leto/build/satellite_interfaces' returned '0': CMAKE_PREFIX_PATH=/home/andrew/leto/install/satellite_run:/opt/ros/iron /usr/bin/cmake --install /home/andrew/leto/build/satellite_interfaces
[2.629s] Level 1:colcon.colcon_core.environment:checking '/home/andrew/leto/install/satellite_interfaces' for CMake module files
[2.630s] Level 1:colcon.colcon_core.environment:checking '/home/andrew/leto/install/satellite_interfaces' for CMake config files
[2.633s] Level 1:colcon.colcon_core.shell:create_environment_hook('satellite_interfaces', 'cmake_prefix_path')
[2.646s] INFO:colcon.colcon_core.shell:Creating environment hook '/home/andrew/leto/install/satellite_interfaces/share/satellite_interfaces/hook/cmake_prefix_path.ps1'
[2.647s] INFO:colcon.colcon_core.shell:Creating environment descriptor '/home/andrew/leto/install/satellite_interfaces/share/satellite_interfaces/hook/cmake_prefix_path.dsv'
[2.647s] INFO:colcon.colcon_core.shell:Creating environment hook '/home/andrew/leto/install/satellite_interfaces/share/satellite_interfaces/hook/cmake_prefix_path.sh'
[2.648s] Level 1:colcon.colcon_core.environment:checking '/home/andrew/leto/install/satellite_interfaces/bin'
[2.648s] Level 1:colcon.colcon_core.environment:checking '/home/andrew/leto/install/satellite_interfaces/lib/pkgconfig/satellite_interfaces.pc'
[2.648s] Level 1:colcon.colcon_core.environment:checking '/home/andrew/leto/install/satellite_interfaces/lib/python3.10/site-packages'
[2.648s] Level 1:colcon.colcon_core.environment:checking '/home/andrew/leto/install/satellite_interfaces/bin'
[2.666s] INFO:colcon.colcon_core.shell:Creating package script '/home/andrew/leto/install/satellite_interfaces/share/satellite_interfaces/package.ps1'
[2.668s] INFO:colcon.colcon_core.shell:Creating package descriptor '/home/andrew/leto/install/satellite_interfaces/share/satellite_interfaces/package.dsv'
[2.668s] INFO:colcon.colcon_core.shell:Creating package script '/home/andrew/leto/install/satellite_interfaces/share/satellite_interfaces/package.sh'
[2.669s] INFO:colcon.colcon_core.shell:Creating package script '/home/andrew/leto/install/satellite_interfaces/share/satellite_interfaces/package.bash'
[2.670s] INFO:colcon.colcon_core.shell:Creating package script '/home/andrew/leto/install/satellite_interfaces/share/satellite_interfaces/package.zsh'
[2.671s] Level 1:colcon.colcon_core.environment:create_file_with_runtime_dependencies(/home/andrew/leto/install/satellite_interfaces/share/colcon-core/packages/satellite_interfaces)
[2.716s] Level 1:colcon.colcon_core.environment:create_environment_scripts_only(satellite_interfaces)
[2.727s] Level 1:colcon.colcon_core.environment:checking '/home/andrew/leto/install/satellite_interfaces' for CMake module files
[2.728s] Level 1:colcon.colcon_core.environment:checking '/home/andrew/leto/install/satellite_interfaces' for CMake config files
[2.728s] Level 1:colcon.colcon_core.shell:create_environment_hook('satellite_interfaces', 'cmake_prefix_path')
[2.739s] INFO:colcon.colcon_core.shell:Creating environment hook '/home/andrew/leto/install/satellite_interfaces/share/satellite_interfaces/hook/cmake_prefix_path.ps1'
[2.740s] INFO:colcon.colcon_core.shell:Creating environment descriptor '/home/andrew/leto/install/satellite_interfaces/share/satellite_interfaces/hook/cmake_prefix_path.dsv'
[2.740s] INFO:colcon.colcon_core.shell:Creating environment hook '/home/andrew/leto/install/satellite_interfaces/share/satellite_interfaces/hook/cmake_prefix_path.sh'
[2.741s] Level 1:colcon.colcon_core.environment:checking '/home/andrew/leto/install/satellite_interfaces/bin'
[2.741s] Level 1:colcon.colcon_core.environment:checking '/home/andrew/leto/install/satellite_interfaces/lib/pkgconfig/satellite_interfaces.pc'
[2.741s] Level 1:colcon.colcon_core.environment:checking '/home/andrew/leto/install/satellite_interfaces/lib/python3.10/site-packages'
[2.741s] Level 1:colcon.colcon_core.environment:checking '/home/andrew/leto/install/satellite_interfaces/bin'
[2.751s] INFO:colcon.colcon_core.shell:Creating package script '/home/andrew/leto/install/satellite_interfaces/share/satellite_interfaces/package.ps1'
[2.751s] INFO:colcon.colcon_core.shell:Creating package descriptor '/home/andrew/leto/install/satellite_interfaces/share/satellite_interfaces/package.dsv'
[2.751s] INFO:colcon.colcon_core.shell:Creating package script '/home/andrew/leto/install/satellite_interfaces/share/satellite_interfaces/package.sh'
[2.752s] INFO:colcon.colcon_core.shell:Creating package script '/home/andrew/leto/install/satellite_interfaces/share/satellite_interfaces/package.bash'
[2.752s] INFO:colcon.colcon_core.shell:Creating package script '/home/andrew/leto/install/satellite_interfaces/share/satellite_interfaces/package.zsh'
[2.752s] Level 1:colcon.colcon_core.environment:create_file_with_runtime_dependencies(/home/andrew/leto/install/satellite_interfaces/share/colcon-core/packages/satellite_interfaces)
[2.754s] DEBUG:colcon.colcon_core.event_handler.log_command:Invoked command in '/home/andrew/leto/src/satellite_run' returned '0': PYTHONPATH=/home/andrew/leto/build/satellite_run/prefix_override:/home/andrew/leto/install/satellite_run/lib/python3.10/site-packages:${PYTHONPATH} /usr/bin/python3 setup.py egg_info --egg-base ../../build/satellite_run build --build-base /home/andrew/leto/build/satellite_run/build install --record /home/andrew/leto/build/satellite_run/install.log --single-version-externally-managed
[2.778s] Level 1:colcon.colcon_core.environment:checking '/home/andrew/leto/install/satellite_run' for CMake module files
[2.778s] Level 1:colcon.colcon_core.environment:checking '/home/andrew/leto/install/satellite_run' for CMake config files
[2.779s] Level 1:colcon.colcon_core.environment:checking '/home/andrew/leto/install/satellite_run/lib'
[2.779s] Level 1:colcon.colcon_core.environment:checking '/home/andrew/leto/install/satellite_run/bin'
[2.779s] Level 1:colcon.colcon_core.environment:checking '/home/andrew/leto/install/satellite_run/lib/pkgconfig/satellite_run.pc'
[2.779s] Level 1:colcon.colcon_core.environment:checking '/home/andrew/leto/install/satellite_run/lib/python3.10/site-packages'
[2.779s] Level 1:colcon.colcon_core.shell:create_environment_hook('satellite_run', 'pythonpath')
[2.801s] INFO:colcon.colcon_core.shell:Creating environment hook '/home/andrew/leto/install/satellite_run/share/satellite_run/hook/pythonpath.ps1'
[2.802s] INFO:colcon.colcon_core.shell:Creating environment descriptor '/home/andrew/leto/install/satellite_run/share/satellite_run/hook/pythonpath.dsv'
[2.803s] INFO:colcon.colcon_core.shell:Creating environment hook '/home/andrew/leto/install/satellite_run/share/satellite_run/hook/pythonpath.sh'
[2.804s] Level 1:colcon.colcon_core.environment:checking '/home/andrew/leto/install/satellite_run/bin'
[2.804s] Level 1:colcon.colcon_core.environment:create_environment_scripts_only(satellite_run)
[2.814s] INFO:colcon.colcon_core.shell:Creating package script '/home/andrew/leto/install/satellite_run/share/satellite_run/package.ps1'
[2.815s] INFO:colcon.colcon_core.shell:Creating package descriptor '/home/andrew/leto/install/satellite_run/share/satellite_run/package.dsv'
[2.816s] INFO:colcon.colcon_core.shell:Creating package script '/home/andrew/leto/install/satellite_run/share/satellite_run/package.sh'
[2.816s] INFO:colcon.colcon_core.shell:Creating package script '/home/andrew/leto/install/satellite_run/share/satellite_run/package.bash'
[2.817s] INFO:colcon.colcon_core.shell:Creating package script '/home/andrew/leto/install/satellite_run/share/satellite_run/package.zsh'
[2.817s] Level 1:colcon.colcon_core.environment:create_file_with_runtime_dependencies(/home/andrew/leto/install/satellite_run/share/colcon-core/packages/satellite_run)
[2.818s] DEBUG:colcon.colcon_parallel_executor.executor.parallel:closing loop
[2.818s] DEBUG:colcon.colcon_parallel_executor.executor.parallel:loop closed
[2.818s] DEBUG:colcon.colcon_parallel_executor.executor.parallel:run_until_complete finished with '0'
[2.819s] DEBUG:colcon.colcon_core.event_reactor:joining thread
[2.837s] INFO:colcon.colcon_core.plugin_system:Skipping extension 'colcon_notification.desktop_notification.terminal_notifier': Not used on non-Darwin systems
[2.837s] INFO:colcon.colcon_core.plugin_system:Skipping extension 'colcon_notification.desktop_notification.win32': Not used on non-Windows systems
[2.837s] INFO:colcon.colcon_notification.desktop_notification:Sending desktop notification using 'notify2'
[2.879s] DEBUG:colcon.colcon_core.event_reactor:joined thread
[2.893s] INFO:colcon.colcon_core.shell:Creating prefix script '/home/andrew/leto/install/local_setup.ps1'
[2.903s] INFO:colcon.colcon_core.shell:Creating prefix util module '/home/andrew/leto/install/_local_setup_util_ps1.py'
[2.905s] INFO:colcon.colcon_core.shell:Creating prefix chain script '/home/andrew/leto/install/setup.ps1'
[2.933s] INFO:colcon.colcon_core.shell:Creating prefix script '/home/andrew/leto/install/local_setup.sh'
[2.934s] INFO:colcon.colcon_core.shell:Creating prefix util module '/home/andrew/leto/install/_local_setup_util_sh.py'
[2.934s] INFO:colcon.colcon_core.shell:Creating prefix chain script '/home/andrew/leto/install/setup.sh'
[2.948s] INFO:colcon.colcon_core.shell:Creating prefix script '/home/andrew/leto/install/local_setup.bash'
[2.949s] INFO:colcon.colcon_core.shell:Creating prefix chain script '/home/andrew/leto/install/setup.bash'
[2.974s] INFO:colcon.colcon_core.shell:Creating prefix script '/home/andrew/leto/install/local_setup.zsh'
[2.975s] INFO:colcon.colcon_core.shell:Creating prefix chain script '/home/andrew/leto/install/setup.zsh'
